[2023-06-19T12:37:36.248+0000] {processor.py:157} INFO - Started process (PID=35) to work on /home/airflow/.local/lib/python3.7/site-packages/airflow/example_dags/example_complex.py
[2023-06-19T12:37:36.250+0000] {processor.py:826} INFO - Processing file /home/airflow/.local/lib/python3.7/site-packages/airflow/example_dags/example_complex.py for tasks to queue
[2023-06-19T12:37:36.251+0000] {logging_mixin.py:149} INFO - [2023-06-19T12:37:36.251+0000] {dagbag.py:541} INFO - Filling up the DagBag from /home/airflow/.local/lib/python3.7/site-packages/airflow/example_dags/example_complex.py
[2023-06-19T12:37:36.273+0000] {processor.py:836} INFO - DAG(s) dict_keys(['example_complex']) retrieved from /home/airflow/.local/lib/python3.7/site-packages/airflow/example_dags/example_complex.py
[2023-06-19T12:37:36.514+0000] {logging_mixin.py:149} INFO - [2023-06-19T12:37:36.513+0000] {manager.py:504} INFO - Created Permission View: can delete on DAG:example_complex
[2023-06-19T12:37:36.538+0000] {logging_mixin.py:149} INFO - [2023-06-19T12:37:36.538+0000] {manager.py:504} INFO - Created Permission View: can read on DAG:example_complex
[2023-06-19T12:37:36.548+0000] {logging_mixin.py:149} INFO - [2023-06-19T12:37:36.548+0000] {manager.py:504} INFO - Created Permission View: can edit on DAG:example_complex
[2023-06-19T12:37:36.569+0000] {logging_mixin.py:149} INFO - [2023-06-19T12:37:36.569+0000] {dag.py:2726} INFO - Sync 1 DAGs
[2023-06-19T12:37:36.586+0000] {logging_mixin.py:149} INFO - [2023-06-19T12:37:36.586+0000] {dag.py:2747} INFO - Creating ORM DAG for example_complex
[2023-06-19T12:37:36.599+0000] {logging_mixin.py:149} INFO - [2023-06-19T12:37:36.599+0000] {dag.py:3490} INFO - Setting next_dagrun for example_complex to None, run_after=None
[2023-06-19T12:37:36.643+0000] {processor.py:179} INFO - Processing /home/airflow/.local/lib/python3.7/site-packages/airflow/example_dags/example_complex.py took 0.401 seconds
[2023-06-19T12:38:07.466+0000] {processor.py:157} INFO - Started process (PID=92) to work on /home/airflow/.local/lib/python3.7/site-packages/airflow/example_dags/example_complex.py
[2023-06-19T12:38:07.470+0000] {processor.py:826} INFO - Processing file /home/airflow/.local/lib/python3.7/site-packages/airflow/example_dags/example_complex.py for tasks to queue
[2023-06-19T12:38:07.473+0000] {logging_mixin.py:149} INFO - [2023-06-19T12:38:07.473+0000] {dagbag.py:541} INFO - Filling up the DagBag from /home/airflow/.local/lib/python3.7/site-packages/airflow/example_dags/example_complex.py
[2023-06-19T12:38:07.508+0000] {processor.py:836} INFO - DAG(s) dict_keys(['example_complex']) retrieved from /home/airflow/.local/lib/python3.7/site-packages/airflow/example_dags/example_complex.py
[2023-06-19T12:38:07.578+0000] {logging_mixin.py:149} INFO - [2023-06-19T12:38:07.578+0000] {dag.py:2726} INFO - Sync 1 DAGs
[2023-06-19T12:38:07.629+0000] {logging_mixin.py:149} INFO - [2023-06-19T12:38:07.629+0000] {dag.py:3490} INFO - Setting next_dagrun for example_complex to None, run_after=None
[2023-06-19T12:38:07.670+0000] {processor.py:179} INFO - Processing /home/airflow/.local/lib/python3.7/site-packages/airflow/example_dags/example_complex.py took 0.212 seconds
[2023-06-19T12:38:38.139+0000] {processor.py:157} INFO - Started process (PID=149) to work on /home/airflow/.local/lib/python3.7/site-packages/airflow/example_dags/example_complex.py
[2023-06-19T12:38:38.140+0000] {processor.py:826} INFO - Processing file /home/airflow/.local/lib/python3.7/site-packages/airflow/example_dags/example_complex.py for tasks to queue
[2023-06-19T12:38:38.142+0000] {logging_mixin.py:149} INFO - [2023-06-19T12:38:38.141+0000] {dagbag.py:541} INFO - Filling up the DagBag from /home/airflow/.local/lib/python3.7/site-packages/airflow/example_dags/example_complex.py
[2023-06-19T12:38:38.152+0000] {processor.py:836} INFO - DAG(s) dict_keys(['example_complex']) retrieved from /home/airflow/.local/lib/python3.7/site-packages/airflow/example_dags/example_complex.py
[2023-06-19T12:38:38.181+0000] {logging_mixin.py:149} INFO - [2023-06-19T12:38:38.180+0000] {dag.py:2726} INFO - Sync 1 DAGs
[2023-06-19T12:38:38.198+0000] {logging_mixin.py:149} INFO - [2023-06-19T12:38:38.198+0000] {dag.py:3490} INFO - Setting next_dagrun for example_complex to None, run_after=None
[2023-06-19T12:38:38.210+0000] {processor.py:179} INFO - Processing /home/airflow/.local/lib/python3.7/site-packages/airflow/example_dags/example_complex.py took 0.076 seconds
[2023-06-19T12:39:08.509+0000] {processor.py:157} INFO - Started process (PID=205) to work on /home/airflow/.local/lib/python3.7/site-packages/airflow/example_dags/example_complex.py
[2023-06-19T12:39:08.511+0000] {processor.py:826} INFO - Processing file /home/airflow/.local/lib/python3.7/site-packages/airflow/example_dags/example_complex.py for tasks to queue
[2023-06-19T12:39:08.513+0000] {logging_mixin.py:149} INFO - [2023-06-19T12:39:08.512+0000] {dagbag.py:541} INFO - Filling up the DagBag from /home/airflow/.local/lib/python3.7/site-packages/airflow/example_dags/example_complex.py
[2023-06-19T12:39:08.526+0000] {processor.py:836} INFO - DAG(s) dict_keys(['example_complex']) retrieved from /home/airflow/.local/lib/python3.7/site-packages/airflow/example_dags/example_complex.py
[2023-06-19T12:39:08.589+0000] {logging_mixin.py:149} INFO - [2023-06-19T12:39:08.589+0000] {dag.py:2726} INFO - Sync 1 DAGs
[2023-06-19T12:39:08.620+0000] {logging_mixin.py:149} INFO - [2023-06-19T12:39:08.620+0000] {dag.py:3490} INFO - Setting next_dagrun for example_complex to None, run_after=None
[2023-06-19T12:39:08.638+0000] {processor.py:179} INFO - Processing /home/airflow/.local/lib/python3.7/site-packages/airflow/example_dags/example_complex.py took 0.134 seconds
[2023-06-19T12:39:39.106+0000] {processor.py:157} INFO - Started process (PID=262) to work on /home/airflow/.local/lib/python3.7/site-packages/airflow/example_dags/example_complex.py
[2023-06-19T12:39:39.109+0000] {processor.py:826} INFO - Processing file /home/airflow/.local/lib/python3.7/site-packages/airflow/example_dags/example_complex.py for tasks to queue
[2023-06-19T12:39:39.111+0000] {logging_mixin.py:149} INFO - [2023-06-19T12:39:39.110+0000] {dagbag.py:541} INFO - Filling up the DagBag from /home/airflow/.local/lib/python3.7/site-packages/airflow/example_dags/example_complex.py
[2023-06-19T12:39:39.131+0000] {processor.py:836} INFO - DAG(s) dict_keys(['example_complex']) retrieved from /home/airflow/.local/lib/python3.7/site-packages/airflow/example_dags/example_complex.py
[2023-06-19T12:39:39.192+0000] {logging_mixin.py:149} INFO - [2023-06-19T12:39:39.192+0000] {dag.py:2726} INFO - Sync 1 DAGs
[2023-06-19T12:39:39.218+0000] {logging_mixin.py:149} INFO - [2023-06-19T12:39:39.218+0000] {dag.py:3490} INFO - Setting next_dagrun for example_complex to None, run_after=None
[2023-06-19T12:39:39.265+0000] {processor.py:179} INFO - Processing /home/airflow/.local/lib/python3.7/site-packages/airflow/example_dags/example_complex.py took 0.177 seconds
