[2023-06-19T12:37:54.671+0000] {processor.py:157} INFO - Started process (PID=62) to work on /home/airflow/.local/lib/python3.7/site-packages/airflow/example_dags/example_params_trigger_ui.py
[2023-06-19T12:37:54.678+0000] {processor.py:826} INFO - Processing file /home/airflow/.local/lib/python3.7/site-packages/airflow/example_dags/example_params_trigger_ui.py for tasks to queue
[2023-06-19T12:37:54.681+0000] {logging_mixin.py:149} INFO - [2023-06-19T12:37:54.681+0000] {dagbag.py:541} INFO - Filling up the DagBag from /home/airflow/.local/lib/python3.7/site-packages/airflow/example_dags/example_params_trigger_ui.py
[2023-06-19T12:37:54.956+0000] {processor.py:836} INFO - DAG(s) dict_keys(['example_params_trigger_ui']) retrieved from /home/airflow/.local/lib/python3.7/site-packages/airflow/example_dags/example_params_trigger_ui.py
[2023-06-19T12:37:56.129+0000] {logging_mixin.py:149} INFO - [2023-06-19T12:37:56.119+0000] {manager.py:504} INFO - Created Permission View: can delete on DAG:example_params_trigger_ui
[2023-06-19T12:37:56.249+0000] {logging_mixin.py:149} INFO - [2023-06-19T12:37:56.248+0000] {manager.py:504} INFO - Created Permission View: can read on DAG:example_params_trigger_ui
[2023-06-19T12:37:56.265+0000] {logging_mixin.py:149} INFO - [2023-06-19T12:37:56.264+0000] {manager.py:504} INFO - Created Permission View: can edit on DAG:example_params_trigger_ui
[2023-06-19T12:37:56.319+0000] {logging_mixin.py:149} INFO - [2023-06-19T12:37:56.319+0000] {dag.py:2726} INFO - Sync 1 DAGs
[2023-06-19T12:37:56.528+0000] {logging_mixin.py:149} INFO - [2023-06-19T12:37:56.528+0000] {dag.py:2747} INFO - Creating ORM DAG for example_params_trigger_ui
[2023-06-19T12:37:56.563+0000] {logging_mixin.py:149} INFO - [2023-06-19T12:37:56.563+0000] {dag.py:3490} INFO - Setting next_dagrun for example_params_trigger_ui to None, run_after=None
[2023-06-19T12:37:56.730+0000] {processor.py:179} INFO - Processing /home/airflow/.local/lib/python3.7/site-packages/airflow/example_dags/example_params_trigger_ui.py took 2.068 seconds
[2023-06-19T12:38:27.202+0000] {processor.py:157} INFO - Started process (PID=119) to work on /home/airflow/.local/lib/python3.7/site-packages/airflow/example_dags/example_params_trigger_ui.py
[2023-06-19T12:38:27.215+0000] {processor.py:826} INFO - Processing file /home/airflow/.local/lib/python3.7/site-packages/airflow/example_dags/example_params_trigger_ui.py for tasks to queue
[2023-06-19T12:38:27.219+0000] {logging_mixin.py:149} INFO - [2023-06-19T12:38:27.219+0000] {dagbag.py:541} INFO - Filling up the DagBag from /home/airflow/.local/lib/python3.7/site-packages/airflow/example_dags/example_params_trigger_ui.py
[2023-06-19T12:38:27.275+0000] {processor.py:836} INFO - DAG(s) dict_keys(['example_params_trigger_ui']) retrieved from /home/airflow/.local/lib/python3.7/site-packages/airflow/example_dags/example_params_trigger_ui.py
[2023-06-19T12:38:27.337+0000] {logging_mixin.py:149} INFO - [2023-06-19T12:38:27.337+0000] {dag.py:2726} INFO - Sync 1 DAGs
[2023-06-19T12:38:27.359+0000] {logging_mixin.py:149} INFO - [2023-06-19T12:38:27.359+0000] {dag.py:3490} INFO - Setting next_dagrun for example_params_trigger_ui to None, run_after=None
[2023-06-19T12:38:27.370+0000] {processor.py:179} INFO - Processing /home/airflow/.local/lib/python3.7/site-packages/airflow/example_dags/example_params_trigger_ui.py took 0.181 seconds
[2023-06-19T12:38:58.015+0000] {processor.py:157} INFO - Started process (PID=182) to work on /home/airflow/.local/lib/python3.7/site-packages/airflow/example_dags/example_params_trigger_ui.py
[2023-06-19T12:38:58.018+0000] {processor.py:826} INFO - Processing file /home/airflow/.local/lib/python3.7/site-packages/airflow/example_dags/example_params_trigger_ui.py for tasks to queue
[2023-06-19T12:38:58.020+0000] {logging_mixin.py:149} INFO - [2023-06-19T12:38:58.020+0000] {dagbag.py:541} INFO - Filling up the DagBag from /home/airflow/.local/lib/python3.7/site-packages/airflow/example_dags/example_params_trigger_ui.py
[2023-06-19T12:38:58.075+0000] {processor.py:836} INFO - DAG(s) dict_keys(['example_params_trigger_ui']) retrieved from /home/airflow/.local/lib/python3.7/site-packages/airflow/example_dags/example_params_trigger_ui.py
[2023-06-19T12:38:58.141+0000] {logging_mixin.py:149} INFO - [2023-06-19T12:38:58.141+0000] {dag.py:2726} INFO - Sync 1 DAGs
[2023-06-19T12:38:58.167+0000] {logging_mixin.py:149} INFO - [2023-06-19T12:38:58.167+0000] {dag.py:3490} INFO - Setting next_dagrun for example_params_trigger_ui to None, run_after=None
[2023-06-19T12:38:58.178+0000] {processor.py:179} INFO - Processing /home/airflow/.local/lib/python3.7/site-packages/airflow/example_dags/example_params_trigger_ui.py took 0.168 seconds
[2023-06-19T12:39:28.271+0000] {processor.py:157} INFO - Started process (PID=239) to work on /home/airflow/.local/lib/python3.7/site-packages/airflow/example_dags/example_params_trigger_ui.py
[2023-06-19T12:39:28.274+0000] {processor.py:826} INFO - Processing file /home/airflow/.local/lib/python3.7/site-packages/airflow/example_dags/example_params_trigger_ui.py for tasks to queue
[2023-06-19T12:39:28.275+0000] {logging_mixin.py:149} INFO - [2023-06-19T12:39:28.275+0000] {dagbag.py:541} INFO - Filling up the DagBag from /home/airflow/.local/lib/python3.7/site-packages/airflow/example_dags/example_params_trigger_ui.py
[2023-06-19T12:39:28.312+0000] {processor.py:836} INFO - DAG(s) dict_keys(['example_params_trigger_ui']) retrieved from /home/airflow/.local/lib/python3.7/site-packages/airflow/example_dags/example_params_trigger_ui.py
[2023-06-19T12:39:28.372+0000] {logging_mixin.py:149} INFO - [2023-06-19T12:39:28.371+0000] {dag.py:2726} INFO - Sync 1 DAGs
[2023-06-19T12:39:28.394+0000] {logging_mixin.py:149} INFO - [2023-06-19T12:39:28.394+0000] {dag.py:3490} INFO - Setting next_dagrun for example_params_trigger_ui to None, run_after=None
[2023-06-19T12:39:28.407+0000] {processor.py:179} INFO - Processing /home/airflow/.local/lib/python3.7/site-packages/airflow/example_dags/example_params_trigger_ui.py took 0.144 seconds
[2023-06-19T12:39:58.640+0000] {processor.py:157} INFO - Started process (PID=296) to work on /home/airflow/.local/lib/python3.7/site-packages/airflow/example_dags/example_params_trigger_ui.py
[2023-06-19T12:39:58.641+0000] {processor.py:826} INFO - Processing file /home/airflow/.local/lib/python3.7/site-packages/airflow/example_dags/example_params_trigger_ui.py for tasks to queue
[2023-06-19T12:39:58.642+0000] {logging_mixin.py:149} INFO - [2023-06-19T12:39:58.642+0000] {dagbag.py:541} INFO - Filling up the DagBag from /home/airflow/.local/lib/python3.7/site-packages/airflow/example_dags/example_params_trigger_ui.py
[2023-06-19T12:39:58.661+0000] {processor.py:836} INFO - DAG(s) dict_keys(['example_params_trigger_ui']) retrieved from /home/airflow/.local/lib/python3.7/site-packages/airflow/example_dags/example_params_trigger_ui.py
[2023-06-19T12:39:58.740+0000] {logging_mixin.py:149} INFO - [2023-06-19T12:39:58.740+0000] {dag.py:2726} INFO - Sync 1 DAGs
[2023-06-19T12:39:58.756+0000] {logging_mixin.py:149} INFO - [2023-06-19T12:39:58.755+0000] {dag.py:3490} INFO - Setting next_dagrun for example_params_trigger_ui to None, run_after=None
[2023-06-19T12:39:58.767+0000] {processor.py:179} INFO - Processing /home/airflow/.local/lib/python3.7/site-packages/airflow/example_dags/example_params_trigger_ui.py took 0.130 seconds
