[2023-06-19T12:37:43.372+0000] {processor.py:157} INFO - Started process (PID=57) to work on /home/airflow/.local/lib/python3.7/site-packages/airflow/example_dags/example_branch_datetime_operator.py
[2023-06-19T12:37:43.400+0000] {processor.py:826} INFO - Processing file /home/airflow/.local/lib/python3.7/site-packages/airflow/example_dags/example_branch_datetime_operator.py for tasks to queue
[2023-06-19T12:37:43.427+0000] {logging_mixin.py:149} INFO - [2023-06-19T12:37:43.426+0000] {dagbag.py:541} INFO - Filling up the DagBag from /home/airflow/.local/lib/python3.7/site-packages/airflow/example_dags/example_branch_datetime_operator.py
[2023-06-19T12:37:43.513+0000] {processor.py:836} INFO - DAG(s) dict_keys(['example_branch_datetime_operator_3', 'example_branch_datetime_operator_2', 'example_branch_datetime_operator']) retrieved from /home/airflow/.local/lib/python3.7/site-packages/airflow/example_dags/example_branch_datetime_operator.py
[2023-06-19T12:37:44.007+0000] {logging_mixin.py:149} INFO - [2023-06-19T12:37:44.006+0000] {manager.py:504} INFO - Created Permission View: can delete on DAG:example_branch_datetime_operator_3
[2023-06-19T12:37:44.046+0000] {logging_mixin.py:149} INFO - [2023-06-19T12:37:44.046+0000] {manager.py:504} INFO - Created Permission View: can read on DAG:example_branch_datetime_operator_3
[2023-06-19T12:37:44.062+0000] {logging_mixin.py:149} INFO - [2023-06-19T12:37:44.062+0000] {manager.py:504} INFO - Created Permission View: can edit on DAG:example_branch_datetime_operator_3
[2023-06-19T12:37:44.271+0000] {logging_mixin.py:149} INFO - [2023-06-19T12:37:44.270+0000] {manager.py:504} INFO - Created Permission View: can delete on DAG:example_branch_datetime_operator_2
[2023-06-19T12:37:44.319+0000] {logging_mixin.py:149} INFO - [2023-06-19T12:37:44.319+0000] {manager.py:504} INFO - Created Permission View: can read on DAG:example_branch_datetime_operator_2
[2023-06-19T12:37:44.371+0000] {logging_mixin.py:149} INFO - [2023-06-19T12:37:44.370+0000] {manager.py:504} INFO - Created Permission View: can edit on DAG:example_branch_datetime_operator_2
[2023-06-19T12:37:44.403+0000] {logging_mixin.py:149} INFO - [2023-06-19T12:37:44.402+0000] {manager.py:504} INFO - Created Permission View: can delete on DAG:example_branch_datetime_operator
[2023-06-19T12:37:44.448+0000] {logging_mixin.py:149} INFO - [2023-06-19T12:37:44.447+0000] {manager.py:504} INFO - Created Permission View: can read on DAG:example_branch_datetime_operator
[2023-06-19T12:37:44.467+0000] {logging_mixin.py:149} INFO - [2023-06-19T12:37:44.467+0000] {manager.py:504} INFO - Created Permission View: can edit on DAG:example_branch_datetime_operator
[2023-06-19T12:37:44.568+0000] {logging_mixin.py:149} INFO - [2023-06-19T12:37:44.567+0000] {dag.py:2726} INFO - Sync 3 DAGs
[2023-06-19T12:37:45.109+0000] {logging_mixin.py:149} INFO - [2023-06-19T12:37:45.077+0000] {dag.py:2747} INFO - Creating ORM DAG for example_branch_datetime_operator_2
[2023-06-19T12:37:45.213+0000] {logging_mixin.py:149} INFO - [2023-06-19T12:37:45.207+0000] {dag.py:2747} INFO - Creating ORM DAG for example_branch_datetime_operator_3
[2023-06-19T12:37:45.226+0000] {logging_mixin.py:149} INFO - [2023-06-19T12:37:45.226+0000] {dag.py:2747} INFO - Creating ORM DAG for example_branch_datetime_operator
[2023-06-19T12:37:45.428+0000] {logging_mixin.py:149} INFO - [2023-06-19T12:37:45.428+0000] {dag.py:3490} INFO - Setting next_dagrun for example_branch_datetime_operator to 2023-06-18T00:00:00+00:00, run_after=2023-06-19T00:00:00+00:00
[2023-06-19T12:37:45.462+0000] {logging_mixin.py:149} INFO - [2023-06-19T12:37:45.462+0000] {dag.py:3490} INFO - Setting next_dagrun for example_branch_datetime_operator_2 to 2023-06-18T00:00:00+00:00, run_after=2023-06-19T00:00:00+00:00
[2023-06-19T12:37:45.474+0000] {logging_mixin.py:149} INFO - [2023-06-19T12:37:45.474+0000] {dag.py:3490} INFO - Setting next_dagrun for example_branch_datetime_operator_3 to 2023-06-18T00:00:00+00:00, run_after=2023-06-19T00:00:00+00:00
[2023-06-19T12:37:45.727+0000] {processor.py:179} INFO - Processing /home/airflow/.local/lib/python3.7/site-packages/airflow/example_dags/example_branch_datetime_operator.py took 2.360 seconds
[2023-06-19T12:38:16.765+0000] {processor.py:157} INFO - Started process (PID=113) to work on /home/airflow/.local/lib/python3.7/site-packages/airflow/example_dags/example_branch_datetime_operator.py
[2023-06-19T12:38:16.768+0000] {processor.py:826} INFO - Processing file /home/airflow/.local/lib/python3.7/site-packages/airflow/example_dags/example_branch_datetime_operator.py for tasks to queue
[2023-06-19T12:38:16.769+0000] {logging_mixin.py:149} INFO - [2023-06-19T12:38:16.769+0000] {dagbag.py:541} INFO - Filling up the DagBag from /home/airflow/.local/lib/python3.7/site-packages/airflow/example_dags/example_branch_datetime_operator.py
[2023-06-19T12:38:16.782+0000] {processor.py:836} INFO - DAG(s) dict_keys(['example_branch_datetime_operator', 'example_branch_datetime_operator_3', 'example_branch_datetime_operator_2']) retrieved from /home/airflow/.local/lib/python3.7/site-packages/airflow/example_dags/example_branch_datetime_operator.py
[2023-06-19T12:38:16.852+0000] {logging_mixin.py:149} INFO - [2023-06-19T12:38:16.852+0000] {dag.py:2726} INFO - Sync 3 DAGs
[2023-06-19T12:38:16.918+0000] {logging_mixin.py:149} INFO - [2023-06-19T12:38:16.918+0000] {dag.py:3490} INFO - Setting next_dagrun for example_branch_datetime_operator to 2023-06-18T00:00:00+00:00, run_after=2023-06-19T00:00:00+00:00
[2023-06-19T12:38:16.926+0000] {logging_mixin.py:149} INFO - [2023-06-19T12:38:16.926+0000] {dag.py:3490} INFO - Setting next_dagrun for example_branch_datetime_operator_2 to 2023-06-18T00:00:00+00:00, run_after=2023-06-19T00:00:00+00:00
[2023-06-19T12:38:16.933+0000] {logging_mixin.py:149} INFO - [2023-06-19T12:38:16.932+0000] {dag.py:3490} INFO - Setting next_dagrun for example_branch_datetime_operator_3 to 2023-06-18T00:00:00+00:00, run_after=2023-06-19T00:00:00+00:00
[2023-06-19T12:38:16.976+0000] {processor.py:179} INFO - Processing /home/airflow/.local/lib/python3.7/site-packages/airflow/example_dags/example_branch_datetime_operator.py took 0.216 seconds
[2023-06-19T12:38:47.085+0000] {processor.py:157} INFO - Started process (PID=170) to work on /home/airflow/.local/lib/python3.7/site-packages/airflow/example_dags/example_branch_datetime_operator.py
[2023-06-19T12:38:47.088+0000] {processor.py:826} INFO - Processing file /home/airflow/.local/lib/python3.7/site-packages/airflow/example_dags/example_branch_datetime_operator.py for tasks to queue
[2023-06-19T12:38:47.089+0000] {logging_mixin.py:149} INFO - [2023-06-19T12:38:47.089+0000] {dagbag.py:541} INFO - Filling up the DagBag from /home/airflow/.local/lib/python3.7/site-packages/airflow/example_dags/example_branch_datetime_operator.py
[2023-06-19T12:38:47.101+0000] {processor.py:836} INFO - DAG(s) dict_keys(['example_branch_datetime_operator_3', 'example_branch_datetime_operator_2', 'example_branch_datetime_operator']) retrieved from /home/airflow/.local/lib/python3.7/site-packages/airflow/example_dags/example_branch_datetime_operator.py
[2023-06-19T12:38:47.153+0000] {logging_mixin.py:149} INFO - [2023-06-19T12:38:47.153+0000] {dag.py:2726} INFO - Sync 3 DAGs
[2023-06-19T12:38:47.182+0000] {logging_mixin.py:149} INFO - [2023-06-19T12:38:47.182+0000] {dag.py:3490} INFO - Setting next_dagrun for example_branch_datetime_operator to 2023-06-18T00:00:00+00:00, run_after=2023-06-19T00:00:00+00:00
[2023-06-19T12:38:47.186+0000] {logging_mixin.py:149} INFO - [2023-06-19T12:38:47.186+0000] {dag.py:3490} INFO - Setting next_dagrun for example_branch_datetime_operator_2 to 2023-06-18T00:00:00+00:00, run_after=2023-06-19T00:00:00+00:00
[2023-06-19T12:38:47.188+0000] {logging_mixin.py:149} INFO - [2023-06-19T12:38:47.188+0000] {dag.py:3490} INFO - Setting next_dagrun for example_branch_datetime_operator_3 to 2023-06-18T00:00:00+00:00, run_after=2023-06-19T00:00:00+00:00
[2023-06-19T12:38:47.201+0000] {processor.py:179} INFO - Processing /home/airflow/.local/lib/python3.7/site-packages/airflow/example_dags/example_branch_datetime_operator.py took 0.122 seconds
[2023-06-19T12:39:18.113+0000] {processor.py:157} INFO - Started process (PID=226) to work on /home/airflow/.local/lib/python3.7/site-packages/airflow/example_dags/example_branch_datetime_operator.py
[2023-06-19T12:39:18.117+0000] {processor.py:826} INFO - Processing file /home/airflow/.local/lib/python3.7/site-packages/airflow/example_dags/example_branch_datetime_operator.py for tasks to queue
[2023-06-19T12:39:18.119+0000] {logging_mixin.py:149} INFO - [2023-06-19T12:39:18.119+0000] {dagbag.py:541} INFO - Filling up the DagBag from /home/airflow/.local/lib/python3.7/site-packages/airflow/example_dags/example_branch_datetime_operator.py
[2023-06-19T12:39:18.137+0000] {processor.py:836} INFO - DAG(s) dict_keys(['example_branch_datetime_operator', 'example_branch_datetime_operator_3', 'example_branch_datetime_operator_2']) retrieved from /home/airflow/.local/lib/python3.7/site-packages/airflow/example_dags/example_branch_datetime_operator.py
[2023-06-19T12:39:18.193+0000] {logging_mixin.py:149} INFO - [2023-06-19T12:39:18.193+0000] {dag.py:2726} INFO - Sync 3 DAGs
[2023-06-19T12:39:18.225+0000] {logging_mixin.py:149} INFO - [2023-06-19T12:39:18.225+0000] {dag.py:3490} INFO - Setting next_dagrun for example_branch_datetime_operator to 2023-06-18T00:00:00+00:00, run_after=2023-06-19T00:00:00+00:00
[2023-06-19T12:39:18.230+0000] {logging_mixin.py:149} INFO - [2023-06-19T12:39:18.230+0000] {dag.py:3490} INFO - Setting next_dagrun for example_branch_datetime_operator_2 to 2023-06-18T00:00:00+00:00, run_after=2023-06-19T00:00:00+00:00
[2023-06-19T12:39:18.232+0000] {logging_mixin.py:149} INFO - [2023-06-19T12:39:18.231+0000] {dag.py:3490} INFO - Setting next_dagrun for example_branch_datetime_operator_3 to 2023-06-18T00:00:00+00:00, run_after=2023-06-19T00:00:00+00:00
[2023-06-19T12:39:18.246+0000] {processor.py:179} INFO - Processing /home/airflow/.local/lib/python3.7/site-packages/airflow/example_dags/example_branch_datetime_operator.py took 0.138 seconds
[2023-06-19T12:39:48.776+0000] {processor.py:157} INFO - Started process (PID=283) to work on /home/airflow/.local/lib/python3.7/site-packages/airflow/example_dags/example_branch_datetime_operator.py
[2023-06-19T12:39:48.779+0000] {processor.py:826} INFO - Processing file /home/airflow/.local/lib/python3.7/site-packages/airflow/example_dags/example_branch_datetime_operator.py for tasks to queue
[2023-06-19T12:39:48.781+0000] {logging_mixin.py:149} INFO - [2023-06-19T12:39:48.780+0000] {dagbag.py:541} INFO - Filling up the DagBag from /home/airflow/.local/lib/python3.7/site-packages/airflow/example_dags/example_branch_datetime_operator.py
[2023-06-19T12:39:48.795+0000] {processor.py:836} INFO - DAG(s) dict_keys(['example_branch_datetime_operator', 'example_branch_datetime_operator_2', 'example_branch_datetime_operator_3']) retrieved from /home/airflow/.local/lib/python3.7/site-packages/airflow/example_dags/example_branch_datetime_operator.py
[2023-06-19T12:39:48.833+0000] {logging_mixin.py:149} INFO - [2023-06-19T12:39:48.833+0000] {dag.py:2726} INFO - Sync 3 DAGs
[2023-06-19T12:39:48.856+0000] {logging_mixin.py:149} INFO - [2023-06-19T12:39:48.856+0000] {dag.py:3490} INFO - Setting next_dagrun for example_branch_datetime_operator to 2023-06-18T00:00:00+00:00, run_after=2023-06-19T00:00:00+00:00
[2023-06-19T12:39:48.860+0000] {logging_mixin.py:149} INFO - [2023-06-19T12:39:48.860+0000] {dag.py:3490} INFO - Setting next_dagrun for example_branch_datetime_operator_2 to 2023-06-18T00:00:00+00:00, run_after=2023-06-19T00:00:00+00:00
[2023-06-19T12:39:48.863+0000] {logging_mixin.py:149} INFO - [2023-06-19T12:39:48.862+0000] {dag.py:3490} INFO - Setting next_dagrun for example_branch_datetime_operator_3 to 2023-06-18T00:00:00+00:00, run_after=2023-06-19T00:00:00+00:00
[2023-06-19T12:39:48.875+0000] {processor.py:179} INFO - Processing /home/airflow/.local/lib/python3.7/site-packages/airflow/example_dags/example_branch_datetime_operator.py took 0.106 seconds
