[2023-06-19T12:37:36.758+0000] {processor.py:157} INFO - Started process (PID=36) to work on /home/airflow/.local/lib/python3.7/site-packages/airflow/example_dags/example_dag_decorator.py
[2023-06-19T12:37:36.761+0000] {processor.py:826} INFO - Processing file /home/airflow/.local/lib/python3.7/site-packages/airflow/example_dags/example_dag_decorator.py for tasks to queue
[2023-06-19T12:37:36.769+0000] {logging_mixin.py:149} INFO - [2023-06-19T12:37:36.769+0000] {dagbag.py:541} INFO - Filling up the DagBag from /home/airflow/.local/lib/python3.7/site-packages/airflow/example_dags/example_dag_decorator.py
[2023-06-19T12:37:36.812+0000] {processor.py:836} INFO - DAG(s) dict_keys(['example_dag_decorator']) retrieved from /home/airflow/.local/lib/python3.7/site-packages/airflow/example_dags/example_dag_decorator.py
[2023-06-19T12:37:37.046+0000] {logging_mixin.py:149} INFO - [2023-06-19T12:37:37.045+0000] {manager.py:504} INFO - Created Permission View: can delete on DAG:example_dag_decorator
[2023-06-19T12:37:37.065+0000] {logging_mixin.py:149} INFO - [2023-06-19T12:37:37.065+0000] {manager.py:504} INFO - Created Permission View: can read on DAG:example_dag_decorator
[2023-06-19T12:37:37.073+0000] {logging_mixin.py:149} INFO - [2023-06-19T12:37:37.072+0000] {manager.py:504} INFO - Created Permission View: can edit on DAG:example_dag_decorator
[2023-06-19T12:37:37.106+0000] {logging_mixin.py:149} INFO - [2023-06-19T12:37:37.105+0000] {dag.py:2726} INFO - Sync 1 DAGs
[2023-06-19T12:37:37.129+0000] {logging_mixin.py:149} INFO - [2023-06-19T12:37:37.129+0000] {dag.py:2747} INFO - Creating ORM DAG for example_dag_decorator
[2023-06-19T12:37:37.143+0000] {logging_mixin.py:149} INFO - [2023-06-19T12:37:37.143+0000] {dag.py:3490} INFO - Setting next_dagrun for example_dag_decorator to None, run_after=None
[2023-06-19T12:37:37.172+0000] {processor.py:179} INFO - Processing /home/airflow/.local/lib/python3.7/site-packages/airflow/example_dags/example_dag_decorator.py took 0.419 seconds
[2023-06-19T12:38:07.724+0000] {processor.py:157} INFO - Started process (PID=93) to work on /home/airflow/.local/lib/python3.7/site-packages/airflow/example_dags/example_dag_decorator.py
[2023-06-19T12:38:07.727+0000] {processor.py:826} INFO - Processing file /home/airflow/.local/lib/python3.7/site-packages/airflow/example_dags/example_dag_decorator.py for tasks to queue
[2023-06-19T12:38:07.729+0000] {logging_mixin.py:149} INFO - [2023-06-19T12:38:07.729+0000] {dagbag.py:541} INFO - Filling up the DagBag from /home/airflow/.local/lib/python3.7/site-packages/airflow/example_dags/example_dag_decorator.py
[2023-06-19T12:38:07.762+0000] {processor.py:836} INFO - DAG(s) dict_keys(['example_dag_decorator']) retrieved from /home/airflow/.local/lib/python3.7/site-packages/airflow/example_dags/example_dag_decorator.py
[2023-06-19T12:38:07.915+0000] {logging_mixin.py:149} INFO - [2023-06-19T12:38:07.915+0000] {dag.py:2726} INFO - Sync 1 DAGs
[2023-06-19T12:38:07.935+0000] {logging_mixin.py:149} INFO - [2023-06-19T12:38:07.935+0000] {dag.py:3490} INFO - Setting next_dagrun for example_dag_decorator to None, run_after=None
[2023-06-19T12:38:07.950+0000] {processor.py:179} INFO - Processing /home/airflow/.local/lib/python3.7/site-packages/airflow/example_dags/example_dag_decorator.py took 0.233 seconds
[2023-06-19T12:38:38.228+0000] {processor.py:157} INFO - Started process (PID=150) to work on /home/airflow/.local/lib/python3.7/site-packages/airflow/example_dags/example_dag_decorator.py
[2023-06-19T12:38:38.229+0000] {processor.py:826} INFO - Processing file /home/airflow/.local/lib/python3.7/site-packages/airflow/example_dags/example_dag_decorator.py for tasks to queue
[2023-06-19T12:38:38.229+0000] {logging_mixin.py:149} INFO - [2023-06-19T12:38:38.229+0000] {dagbag.py:541} INFO - Filling up the DagBag from /home/airflow/.local/lib/python3.7/site-packages/airflow/example_dags/example_dag_decorator.py
[2023-06-19T12:38:38.242+0000] {processor.py:836} INFO - DAG(s) dict_keys(['example_dag_decorator']) retrieved from /home/airflow/.local/lib/python3.7/site-packages/airflow/example_dags/example_dag_decorator.py
[2023-06-19T12:38:38.365+0000] {logging_mixin.py:149} INFO - [2023-06-19T12:38:38.365+0000] {dag.py:2726} INFO - Sync 1 DAGs
[2023-06-19T12:38:38.378+0000] {logging_mixin.py:149} INFO - [2023-06-19T12:38:38.378+0000] {dag.py:3490} INFO - Setting next_dagrun for example_dag_decorator to None, run_after=None
[2023-06-19T12:38:38.390+0000] {processor.py:179} INFO - Processing /home/airflow/.local/lib/python3.7/site-packages/airflow/example_dags/example_dag_decorator.py took 0.165 seconds
[2023-06-19T12:39:08.666+0000] {processor.py:157} INFO - Started process (PID=206) to work on /home/airflow/.local/lib/python3.7/site-packages/airflow/example_dags/example_dag_decorator.py
[2023-06-19T12:39:08.669+0000] {processor.py:826} INFO - Processing file /home/airflow/.local/lib/python3.7/site-packages/airflow/example_dags/example_dag_decorator.py for tasks to queue
[2023-06-19T12:39:08.670+0000] {logging_mixin.py:149} INFO - [2023-06-19T12:39:08.670+0000] {dagbag.py:541} INFO - Filling up the DagBag from /home/airflow/.local/lib/python3.7/site-packages/airflow/example_dags/example_dag_decorator.py
[2023-06-19T12:39:08.692+0000] {processor.py:836} INFO - DAG(s) dict_keys(['example_dag_decorator']) retrieved from /home/airflow/.local/lib/python3.7/site-packages/airflow/example_dags/example_dag_decorator.py
[2023-06-19T12:39:08.797+0000] {logging_mixin.py:149} INFO - [2023-06-19T12:39:08.797+0000] {dag.py:2726} INFO - Sync 1 DAGs
[2023-06-19T12:39:08.815+0000] {logging_mixin.py:149} INFO - [2023-06-19T12:39:08.814+0000] {dag.py:3490} INFO - Setting next_dagrun for example_dag_decorator to None, run_after=None
[2023-06-19T12:39:08.828+0000] {processor.py:179} INFO - Processing /home/airflow/.local/lib/python3.7/site-packages/airflow/example_dags/example_dag_decorator.py took 0.170 seconds
[2023-06-19T12:39:39.292+0000] {processor.py:157} INFO - Started process (PID=263) to work on /home/airflow/.local/lib/python3.7/site-packages/airflow/example_dags/example_dag_decorator.py
[2023-06-19T12:39:39.293+0000] {processor.py:826} INFO - Processing file /home/airflow/.local/lib/python3.7/site-packages/airflow/example_dags/example_dag_decorator.py for tasks to queue
[2023-06-19T12:39:39.294+0000] {logging_mixin.py:149} INFO - [2023-06-19T12:39:39.294+0000] {dagbag.py:541} INFO - Filling up the DagBag from /home/airflow/.local/lib/python3.7/site-packages/airflow/example_dags/example_dag_decorator.py
[2023-06-19T12:39:39.310+0000] {processor.py:836} INFO - DAG(s) dict_keys(['example_dag_decorator']) retrieved from /home/airflow/.local/lib/python3.7/site-packages/airflow/example_dags/example_dag_decorator.py
[2023-06-19T12:39:39.412+0000] {logging_mixin.py:149} INFO - [2023-06-19T12:39:39.412+0000] {dag.py:2726} INFO - Sync 1 DAGs
[2023-06-19T12:39:39.431+0000] {logging_mixin.py:149} INFO - [2023-06-19T12:39:39.431+0000] {dag.py:3490} INFO - Setting next_dagrun for example_dag_decorator to None, run_after=None
[2023-06-19T12:39:39.446+0000] {processor.py:179} INFO - Processing /home/airflow/.local/lib/python3.7/site-packages/airflow/example_dags/example_dag_decorator.py took 0.158 seconds
