[2023-06-19T12:37:53.404+0000] {processor.py:157} INFO - Started process (PID=60) to work on /home/airflow/.local/lib/python3.7/site-packages/airflow/example_dags/example_short_circuit_decorator.py
[2023-06-19T12:37:53.408+0000] {processor.py:826} INFO - Processing file /home/airflow/.local/lib/python3.7/site-packages/airflow/example_dags/example_short_circuit_decorator.py for tasks to queue
[2023-06-19T12:37:53.414+0000] {logging_mixin.py:149} INFO - [2023-06-19T12:37:53.413+0000] {dagbag.py:541} INFO - Filling up the DagBag from /home/airflow/.local/lib/python3.7/site-packages/airflow/example_dags/example_short_circuit_decorator.py
[2023-06-19T12:37:53.486+0000] {processor.py:836} INFO - DAG(s) dict_keys(['example_short_circuit_decorator']) retrieved from /home/airflow/.local/lib/python3.7/site-packages/airflow/example_dags/example_short_circuit_decorator.py
[2023-06-19T12:37:53.999+0000] {logging_mixin.py:149} INFO - [2023-06-19T12:37:53.998+0000] {manager.py:504} INFO - Created Permission View: can delete on DAG:example_short_circuit_decorator
[2023-06-19T12:37:54.083+0000] {logging_mixin.py:149} INFO - [2023-06-19T12:37:54.082+0000] {manager.py:504} INFO - Created Permission View: can read on DAG:example_short_circuit_decorator
[2023-06-19T12:37:54.104+0000] {logging_mixin.py:149} INFO - [2023-06-19T12:37:54.102+0000] {manager.py:504} INFO - Created Permission View: can edit on DAG:example_short_circuit_decorator
[2023-06-19T12:37:54.173+0000] {logging_mixin.py:149} INFO - [2023-06-19T12:37:54.172+0000] {dag.py:2726} INFO - Sync 1 DAGs
[2023-06-19T12:37:54.221+0000] {logging_mixin.py:149} INFO - [2023-06-19T12:37:54.221+0000] {dag.py:2747} INFO - Creating ORM DAG for example_short_circuit_decorator
[2023-06-19T12:37:54.282+0000] {logging_mixin.py:149} INFO - [2023-06-19T12:37:54.282+0000] {dag.py:3490} INFO - Setting next_dagrun for example_short_circuit_decorator to 2023-06-18T12:37:54.277503+00:00, run_after=2023-06-19T12:37:54.277503+00:00
[2023-06-19T12:37:54.409+0000] {processor.py:179} INFO - Processing /home/airflow/.local/lib/python3.7/site-packages/airflow/example_dags/example_short_circuit_decorator.py took 1.025 seconds
[2023-06-19T12:38:25.054+0000] {processor.py:157} INFO - Started process (PID=117) to work on /home/airflow/.local/lib/python3.7/site-packages/airflow/example_dags/example_short_circuit_decorator.py
[2023-06-19T12:38:25.055+0000] {processor.py:826} INFO - Processing file /home/airflow/.local/lib/python3.7/site-packages/airflow/example_dags/example_short_circuit_decorator.py for tasks to queue
[2023-06-19T12:38:25.057+0000] {logging_mixin.py:149} INFO - [2023-06-19T12:38:25.057+0000] {dagbag.py:541} INFO - Filling up the DagBag from /home/airflow/.local/lib/python3.7/site-packages/airflow/example_dags/example_short_circuit_decorator.py
[2023-06-19T12:38:25.068+0000] {processor.py:836} INFO - DAG(s) dict_keys(['example_short_circuit_decorator']) retrieved from /home/airflow/.local/lib/python3.7/site-packages/airflow/example_dags/example_short_circuit_decorator.py
[2023-06-19T12:38:25.107+0000] {logging_mixin.py:149} INFO - [2023-06-19T12:38:25.107+0000] {dag.py:2726} INFO - Sync 1 DAGs
[2023-06-19T12:38:25.140+0000] {logging_mixin.py:149} INFO - [2023-06-19T12:38:25.139+0000] {dag.py:3490} INFO - Setting next_dagrun for example_short_circuit_decorator to 2023-06-18T12:38:25.138313+00:00, run_after=2023-06-19T12:38:25.138313+00:00
[2023-06-19T12:38:25.155+0000] {processor.py:179} INFO - Processing /home/airflow/.local/lib/python3.7/site-packages/airflow/example_dags/example_short_circuit_decorator.py took 0.108 seconds
[2023-06-19T12:38:55.938+0000] {processor.py:157} INFO - Started process (PID=174) to work on /home/airflow/.local/lib/python3.7/site-packages/airflow/example_dags/example_short_circuit_decorator.py
[2023-06-19T12:38:55.940+0000] {processor.py:826} INFO - Processing file /home/airflow/.local/lib/python3.7/site-packages/airflow/example_dags/example_short_circuit_decorator.py for tasks to queue
[2023-06-19T12:38:55.941+0000] {logging_mixin.py:149} INFO - [2023-06-19T12:38:55.941+0000] {dagbag.py:541} INFO - Filling up the DagBag from /home/airflow/.local/lib/python3.7/site-packages/airflow/example_dags/example_short_circuit_decorator.py
[2023-06-19T12:38:55.952+0000] {processor.py:836} INFO - DAG(s) dict_keys(['example_short_circuit_decorator']) retrieved from /home/airflow/.local/lib/python3.7/site-packages/airflow/example_dags/example_short_circuit_decorator.py
[2023-06-19T12:38:56.000+0000] {logging_mixin.py:149} INFO - [2023-06-19T12:38:56.000+0000] {dag.py:2726} INFO - Sync 1 DAGs
[2023-06-19T12:38:56.021+0000] {logging_mixin.py:149} INFO - [2023-06-19T12:38:56.020+0000] {dag.py:3490} INFO - Setting next_dagrun for example_short_circuit_decorator to 2023-06-18T12:38:56.020667+00:00, run_after=2023-06-19T12:38:56.020667+00:00
[2023-06-19T12:38:56.034+0000] {processor.py:179} INFO - Processing /home/airflow/.local/lib/python3.7/site-packages/airflow/example_dags/example_short_circuit_decorator.py took 0.099 seconds
[2023-06-19T12:39:27.032+0000] {processor.py:157} INFO - Started process (PID=230) to work on /home/airflow/.local/lib/python3.7/site-packages/airflow/example_dags/example_short_circuit_decorator.py
[2023-06-19T12:39:27.034+0000] {processor.py:826} INFO - Processing file /home/airflow/.local/lib/python3.7/site-packages/airflow/example_dags/example_short_circuit_decorator.py for tasks to queue
[2023-06-19T12:39:27.035+0000] {logging_mixin.py:149} INFO - [2023-06-19T12:39:27.035+0000] {dagbag.py:541} INFO - Filling up the DagBag from /home/airflow/.local/lib/python3.7/site-packages/airflow/example_dags/example_short_circuit_decorator.py
[2023-06-19T12:39:27.046+0000] {processor.py:836} INFO - DAG(s) dict_keys(['example_short_circuit_decorator']) retrieved from /home/airflow/.local/lib/python3.7/site-packages/airflow/example_dags/example_short_circuit_decorator.py
[2023-06-19T12:39:27.071+0000] {logging_mixin.py:149} INFO - [2023-06-19T12:39:27.070+0000] {dag.py:2726} INFO - Sync 1 DAGs
[2023-06-19T12:39:27.087+0000] {logging_mixin.py:149} INFO - [2023-06-19T12:39:27.087+0000] {dag.py:3490} INFO - Setting next_dagrun for example_short_circuit_decorator to 2023-06-18T12:39:27.087036+00:00, run_after=2023-06-19T12:39:27.087036+00:00
[2023-06-19T12:39:27.099+0000] {processor.py:179} INFO - Processing /home/airflow/.local/lib/python3.7/site-packages/airflow/example_dags/example_short_circuit_decorator.py took 0.074 seconds
[2023-06-19T12:39:58.451+0000] {processor.py:157} INFO - Started process (PID=294) to work on /home/airflow/.local/lib/python3.7/site-packages/airflow/example_dags/example_short_circuit_decorator.py
[2023-06-19T12:39:58.453+0000] {processor.py:826} INFO - Processing file /home/airflow/.local/lib/python3.7/site-packages/airflow/example_dags/example_short_circuit_decorator.py for tasks to queue
[2023-06-19T12:39:58.453+0000] {logging_mixin.py:149} INFO - [2023-06-19T12:39:58.453+0000] {dagbag.py:541} INFO - Filling up the DagBag from /home/airflow/.local/lib/python3.7/site-packages/airflow/example_dags/example_short_circuit_decorator.py
[2023-06-19T12:39:58.463+0000] {processor.py:836} INFO - DAG(s) dict_keys(['example_short_circuit_decorator']) retrieved from /home/airflow/.local/lib/python3.7/site-packages/airflow/example_dags/example_short_circuit_decorator.py
[2023-06-19T12:39:58.484+0000] {logging_mixin.py:149} INFO - [2023-06-19T12:39:58.484+0000] {dag.py:2726} INFO - Sync 1 DAGs
[2023-06-19T12:39:58.500+0000] {logging_mixin.py:149} INFO - [2023-06-19T12:39:58.500+0000] {dag.py:3490} INFO - Setting next_dagrun for example_short_circuit_decorator to 2023-06-18T12:39:58.499694+00:00, run_after=2023-06-19T12:39:58.499694+00:00
[2023-06-19T12:39:58.511+0000] {processor.py:179} INFO - Processing /home/airflow/.local/lib/python3.7/site-packages/airflow/example_dags/example_short_circuit_decorator.py took 0.062 seconds
