[2023-06-19T12:37:39.923+0000] {processor.py:157} INFO - Started process (PID=49) to work on /home/airflow/.local/lib/python3.7/site-packages/airflow/example_dags/example_sensors.py
[2023-06-19T12:37:39.925+0000] {processor.py:826} INFO - Processing file /home/airflow/.local/lib/python3.7/site-packages/airflow/example_dags/example_sensors.py for tasks to queue
[2023-06-19T12:37:39.927+0000] {logging_mixin.py:149} INFO - [2023-06-19T12:37:39.927+0000] {dagbag.py:541} INFO - Filling up the DagBag from /home/airflow/.local/lib/python3.7/site-packages/airflow/example_dags/example_sensors.py
[2023-06-19T12:37:39.946+0000] {processor.py:836} INFO - DAG(s) dict_keys(['example_sensors']) retrieved from /home/airflow/.local/lib/python3.7/site-packages/airflow/example_dags/example_sensors.py
[2023-06-19T12:37:40.115+0000] {logging_mixin.py:149} INFO - [2023-06-19T12:37:40.114+0000] {manager.py:504} INFO - Created Permission View: can delete on DAG:example_sensors
[2023-06-19T12:37:40.214+0000] {logging_mixin.py:149} INFO - [2023-06-19T12:37:40.214+0000] {manager.py:504} INFO - Created Permission View: can read on DAG:example_sensors
[2023-06-19T12:37:40.322+0000] {logging_mixin.py:149} INFO - [2023-06-19T12:37:40.322+0000] {manager.py:504} INFO - Created Permission View: can edit on DAG:example_sensors
[2023-06-19T12:37:40.462+0000] {logging_mixin.py:149} INFO - [2023-06-19T12:37:40.461+0000] {dag.py:2726} INFO - Sync 1 DAGs
[2023-06-19T12:37:40.522+0000] {logging_mixin.py:149} INFO - [2023-06-19T12:37:40.521+0000] {dag.py:2747} INFO - Creating ORM DAG for example_sensors
[2023-06-19T12:37:40.583+0000] {logging_mixin.py:149} INFO - [2023-06-19T12:37:40.582+0000] {dag.py:3490} INFO - Setting next_dagrun for example_sensors to None, run_after=None
[2023-06-19T12:37:40.643+0000] {processor.py:179} INFO - Processing /home/airflow/.local/lib/python3.7/site-packages/airflow/example_dags/example_sensors.py took 0.725 seconds
[2023-06-19T12:38:10.876+0000] {processor.py:157} INFO - Started process (PID=106) to work on /home/airflow/.local/lib/python3.7/site-packages/airflow/example_dags/example_sensors.py
[2023-06-19T12:38:10.878+0000] {processor.py:826} INFO - Processing file /home/airflow/.local/lib/python3.7/site-packages/airflow/example_dags/example_sensors.py for tasks to queue
[2023-06-19T12:38:10.879+0000] {logging_mixin.py:149} INFO - [2023-06-19T12:38:10.879+0000] {dagbag.py:541} INFO - Filling up the DagBag from /home/airflow/.local/lib/python3.7/site-packages/airflow/example_dags/example_sensors.py
[2023-06-19T12:38:10.890+0000] {processor.py:836} INFO - DAG(s) dict_keys(['example_sensors']) retrieved from /home/airflow/.local/lib/python3.7/site-packages/airflow/example_dags/example_sensors.py
[2023-06-19T12:38:10.919+0000] {logging_mixin.py:149} INFO - [2023-06-19T12:38:10.919+0000] {dag.py:2726} INFO - Sync 1 DAGs
[2023-06-19T12:38:10.938+0000] {logging_mixin.py:149} INFO - [2023-06-19T12:38:10.938+0000] {dag.py:3490} INFO - Setting next_dagrun for example_sensors to None, run_after=None
[2023-06-19T12:38:10.954+0000] {processor.py:179} INFO - Processing /home/airflow/.local/lib/python3.7/site-packages/airflow/example_dags/example_sensors.py took 0.082 seconds
[2023-06-19T12:38:41.063+0000] {processor.py:157} INFO - Started process (PID=163) to work on /home/airflow/.local/lib/python3.7/site-packages/airflow/example_dags/example_sensors.py
[2023-06-19T12:38:41.065+0000] {processor.py:826} INFO - Processing file /home/airflow/.local/lib/python3.7/site-packages/airflow/example_dags/example_sensors.py for tasks to queue
[2023-06-19T12:38:41.065+0000] {logging_mixin.py:149} INFO - [2023-06-19T12:38:41.065+0000] {dagbag.py:541} INFO - Filling up the DagBag from /home/airflow/.local/lib/python3.7/site-packages/airflow/example_dags/example_sensors.py
[2023-06-19T12:38:41.074+0000] {processor.py:836} INFO - DAG(s) dict_keys(['example_sensors']) retrieved from /home/airflow/.local/lib/python3.7/site-packages/airflow/example_dags/example_sensors.py
[2023-06-19T12:38:41.097+0000] {logging_mixin.py:149} INFO - [2023-06-19T12:38:41.097+0000] {dag.py:2726} INFO - Sync 1 DAGs
[2023-06-19T12:38:41.114+0000] {logging_mixin.py:149} INFO - [2023-06-19T12:38:41.114+0000] {dag.py:3490} INFO - Setting next_dagrun for example_sensors to None, run_after=None
[2023-06-19T12:38:41.126+0000] {processor.py:179} INFO - Processing /home/airflow/.local/lib/python3.7/site-packages/airflow/example_dags/example_sensors.py took 0.066 seconds
[2023-06-19T12:39:11.426+0000] {processor.py:157} INFO - Started process (PID=219) to work on /home/airflow/.local/lib/python3.7/site-packages/airflow/example_dags/example_sensors.py
[2023-06-19T12:39:11.427+0000] {processor.py:826} INFO - Processing file /home/airflow/.local/lib/python3.7/site-packages/airflow/example_dags/example_sensors.py for tasks to queue
[2023-06-19T12:39:11.428+0000] {logging_mixin.py:149} INFO - [2023-06-19T12:39:11.428+0000] {dagbag.py:541} INFO - Filling up the DagBag from /home/airflow/.local/lib/python3.7/site-packages/airflow/example_dags/example_sensors.py
[2023-06-19T12:39:11.436+0000] {processor.py:836} INFO - DAG(s) dict_keys(['example_sensors']) retrieved from /home/airflow/.local/lib/python3.7/site-packages/airflow/example_dags/example_sensors.py
[2023-06-19T12:39:11.458+0000] {logging_mixin.py:149} INFO - [2023-06-19T12:39:11.458+0000] {dag.py:2726} INFO - Sync 1 DAGs
[2023-06-19T12:39:11.474+0000] {logging_mixin.py:149} INFO - [2023-06-19T12:39:11.474+0000] {dag.py:3490} INFO - Setting next_dagrun for example_sensors to None, run_after=None
[2023-06-19T12:39:11.486+0000] {processor.py:179} INFO - Processing /home/airflow/.local/lib/python3.7/site-packages/airflow/example_dags/example_sensors.py took 0.064 seconds
[2023-06-19T12:39:42.146+0000] {processor.py:157} INFO - Started process (PID=276) to work on /home/airflow/.local/lib/python3.7/site-packages/airflow/example_dags/example_sensors.py
[2023-06-19T12:39:42.147+0000] {processor.py:826} INFO - Processing file /home/airflow/.local/lib/python3.7/site-packages/airflow/example_dags/example_sensors.py for tasks to queue
[2023-06-19T12:39:42.148+0000] {logging_mixin.py:149} INFO - [2023-06-19T12:39:42.148+0000] {dagbag.py:541} INFO - Filling up the DagBag from /home/airflow/.local/lib/python3.7/site-packages/airflow/example_dags/example_sensors.py
[2023-06-19T12:39:42.156+0000] {processor.py:836} INFO - DAG(s) dict_keys(['example_sensors']) retrieved from /home/airflow/.local/lib/python3.7/site-packages/airflow/example_dags/example_sensors.py
[2023-06-19T12:39:42.177+0000] {logging_mixin.py:149} INFO - [2023-06-19T12:39:42.177+0000] {dag.py:2726} INFO - Sync 1 DAGs
[2023-06-19T12:39:42.193+0000] {logging_mixin.py:149} INFO - [2023-06-19T12:39:42.193+0000] {dag.py:3490} INFO - Setting next_dagrun for example_sensors to None, run_after=None
[2023-06-19T12:39:42.206+0000] {processor.py:179} INFO - Processing /home/airflow/.local/lib/python3.7/site-packages/airflow/example_dags/example_sensors.py took 0.063 seconds
