[2023-06-19T12:37:55.995+0000] {processor.py:157} INFO - Started process (PID=70) to work on /home/airflow/.local/lib/python3.7/site-packages/airflow/example_dags/example_latest_only.py
[2023-06-19T12:37:55.999+0000] {processor.py:826} INFO - Processing file /home/airflow/.local/lib/python3.7/site-packages/airflow/example_dags/example_latest_only.py for tasks to queue
[2023-06-19T12:37:56.004+0000] {logging_mixin.py:149} INFO - [2023-06-19T12:37:56.003+0000] {dagbag.py:541} INFO - Filling up the DagBag from /home/airflow/.local/lib/python3.7/site-packages/airflow/example_dags/example_latest_only.py
[2023-06-19T12:37:56.053+0000] {processor.py:836} INFO - DAG(s) dict_keys(['latest_only']) retrieved from /home/airflow/.local/lib/python3.7/site-packages/airflow/example_dags/example_latest_only.py
[2023-06-19T12:37:56.646+0000] {logging_mixin.py:149} INFO - [2023-06-19T12:37:56.629+0000] {manager.py:504} INFO - Created Permission View: can delete on DAG:latest_only
[2023-06-19T12:37:56.725+0000] {logging_mixin.py:149} INFO - [2023-06-19T12:37:56.724+0000] {manager.py:504} INFO - Created Permission View: can read on DAG:latest_only
[2023-06-19T12:37:56.739+0000] {logging_mixin.py:149} INFO - [2023-06-19T12:37:56.739+0000] {manager.py:504} INFO - Created Permission View: can edit on DAG:latest_only
[2023-06-19T12:37:56.806+0000] {logging_mixin.py:149} INFO - [2023-06-19T12:37:56.805+0000] {dag.py:2726} INFO - Sync 1 DAGs
[2023-06-19T12:37:56.851+0000] {logging_mixin.py:149} INFO - [2023-06-19T12:37:56.851+0000] {dag.py:2747} INFO - Creating ORM DAG for latest_only
[2023-06-19T12:37:56.911+0000] {logging_mixin.py:149} INFO - [2023-06-19T12:37:56.910+0000] {dag.py:3490} INFO - Setting next_dagrun for latest_only to 2023-06-19T08:37:56.906003+00:00, run_after=2023-06-19T12:37:56.906003+00:00
[2023-06-19T12:37:57.058+0000] {processor.py:179} INFO - Processing /home/airflow/.local/lib/python3.7/site-packages/airflow/example_dags/example_latest_only.py took 1.086 seconds
[2023-06-19T12:38:27.240+0000] {processor.py:157} INFO - Started process (PID=120) to work on /home/airflow/.local/lib/python3.7/site-packages/airflow/example_dags/example_latest_only.py
[2023-06-19T12:38:27.241+0000] {processor.py:826} INFO - Processing file /home/airflow/.local/lib/python3.7/site-packages/airflow/example_dags/example_latest_only.py for tasks to queue
[2023-06-19T12:38:27.243+0000] {logging_mixin.py:149} INFO - [2023-06-19T12:38:27.242+0000] {dagbag.py:541} INFO - Filling up the DagBag from /home/airflow/.local/lib/python3.7/site-packages/airflow/example_dags/example_latest_only.py
[2023-06-19T12:38:27.258+0000] {processor.py:836} INFO - DAG(s) dict_keys(['latest_only']) retrieved from /home/airflow/.local/lib/python3.7/site-packages/airflow/example_dags/example_latest_only.py
[2023-06-19T12:38:27.297+0000] {logging_mixin.py:149} INFO - [2023-06-19T12:38:27.297+0000] {dag.py:2726} INFO - Sync 1 DAGs
[2023-06-19T12:38:27.322+0000] {logging_mixin.py:149} INFO - [2023-06-19T12:38:27.322+0000] {dag.py:3490} INFO - Setting next_dagrun for latest_only to 2023-06-19T08:38:27.321755+00:00, run_after=2023-06-19T12:38:27.321755+00:00
[2023-06-19T12:38:27.338+0000] {processor.py:179} INFO - Processing /home/airflow/.local/lib/python3.7/site-packages/airflow/example_dags/example_latest_only.py took 0.104 seconds
[2023-06-19T12:38:58.020+0000] {processor.py:157} INFO - Started process (PID=183) to work on /home/airflow/.local/lib/python3.7/site-packages/airflow/example_dags/example_latest_only.py
[2023-06-19T12:38:58.022+0000] {processor.py:826} INFO - Processing file /home/airflow/.local/lib/python3.7/site-packages/airflow/example_dags/example_latest_only.py for tasks to queue
[2023-06-19T12:38:58.026+0000] {logging_mixin.py:149} INFO - [2023-06-19T12:38:58.026+0000] {dagbag.py:541} INFO - Filling up the DagBag from /home/airflow/.local/lib/python3.7/site-packages/airflow/example_dags/example_latest_only.py
[2023-06-19T12:38:58.051+0000] {processor.py:836} INFO - DAG(s) dict_keys(['latest_only']) retrieved from /home/airflow/.local/lib/python3.7/site-packages/airflow/example_dags/example_latest_only.py
[2023-06-19T12:38:58.091+0000] {logging_mixin.py:149} INFO - [2023-06-19T12:38:58.091+0000] {dag.py:2726} INFO - Sync 1 DAGs
[2023-06-19T12:38:58.128+0000] {logging_mixin.py:149} INFO - [2023-06-19T12:38:58.127+0000] {dag.py:3490} INFO - Setting next_dagrun for latest_only to 2023-06-19T08:38:58.127391+00:00, run_after=2023-06-19T12:38:58.127391+00:00
[2023-06-19T12:38:58.149+0000] {processor.py:179} INFO - Processing /home/airflow/.local/lib/python3.7/site-packages/airflow/example_dags/example_latest_only.py took 0.135 seconds
[2023-06-19T12:39:28.273+0000] {processor.py:157} INFO - Started process (PID=240) to work on /home/airflow/.local/lib/python3.7/site-packages/airflow/example_dags/example_latest_only.py
[2023-06-19T12:39:28.275+0000] {processor.py:826} INFO - Processing file /home/airflow/.local/lib/python3.7/site-packages/airflow/example_dags/example_latest_only.py for tasks to queue
[2023-06-19T12:39:28.276+0000] {logging_mixin.py:149} INFO - [2023-06-19T12:39:28.276+0000] {dagbag.py:541} INFO - Filling up the DagBag from /home/airflow/.local/lib/python3.7/site-packages/airflow/example_dags/example_latest_only.py
[2023-06-19T12:39:28.283+0000] {processor.py:836} INFO - DAG(s) dict_keys(['latest_only']) retrieved from /home/airflow/.local/lib/python3.7/site-packages/airflow/example_dags/example_latest_only.py
[2023-06-19T12:39:28.322+0000] {logging_mixin.py:149} INFO - [2023-06-19T12:39:28.322+0000] {dag.py:2726} INFO - Sync 1 DAGs
[2023-06-19T12:39:28.343+0000] {logging_mixin.py:149} INFO - [2023-06-19T12:39:28.343+0000] {dag.py:3490} INFO - Setting next_dagrun for latest_only to 2023-06-19T08:39:28.343269+00:00, run_after=2023-06-19T12:39:28.343269+00:00
[2023-06-19T12:39:28.357+0000] {processor.py:179} INFO - Processing /home/airflow/.local/lib/python3.7/site-packages/airflow/example_dags/example_latest_only.py took 0.089 seconds
[2023-06-19T12:39:58.645+0000] {processor.py:157} INFO - Started process (PID=297) to work on /home/airflow/.local/lib/python3.7/site-packages/airflow/example_dags/example_latest_only.py
[2023-06-19T12:39:58.646+0000] {processor.py:826} INFO - Processing file /home/airflow/.local/lib/python3.7/site-packages/airflow/example_dags/example_latest_only.py for tasks to queue
[2023-06-19T12:39:58.647+0000] {logging_mixin.py:149} INFO - [2023-06-19T12:39:58.647+0000] {dagbag.py:541} INFO - Filling up the DagBag from /home/airflow/.local/lib/python3.7/site-packages/airflow/example_dags/example_latest_only.py
[2023-06-19T12:39:58.652+0000] {processor.py:836} INFO - DAG(s) dict_keys(['latest_only']) retrieved from /home/airflow/.local/lib/python3.7/site-packages/airflow/example_dags/example_latest_only.py
[2023-06-19T12:39:58.693+0000] {logging_mixin.py:149} INFO - [2023-06-19T12:39:58.693+0000] {dag.py:2726} INFO - Sync 1 DAGs
[2023-06-19T12:39:58.717+0000] {logging_mixin.py:149} INFO - [2023-06-19T12:39:58.717+0000] {dag.py:3490} INFO - Setting next_dagrun for latest_only to 2023-06-19T08:39:58.717342+00:00, run_after=2023-06-19T12:39:58.717342+00:00
[2023-06-19T12:39:58.729+0000] {processor.py:179} INFO - Processing /home/airflow/.local/lib/python3.7/site-packages/airflow/example_dags/example_latest_only.py took 0.087 seconds
