[2023-06-19T12:38:00.920+0000] {processor.py:157} INFO - Started process (PID=79) to work on /home/airflow/.local/lib/python3.7/site-packages/airflow/example_dags/example_bash_operator.py
[2023-06-19T12:38:00.923+0000] {processor.py:826} INFO - Processing file /home/airflow/.local/lib/python3.7/site-packages/airflow/example_dags/example_bash_operator.py for tasks to queue
[2023-06-19T12:38:00.924+0000] {logging_mixin.py:149} INFO - [2023-06-19T12:38:00.924+0000] {dagbag.py:541} INFO - Filling up the DagBag from /home/airflow/.local/lib/python3.7/site-packages/airflow/example_dags/example_bash_operator.py
[2023-06-19T12:38:00.959+0000] {processor.py:836} INFO - DAG(s) dict_keys(['example_bash_operator']) retrieved from /home/airflow/.local/lib/python3.7/site-packages/airflow/example_dags/example_bash_operator.py
[2023-06-19T12:38:01.468+0000] {logging_mixin.py:149} INFO - [2023-06-19T12:38:01.467+0000] {manager.py:504} INFO - Created Permission View: can delete on DAG:example_bash_operator
[2023-06-19T12:38:01.531+0000] {logging_mixin.py:149} INFO - [2023-06-19T12:38:01.531+0000] {manager.py:504} INFO - Created Permission View: can read on DAG:example_bash_operator
[2023-06-19T12:38:01.544+0000] {logging_mixin.py:149} INFO - [2023-06-19T12:38:01.544+0000] {manager.py:504} INFO - Created Permission View: can edit on DAG:example_bash_operator
[2023-06-19T12:38:01.620+0000] {logging_mixin.py:149} INFO - [2023-06-19T12:38:01.619+0000] {dag.py:2726} INFO - Sync 1 DAGs
[2023-06-19T12:38:01.684+0000] {logging_mixin.py:149} INFO - [2023-06-19T12:38:01.683+0000] {dag.py:2747} INFO - Creating ORM DAG for example_bash_operator
[2023-06-19T12:38:01.709+0000] {logging_mixin.py:149} INFO - [2023-06-19T12:38:01.709+0000] {dag.py:3490} INFO - Setting next_dagrun for example_bash_operator to 2023-06-18T00:00:00+00:00, run_after=2023-06-19T00:00:00+00:00
[2023-06-19T12:38:01.738+0000] {processor.py:179} INFO - Processing /home/airflow/.local/lib/python3.7/site-packages/airflow/example_dags/example_bash_operator.py took 0.828 seconds
[2023-06-19T12:38:32.159+0000] {processor.py:157} INFO - Started process (PID=136) to work on /home/airflow/.local/lib/python3.7/site-packages/airflow/example_dags/example_bash_operator.py
[2023-06-19T12:38:32.163+0000] {processor.py:826} INFO - Processing file /home/airflow/.local/lib/python3.7/site-packages/airflow/example_dags/example_bash_operator.py for tasks to queue
[2023-06-19T12:38:32.165+0000] {logging_mixin.py:149} INFO - [2023-06-19T12:38:32.165+0000] {dagbag.py:541} INFO - Filling up the DagBag from /home/airflow/.local/lib/python3.7/site-packages/airflow/example_dags/example_bash_operator.py
[2023-06-19T12:38:32.189+0000] {processor.py:836} INFO - DAG(s) dict_keys(['example_bash_operator']) retrieved from /home/airflow/.local/lib/python3.7/site-packages/airflow/example_dags/example_bash_operator.py
[2023-06-19T12:38:32.288+0000] {logging_mixin.py:149} INFO - [2023-06-19T12:38:32.288+0000] {dag.py:2726} INFO - Sync 1 DAGs
[2023-06-19T12:38:32.353+0000] {logging_mixin.py:149} INFO - [2023-06-19T12:38:32.353+0000] {dag.py:3490} INFO - Setting next_dagrun for example_bash_operator to 2023-06-18T00:00:00+00:00, run_after=2023-06-19T00:00:00+00:00
[2023-06-19T12:38:32.470+0000] {processor.py:179} INFO - Processing /home/airflow/.local/lib/python3.7/site-packages/airflow/example_dags/example_bash_operator.py took 0.316 seconds
[2023-06-19T12:39:02.633+0000] {processor.py:157} INFO - Started process (PID=192) to work on /home/airflow/.local/lib/python3.7/site-packages/airflow/example_dags/example_bash_operator.py
[2023-06-19T12:39:02.635+0000] {processor.py:826} INFO - Processing file /home/airflow/.local/lib/python3.7/site-packages/airflow/example_dags/example_bash_operator.py for tasks to queue
[2023-06-19T12:39:02.636+0000] {logging_mixin.py:149} INFO - [2023-06-19T12:39:02.636+0000] {dagbag.py:541} INFO - Filling up the DagBag from /home/airflow/.local/lib/python3.7/site-packages/airflow/example_dags/example_bash_operator.py
[2023-06-19T12:39:02.659+0000] {processor.py:836} INFO - DAG(s) dict_keys(['example_bash_operator']) retrieved from /home/airflow/.local/lib/python3.7/site-packages/airflow/example_dags/example_bash_operator.py
[2023-06-19T12:39:02.694+0000] {logging_mixin.py:149} INFO - [2023-06-19T12:39:02.693+0000] {dag.py:2726} INFO - Sync 1 DAGs
[2023-06-19T12:39:02.716+0000] {logging_mixin.py:149} INFO - [2023-06-19T12:39:02.716+0000] {dag.py:3490} INFO - Setting next_dagrun for example_bash_operator to 2023-06-18T00:00:00+00:00, run_after=2023-06-19T00:00:00+00:00
[2023-06-19T12:39:02.729+0000] {processor.py:179} INFO - Processing /home/airflow/.local/lib/python3.7/site-packages/airflow/example_dags/example_bash_operator.py took 0.102 seconds
[2023-06-19T12:39:32.901+0000] {processor.py:157} INFO - Started process (PID=249) to work on /home/airflow/.local/lib/python3.7/site-packages/airflow/example_dags/example_bash_operator.py
[2023-06-19T12:39:32.903+0000] {processor.py:826} INFO - Processing file /home/airflow/.local/lib/python3.7/site-packages/airflow/example_dags/example_bash_operator.py for tasks to queue
[2023-06-19T12:39:32.905+0000] {logging_mixin.py:149} INFO - [2023-06-19T12:39:32.905+0000] {dagbag.py:541} INFO - Filling up the DagBag from /home/airflow/.local/lib/python3.7/site-packages/airflow/example_dags/example_bash_operator.py
[2023-06-19T12:39:32.943+0000] {processor.py:836} INFO - DAG(s) dict_keys(['example_bash_operator']) retrieved from /home/airflow/.local/lib/python3.7/site-packages/airflow/example_dags/example_bash_operator.py
[2023-06-19T12:39:32.977+0000] {logging_mixin.py:149} INFO - [2023-06-19T12:39:32.977+0000] {dag.py:2726} INFO - Sync 1 DAGs
[2023-06-19T12:39:33.014+0000] {logging_mixin.py:149} INFO - [2023-06-19T12:39:33.013+0000] {dag.py:3490} INFO - Setting next_dagrun for example_bash_operator to 2023-06-18T00:00:00+00:00, run_after=2023-06-19T00:00:00+00:00
[2023-06-19T12:39:33.030+0000] {processor.py:179} INFO - Processing /home/airflow/.local/lib/python3.7/site-packages/airflow/example_dags/example_bash_operator.py took 0.139 seconds
[2023-06-19T12:40:03.171+0000] {processor.py:157} INFO - Started process (PID=306) to work on /home/airflow/.local/lib/python3.7/site-packages/airflow/example_dags/example_bash_operator.py
[2023-06-19T12:40:03.173+0000] {processor.py:826} INFO - Processing file /home/airflow/.local/lib/python3.7/site-packages/airflow/example_dags/example_bash_operator.py for tasks to queue
[2023-06-19T12:40:03.175+0000] {logging_mixin.py:149} INFO - [2023-06-19T12:40:03.175+0000] {dagbag.py:541} INFO - Filling up the DagBag from /home/airflow/.local/lib/python3.7/site-packages/airflow/example_dags/example_bash_operator.py
[2023-06-19T12:40:03.196+0000] {processor.py:836} INFO - DAG(s) dict_keys(['example_bash_operator']) retrieved from /home/airflow/.local/lib/python3.7/site-packages/airflow/example_dags/example_bash_operator.py
[2023-06-19T12:40:03.231+0000] {logging_mixin.py:149} INFO - [2023-06-19T12:40:03.231+0000] {dag.py:2726} INFO - Sync 1 DAGs
[2023-06-19T12:40:03.253+0000] {logging_mixin.py:149} INFO - [2023-06-19T12:40:03.253+0000] {dag.py:3490} INFO - Setting next_dagrun for example_bash_operator to 2023-06-18T00:00:00+00:00, run_after=2023-06-19T00:00:00+00:00
[2023-06-19T12:40:03.266+0000] {processor.py:179} INFO - Processing /home/airflow/.local/lib/python3.7/site-packages/airflow/example_dags/example_bash_operator.py took 0.102 seconds
