[2023-06-19T12:37:39.362+0000] {processor.py:157} INFO - Started process (PID=47) to work on /home/airflow/.local/lib/python3.7/site-packages/airflow/example_dags/example_time_delta_sensor_async.py
[2023-06-19T12:37:39.364+0000] {processor.py:826} INFO - Processing file /home/airflow/.local/lib/python3.7/site-packages/airflow/example_dags/example_time_delta_sensor_async.py for tasks to queue
[2023-06-19T12:37:39.365+0000] {logging_mixin.py:149} INFO - [2023-06-19T12:37:39.365+0000] {dagbag.py:541} INFO - Filling up the DagBag from /home/airflow/.local/lib/python3.7/site-packages/airflow/example_dags/example_time_delta_sensor_async.py
[2023-06-19T12:37:39.379+0000] {processor.py:836} INFO - DAG(s) dict_keys(['example_time_delta_sensor_async']) retrieved from /home/airflow/.local/lib/python3.7/site-packages/airflow/example_dags/example_time_delta_sensor_async.py
[2023-06-19T12:37:39.643+0000] {logging_mixin.py:149} INFO - [2023-06-19T12:37:39.643+0000] {manager.py:504} INFO - Created Permission View: can delete on DAG:example_time_delta_sensor_async
[2023-06-19T12:37:39.659+0000] {logging_mixin.py:149} INFO - [2023-06-19T12:37:39.659+0000] {manager.py:504} INFO - Created Permission View: can read on DAG:example_time_delta_sensor_async
[2023-06-19T12:37:39.667+0000] {logging_mixin.py:149} INFO - [2023-06-19T12:37:39.667+0000] {manager.py:504} INFO - Created Permission View: can edit on DAG:example_time_delta_sensor_async
[2023-06-19T12:37:39.709+0000] {logging_mixin.py:149} INFO - [2023-06-19T12:37:39.708+0000] {dag.py:2726} INFO - Sync 1 DAGs
[2023-06-19T12:37:39.733+0000] {logging_mixin.py:149} INFO - [2023-06-19T12:37:39.732+0000] {dag.py:2747} INFO - Creating ORM DAG for example_time_delta_sensor_async
[2023-06-19T12:37:39.750+0000] {logging_mixin.py:149} INFO - [2023-06-19T12:37:39.749+0000] {dag.py:3490} INFO - Setting next_dagrun for example_time_delta_sensor_async to None, run_after=None
[2023-06-19T12:37:39.796+0000] {processor.py:179} INFO - Processing /home/airflow/.local/lib/python3.7/site-packages/airflow/example_dags/example_time_delta_sensor_async.py took 0.440 seconds
[2023-06-19T12:38:09.852+0000] {processor.py:157} INFO - Started process (PID=104) to work on /home/airflow/.local/lib/python3.7/site-packages/airflow/example_dags/example_time_delta_sensor_async.py
[2023-06-19T12:38:09.854+0000] {processor.py:826} INFO - Processing file /home/airflow/.local/lib/python3.7/site-packages/airflow/example_dags/example_time_delta_sensor_async.py for tasks to queue
[2023-06-19T12:38:09.854+0000] {logging_mixin.py:149} INFO - [2023-06-19T12:38:09.854+0000] {dagbag.py:541} INFO - Filling up the DagBag from /home/airflow/.local/lib/python3.7/site-packages/airflow/example_dags/example_time_delta_sensor_async.py
[2023-06-19T12:38:09.859+0000] {processor.py:836} INFO - DAG(s) dict_keys(['example_time_delta_sensor_async']) retrieved from /home/airflow/.local/lib/python3.7/site-packages/airflow/example_dags/example_time_delta_sensor_async.py
[2023-06-19T12:38:09.887+0000] {logging_mixin.py:149} INFO - [2023-06-19T12:38:09.887+0000] {dag.py:2726} INFO - Sync 1 DAGs
[2023-06-19T12:38:09.910+0000] {logging_mixin.py:149} INFO - [2023-06-19T12:38:09.909+0000] {dag.py:3490} INFO - Setting next_dagrun for example_time_delta_sensor_async to None, run_after=None
[2023-06-19T12:38:09.921+0000] {processor.py:179} INFO - Processing /home/airflow/.local/lib/python3.7/site-packages/airflow/example_dags/example_time_delta_sensor_async.py took 0.071 seconds
[2023-06-19T12:38:40.959+0000] {processor.py:157} INFO - Started process (PID=161) to work on /home/airflow/.local/lib/python3.7/site-packages/airflow/example_dags/example_time_delta_sensor_async.py
[2023-06-19T12:38:40.960+0000] {processor.py:826} INFO - Processing file /home/airflow/.local/lib/python3.7/site-packages/airflow/example_dags/example_time_delta_sensor_async.py for tasks to queue
[2023-06-19T12:38:40.960+0000] {logging_mixin.py:149} INFO - [2023-06-19T12:38:40.960+0000] {dagbag.py:541} INFO - Filling up the DagBag from /home/airflow/.local/lib/python3.7/site-packages/airflow/example_dags/example_time_delta_sensor_async.py
[2023-06-19T12:38:40.965+0000] {processor.py:836} INFO - DAG(s) dict_keys(['example_time_delta_sensor_async']) retrieved from /home/airflow/.local/lib/python3.7/site-packages/airflow/example_dags/example_time_delta_sensor_async.py
[2023-06-19T12:38:40.990+0000] {logging_mixin.py:149} INFO - [2023-06-19T12:38:40.989+0000] {dag.py:2726} INFO - Sync 1 DAGs
[2023-06-19T12:38:41.013+0000] {logging_mixin.py:149} INFO - [2023-06-19T12:38:41.013+0000] {dag.py:3490} INFO - Setting next_dagrun for example_time_delta_sensor_async to None, run_after=None
[2023-06-19T12:38:41.028+0000] {processor.py:179} INFO - Processing /home/airflow/.local/lib/python3.7/site-packages/airflow/example_dags/example_time_delta_sensor_async.py took 0.073 seconds
[2023-06-19T12:39:11.347+0000] {processor.py:157} INFO - Started process (PID=217) to work on /home/airflow/.local/lib/python3.7/site-packages/airflow/example_dags/example_time_delta_sensor_async.py
[2023-06-19T12:39:11.349+0000] {processor.py:826} INFO - Processing file /home/airflow/.local/lib/python3.7/site-packages/airflow/example_dags/example_time_delta_sensor_async.py for tasks to queue
[2023-06-19T12:39:11.349+0000] {logging_mixin.py:149} INFO - [2023-06-19T12:39:11.349+0000] {dagbag.py:541} INFO - Filling up the DagBag from /home/airflow/.local/lib/python3.7/site-packages/airflow/example_dags/example_time_delta_sensor_async.py
[2023-06-19T12:39:11.353+0000] {processor.py:836} INFO - DAG(s) dict_keys(['example_time_delta_sensor_async']) retrieved from /home/airflow/.local/lib/python3.7/site-packages/airflow/example_dags/example_time_delta_sensor_async.py
[2023-06-19T12:39:11.373+0000] {logging_mixin.py:149} INFO - [2023-06-19T12:39:11.372+0000] {dag.py:2726} INFO - Sync 1 DAGs
[2023-06-19T12:39:11.388+0000] {logging_mixin.py:149} INFO - [2023-06-19T12:39:11.388+0000] {dag.py:3490} INFO - Setting next_dagrun for example_time_delta_sensor_async to None, run_after=None
[2023-06-19T12:39:11.399+0000] {processor.py:179} INFO - Processing /home/airflow/.local/lib/python3.7/site-packages/airflow/example_dags/example_time_delta_sensor_async.py took 0.055 seconds
[2023-06-19T12:39:42.061+0000] {processor.py:157} INFO - Started process (PID=274) to work on /home/airflow/.local/lib/python3.7/site-packages/airflow/example_dags/example_time_delta_sensor_async.py
[2023-06-19T12:39:42.062+0000] {processor.py:826} INFO - Processing file /home/airflow/.local/lib/python3.7/site-packages/airflow/example_dags/example_time_delta_sensor_async.py for tasks to queue
[2023-06-19T12:39:42.063+0000] {logging_mixin.py:149} INFO - [2023-06-19T12:39:42.063+0000] {dagbag.py:541} INFO - Filling up the DagBag from /home/airflow/.local/lib/python3.7/site-packages/airflow/example_dags/example_time_delta_sensor_async.py
[2023-06-19T12:39:42.067+0000] {processor.py:836} INFO - DAG(s) dict_keys(['example_time_delta_sensor_async']) retrieved from /home/airflow/.local/lib/python3.7/site-packages/airflow/example_dags/example_time_delta_sensor_async.py
[2023-06-19T12:39:42.087+0000] {logging_mixin.py:149} INFO - [2023-06-19T12:39:42.087+0000] {dag.py:2726} INFO - Sync 1 DAGs
[2023-06-19T12:39:42.103+0000] {logging_mixin.py:149} INFO - [2023-06-19T12:39:42.103+0000] {dag.py:3490} INFO - Setting next_dagrun for example_time_delta_sensor_async to None, run_after=None
[2023-06-19T12:39:42.114+0000] {processor.py:179} INFO - Processing /home/airflow/.local/lib/python3.7/site-packages/airflow/example_dags/example_time_delta_sensor_async.py took 0.056 seconds
