[2023-06-19T12:37:39.504+0000] {processor.py:157} INFO - Started process (PID=48) to work on /home/airflow/.local/lib/python3.7/site-packages/airflow/example_dags/example_task_group.py
[2023-06-19T12:37:39.509+0000] {processor.py:826} INFO - Processing file /home/airflow/.local/lib/python3.7/site-packages/airflow/example_dags/example_task_group.py for tasks to queue
[2023-06-19T12:37:39.511+0000] {logging_mixin.py:149} INFO - [2023-06-19T12:37:39.511+0000] {dagbag.py:541} INFO - Filling up the DagBag from /home/airflow/.local/lib/python3.7/site-packages/airflow/example_dags/example_task_group.py
[2023-06-19T12:37:39.535+0000] {processor.py:836} INFO - DAG(s) dict_keys(['example_task_group']) retrieved from /home/airflow/.local/lib/python3.7/site-packages/airflow/example_dags/example_task_group.py
[2023-06-19T12:37:39.783+0000] {logging_mixin.py:149} INFO - [2023-06-19T12:37:39.783+0000] {manager.py:504} INFO - Created Permission View: can delete on DAG:example_task_group
[2023-06-19T12:37:39.816+0000] {logging_mixin.py:149} INFO - [2023-06-19T12:37:39.816+0000] {manager.py:504} INFO - Created Permission View: can read on DAG:example_task_group
[2023-06-19T12:37:39.833+0000] {logging_mixin.py:149} INFO - [2023-06-19T12:37:39.833+0000] {manager.py:504} INFO - Created Permission View: can edit on DAG:example_task_group
[2023-06-19T12:37:39.885+0000] {logging_mixin.py:149} INFO - [2023-06-19T12:37:39.885+0000] {dag.py:2726} INFO - Sync 1 DAGs
[2023-06-19T12:37:39.915+0000] {logging_mixin.py:149} INFO - [2023-06-19T12:37:39.915+0000] {dag.py:2747} INFO - Creating ORM DAG for example_task_group
[2023-06-19T12:37:39.933+0000] {logging_mixin.py:149} INFO - [2023-06-19T12:37:39.933+0000] {dag.py:3490} INFO - Setting next_dagrun for example_task_group to 2023-06-18T12:37:39.932481+00:00, run_after=2023-06-19T12:37:39.932481+00:00
[2023-06-19T12:37:39.968+0000] {processor.py:179} INFO - Processing /home/airflow/.local/lib/python3.7/site-packages/airflow/example_dags/example_task_group.py took 0.478 seconds
[2023-06-19T12:38:10.870+0000] {processor.py:157} INFO - Started process (PID=105) to work on /home/airflow/.local/lib/python3.7/site-packages/airflow/example_dags/example_task_group.py
[2023-06-19T12:38:10.872+0000] {processor.py:826} INFO - Processing file /home/airflow/.local/lib/python3.7/site-packages/airflow/example_dags/example_task_group.py for tasks to queue
[2023-06-19T12:38:10.873+0000] {logging_mixin.py:149} INFO - [2023-06-19T12:38:10.873+0000] {dagbag.py:541} INFO - Filling up the DagBag from /home/airflow/.local/lib/python3.7/site-packages/airflow/example_dags/example_task_group.py
[2023-06-19T12:38:10.883+0000] {processor.py:836} INFO - DAG(s) dict_keys(['example_task_group']) retrieved from /home/airflow/.local/lib/python3.7/site-packages/airflow/example_dags/example_task_group.py
[2023-06-19T12:38:10.911+0000] {logging_mixin.py:149} INFO - [2023-06-19T12:38:10.911+0000] {dag.py:2726} INFO - Sync 1 DAGs
[2023-06-19T12:38:10.931+0000] {logging_mixin.py:149} INFO - [2023-06-19T12:38:10.931+0000] {dag.py:3490} INFO - Setting next_dagrun for example_task_group to 2023-06-18T12:38:10.931119+00:00, run_after=2023-06-19T12:38:10.931119+00:00
[2023-06-19T12:38:10.945+0000] {processor.py:179} INFO - Processing /home/airflow/.local/lib/python3.7/site-packages/airflow/example_dags/example_task_group.py took 0.081 seconds
[2023-06-19T12:38:41.058+0000] {processor.py:157} INFO - Started process (PID=162) to work on /home/airflow/.local/lib/python3.7/site-packages/airflow/example_dags/example_task_group.py
[2023-06-19T12:38:41.059+0000] {processor.py:826} INFO - Processing file /home/airflow/.local/lib/python3.7/site-packages/airflow/example_dags/example_task_group.py for tasks to queue
[2023-06-19T12:38:41.059+0000] {logging_mixin.py:149} INFO - [2023-06-19T12:38:41.059+0000] {dagbag.py:541} INFO - Filling up the DagBag from /home/airflow/.local/lib/python3.7/site-packages/airflow/example_dags/example_task_group.py
[2023-06-19T12:38:41.066+0000] {processor.py:836} INFO - DAG(s) dict_keys(['example_task_group']) retrieved from /home/airflow/.local/lib/python3.7/site-packages/airflow/example_dags/example_task_group.py
[2023-06-19T12:38:41.090+0000] {logging_mixin.py:149} INFO - [2023-06-19T12:38:41.090+0000] {dag.py:2726} INFO - Sync 1 DAGs
[2023-06-19T12:38:41.108+0000] {logging_mixin.py:149} INFO - [2023-06-19T12:38:41.108+0000] {dag.py:3490} INFO - Setting next_dagrun for example_task_group to 2023-06-18T12:38:41.107720+00:00, run_after=2023-06-19T12:38:41.107720+00:00
[2023-06-19T12:38:41.120+0000] {processor.py:179} INFO - Processing /home/airflow/.local/lib/python3.7/site-packages/airflow/example_dags/example_task_group.py took 0.065 seconds
[2023-06-19T12:39:11.421+0000] {processor.py:157} INFO - Started process (PID=218) to work on /home/airflow/.local/lib/python3.7/site-packages/airflow/example_dags/example_task_group.py
[2023-06-19T12:39:11.422+0000] {processor.py:826} INFO - Processing file /home/airflow/.local/lib/python3.7/site-packages/airflow/example_dags/example_task_group.py for tasks to queue
[2023-06-19T12:39:11.424+0000] {logging_mixin.py:149} INFO - [2023-06-19T12:39:11.424+0000] {dagbag.py:541} INFO - Filling up the DagBag from /home/airflow/.local/lib/python3.7/site-packages/airflow/example_dags/example_task_group.py
[2023-06-19T12:39:11.430+0000] {processor.py:836} INFO - DAG(s) dict_keys(['example_task_group']) retrieved from /home/airflow/.local/lib/python3.7/site-packages/airflow/example_dags/example_task_group.py
[2023-06-19T12:39:11.451+0000] {logging_mixin.py:149} INFO - [2023-06-19T12:39:11.451+0000] {dag.py:2726} INFO - Sync 1 DAGs
[2023-06-19T12:39:11.468+0000] {logging_mixin.py:149} INFO - [2023-06-19T12:39:11.468+0000] {dag.py:3490} INFO - Setting next_dagrun for example_task_group to 2023-06-18T12:39:11.467955+00:00, run_after=2023-06-19T12:39:11.467955+00:00
[2023-06-19T12:39:11.479+0000] {processor.py:179} INFO - Processing /home/airflow/.local/lib/python3.7/site-packages/airflow/example_dags/example_task_group.py took 0.061 seconds
[2023-06-19T12:39:42.138+0000] {processor.py:157} INFO - Started process (PID=275) to work on /home/airflow/.local/lib/python3.7/site-packages/airflow/example_dags/example_task_group.py
[2023-06-19T12:39:42.139+0000] {processor.py:826} INFO - Processing file /home/airflow/.local/lib/python3.7/site-packages/airflow/example_dags/example_task_group.py for tasks to queue
[2023-06-19T12:39:42.140+0000] {logging_mixin.py:149} INFO - [2023-06-19T12:39:42.140+0000] {dagbag.py:541} INFO - Filling up the DagBag from /home/airflow/.local/lib/python3.7/site-packages/airflow/example_dags/example_task_group.py
[2023-06-19T12:39:42.147+0000] {processor.py:836} INFO - DAG(s) dict_keys(['example_task_group']) retrieved from /home/airflow/.local/lib/python3.7/site-packages/airflow/example_dags/example_task_group.py
[2023-06-19T12:39:42.167+0000] {logging_mixin.py:149} INFO - [2023-06-19T12:39:42.167+0000] {dag.py:2726} INFO - Sync 1 DAGs
[2023-06-19T12:39:42.184+0000] {logging_mixin.py:149} INFO - [2023-06-19T12:39:42.184+0000] {dag.py:3490} INFO - Setting next_dagrun for example_task_group to 2023-06-18T12:39:42.183820+00:00, run_after=2023-06-19T12:39:42.183820+00:00
[2023-06-19T12:39:42.196+0000] {processor.py:179} INFO - Processing /home/airflow/.local/lib/python3.7/site-packages/airflow/example_dags/example_task_group.py took 0.061 seconds
