[2023-06-19T12:37:41.429+0000] {processor.py:157} INFO - Started process (PID=52) to work on /home/airflow/.local/lib/python3.7/site-packages/airflow/example_dags/example_dynamic_task_mapping.py
[2023-06-19T12:37:41.442+0000] {processor.py:826} INFO - Processing file /home/airflow/.local/lib/python3.7/site-packages/airflow/example_dags/example_dynamic_task_mapping.py for tasks to queue
[2023-06-19T12:37:41.448+0000] {logging_mixin.py:149} INFO - [2023-06-19T12:37:41.446+0000] {dagbag.py:541} INFO - Filling up the DagBag from /home/airflow/.local/lib/python3.7/site-packages/airflow/example_dags/example_dynamic_task_mapping.py
[2023-06-19T12:37:41.564+0000] {processor.py:836} INFO - DAG(s) dict_keys(['example_dynamic_task_mapping']) retrieved from /home/airflow/.local/lib/python3.7/site-packages/airflow/example_dags/example_dynamic_task_mapping.py
[2023-06-19T12:37:41.972+0000] {logging_mixin.py:149} INFO - [2023-06-19T12:37:41.971+0000] {manager.py:504} INFO - Created Permission View: can delete on DAG:example_dynamic_task_mapping
[2023-06-19T12:37:42.063+0000] {logging_mixin.py:149} INFO - [2023-06-19T12:37:42.062+0000] {manager.py:504} INFO - Created Permission View: can read on DAG:example_dynamic_task_mapping
[2023-06-19T12:37:42.084+0000] {logging_mixin.py:149} INFO - [2023-06-19T12:37:42.083+0000] {manager.py:504} INFO - Created Permission View: can edit on DAG:example_dynamic_task_mapping
[2023-06-19T12:37:42.116+0000] {logging_mixin.py:149} INFO - [2023-06-19T12:37:42.115+0000] {dag.py:2726} INFO - Sync 1 DAGs
[2023-06-19T12:37:42.138+0000] {logging_mixin.py:149} INFO - [2023-06-19T12:37:42.138+0000] {dag.py:2747} INFO - Creating ORM DAG for example_dynamic_task_mapping
[2023-06-19T12:37:42.163+0000] {logging_mixin.py:149} INFO - [2023-06-19T12:37:42.163+0000] {dag.py:3490} INFO - Setting next_dagrun for example_dynamic_task_mapping to 2022-03-04T00:00:00+00:00, run_after=2022-03-05T00:00:00+00:00
[2023-06-19T12:37:42.222+0000] {processor.py:179} INFO - Processing /home/airflow/.local/lib/python3.7/site-packages/airflow/example_dags/example_dynamic_task_mapping.py took 0.825 seconds
[2023-06-19T12:38:13.368+0000] {processor.py:157} INFO - Started process (PID=110) to work on /home/airflow/.local/lib/python3.7/site-packages/airflow/example_dags/example_dynamic_task_mapping.py
[2023-06-19T12:38:13.372+0000] {processor.py:826} INFO - Processing file /home/airflow/.local/lib/python3.7/site-packages/airflow/example_dags/example_dynamic_task_mapping.py for tasks to queue
[2023-06-19T12:38:13.374+0000] {logging_mixin.py:149} INFO - [2023-06-19T12:38:13.374+0000] {dagbag.py:541} INFO - Filling up the DagBag from /home/airflow/.local/lib/python3.7/site-packages/airflow/example_dags/example_dynamic_task_mapping.py
[2023-06-19T12:38:13.411+0000] {processor.py:836} INFO - DAG(s) dict_keys(['example_dynamic_task_mapping']) retrieved from /home/airflow/.local/lib/python3.7/site-packages/airflow/example_dags/example_dynamic_task_mapping.py
[2023-06-19T12:38:13.501+0000] {logging_mixin.py:149} INFO - [2023-06-19T12:38:13.500+0000] {dag.py:2726} INFO - Sync 1 DAGs
[2023-06-19T12:38:13.580+0000] {logging_mixin.py:149} INFO - [2023-06-19T12:38:13.579+0000] {dag.py:3490} INFO - Setting next_dagrun for example_dynamic_task_mapping to 2022-03-04T00:00:00+00:00, run_after=2022-03-05T00:00:00+00:00
[2023-06-19T12:38:13.644+0000] {processor.py:179} INFO - Processing /home/airflow/.local/lib/python3.7/site-packages/airflow/example_dags/example_dynamic_task_mapping.py took 0.286 seconds
[2023-06-19T12:38:43.739+0000] {processor.py:157} INFO - Started process (PID=167) to work on /home/airflow/.local/lib/python3.7/site-packages/airflow/example_dags/example_dynamic_task_mapping.py
[2023-06-19T12:38:43.740+0000] {processor.py:826} INFO - Processing file /home/airflow/.local/lib/python3.7/site-packages/airflow/example_dags/example_dynamic_task_mapping.py for tasks to queue
[2023-06-19T12:38:43.741+0000] {logging_mixin.py:149} INFO - [2023-06-19T12:38:43.741+0000] {dagbag.py:541} INFO - Filling up the DagBag from /home/airflow/.local/lib/python3.7/site-packages/airflow/example_dags/example_dynamic_task_mapping.py
[2023-06-19T12:38:43.760+0000] {processor.py:836} INFO - DAG(s) dict_keys(['example_dynamic_task_mapping']) retrieved from /home/airflow/.local/lib/python3.7/site-packages/airflow/example_dags/example_dynamic_task_mapping.py
[2023-06-19T12:38:43.789+0000] {logging_mixin.py:149} INFO - [2023-06-19T12:38:43.789+0000] {dag.py:2726} INFO - Sync 1 DAGs
[2023-06-19T12:38:43.824+0000] {logging_mixin.py:149} INFO - [2023-06-19T12:38:43.824+0000] {dag.py:3490} INFO - Setting next_dagrun for example_dynamic_task_mapping to 2022-03-04T00:00:00+00:00, run_after=2022-03-05T00:00:00+00:00
[2023-06-19T12:38:43.838+0000] {processor.py:179} INFO - Processing /home/airflow/.local/lib/python3.7/site-packages/airflow/example_dags/example_dynamic_task_mapping.py took 0.102 seconds
[2023-06-19T12:39:14.824+0000] {processor.py:157} INFO - Started process (PID=222) to work on /home/airflow/.local/lib/python3.7/site-packages/airflow/example_dags/example_dynamic_task_mapping.py
[2023-06-19T12:39:14.825+0000] {processor.py:826} INFO - Processing file /home/airflow/.local/lib/python3.7/site-packages/airflow/example_dags/example_dynamic_task_mapping.py for tasks to queue
[2023-06-19T12:39:14.826+0000] {logging_mixin.py:149} INFO - [2023-06-19T12:39:14.826+0000] {dagbag.py:541} INFO - Filling up the DagBag from /home/airflow/.local/lib/python3.7/site-packages/airflow/example_dags/example_dynamic_task_mapping.py
[2023-06-19T12:39:14.834+0000] {processor.py:836} INFO - DAG(s) dict_keys(['example_dynamic_task_mapping']) retrieved from /home/airflow/.local/lib/python3.7/site-packages/airflow/example_dags/example_dynamic_task_mapping.py
[2023-06-19T12:39:14.855+0000] {logging_mixin.py:149} INFO - [2023-06-19T12:39:14.855+0000] {dag.py:2726} INFO - Sync 1 DAGs
[2023-06-19T12:39:14.871+0000] {logging_mixin.py:149} INFO - [2023-06-19T12:39:14.871+0000] {dag.py:3490} INFO - Setting next_dagrun for example_dynamic_task_mapping to 2022-03-04T00:00:00+00:00, run_after=2022-03-05T00:00:00+00:00
[2023-06-19T12:39:14.882+0000] {processor.py:179} INFO - Processing /home/airflow/.local/lib/python3.7/site-packages/airflow/example_dags/example_dynamic_task_mapping.py took 0.062 seconds
[2023-06-19T12:39:45.509+0000] {processor.py:157} INFO - Started process (PID=279) to work on /home/airflow/.local/lib/python3.7/site-packages/airflow/example_dags/example_dynamic_task_mapping.py
[2023-06-19T12:39:45.511+0000] {processor.py:826} INFO - Processing file /home/airflow/.local/lib/python3.7/site-packages/airflow/example_dags/example_dynamic_task_mapping.py for tasks to queue
[2023-06-19T12:39:45.512+0000] {logging_mixin.py:149} INFO - [2023-06-19T12:39:45.512+0000] {dagbag.py:541} INFO - Filling up the DagBag from /home/airflow/.local/lib/python3.7/site-packages/airflow/example_dags/example_dynamic_task_mapping.py
[2023-06-19T12:39:45.523+0000] {processor.py:836} INFO - DAG(s) dict_keys(['example_dynamic_task_mapping']) retrieved from /home/airflow/.local/lib/python3.7/site-packages/airflow/example_dags/example_dynamic_task_mapping.py
[2023-06-19T12:39:45.547+0000] {logging_mixin.py:149} INFO - [2023-06-19T12:39:45.547+0000] {dag.py:2726} INFO - Sync 1 DAGs
[2023-06-19T12:39:45.564+0000] {logging_mixin.py:149} INFO - [2023-06-19T12:39:45.564+0000] {dag.py:3490} INFO - Setting next_dagrun for example_dynamic_task_mapping to 2022-03-04T00:00:00+00:00, run_after=2022-03-05T00:00:00+00:00
[2023-06-19T12:39:45.577+0000] {processor.py:179} INFO - Processing /home/airflow/.local/lib/python3.7/site-packages/airflow/example_dags/example_dynamic_task_mapping.py took 0.071 seconds
