[2023-06-19T12:37:35.406+0000] {processor.py:157} INFO - Started process (PID=32) to work on /home/airflow/.local/lib/python3.7/site-packages/airflow/example_dags/example_xcomargs.py
[2023-06-19T12:37:35.408+0000] {processor.py:826} INFO - Processing file /home/airflow/.local/lib/python3.7/site-packages/airflow/example_dags/example_xcomargs.py for tasks to queue
[2023-06-19T12:37:35.409+0000] {logging_mixin.py:149} INFO - [2023-06-19T12:37:35.409+0000] {dagbag.py:541} INFO - Filling up the DagBag from /home/airflow/.local/lib/python3.7/site-packages/airflow/example_dags/example_xcomargs.py
[2023-06-19T12:37:35.440+0000] {processor.py:836} INFO - DAG(s) dict_keys(['example_xcom_args', 'example_xcom_args_with_operators']) retrieved from /home/airflow/.local/lib/python3.7/site-packages/airflow/example_dags/example_xcomargs.py
[2023-06-19T12:37:35.966+0000] {logging_mixin.py:149} INFO - [2023-06-19T12:37:35.966+0000] {manager.py:504} INFO - Created Permission View: can delete on DAG:example_xcom_args
[2023-06-19T12:37:35.983+0000] {logging_mixin.py:149} INFO - [2023-06-19T12:37:35.983+0000] {manager.py:504} INFO - Created Permission View: can read on DAG:example_xcom_args
[2023-06-19T12:37:35.994+0000] {logging_mixin.py:149} INFO - [2023-06-19T12:37:35.993+0000] {manager.py:504} INFO - Created Permission View: can edit on DAG:example_xcom_args
[2023-06-19T12:37:36.020+0000] {logging_mixin.py:149} INFO - [2023-06-19T12:37:36.020+0000] {manager.py:504} INFO - Created Permission View: can delete on DAG:example_xcom_args_with_operators
[2023-06-19T12:37:36.044+0000] {logging_mixin.py:149} INFO - [2023-06-19T12:37:36.042+0000] {manager.py:504} INFO - Created Permission View: can read on DAG:example_xcom_args_with_operators
[2023-06-19T12:37:36.073+0000] {logging_mixin.py:149} INFO - [2023-06-19T12:37:36.073+0000] {manager.py:504} INFO - Created Permission View: can edit on DAG:example_xcom_args_with_operators
[2023-06-19T12:37:36.095+0000] {logging_mixin.py:149} INFO - [2023-06-19T12:37:36.095+0000] {dag.py:2726} INFO - Sync 2 DAGs
[2023-06-19T12:37:36.113+0000] {logging_mixin.py:149} INFO - [2023-06-19T12:37:36.113+0000] {dag.py:2747} INFO - Creating ORM DAG for example_xcom_args
[2023-06-19T12:37:36.115+0000] {logging_mixin.py:149} INFO - [2023-06-19T12:37:36.115+0000] {dag.py:2747} INFO - Creating ORM DAG for example_xcom_args_with_operators
[2023-06-19T12:37:36.130+0000] {logging_mixin.py:149} INFO - [2023-06-19T12:37:36.129+0000] {dag.py:3490} INFO - Setting next_dagrun for example_xcom_args to None, run_after=None
[2023-06-19T12:37:36.131+0000] {logging_mixin.py:149} INFO - [2023-06-19T12:37:36.131+0000] {dag.py:3490} INFO - Setting next_dagrun for example_xcom_args_with_operators to None, run_after=None
[2023-06-19T12:37:36.158+0000] {processor.py:179} INFO - Processing /home/airflow/.local/lib/python3.7/site-packages/airflow/example_dags/example_xcomargs.py took 0.755 seconds
[2023-06-19T12:38:06.417+0000] {processor.py:157} INFO - Started process (PID=89) to work on /home/airflow/.local/lib/python3.7/site-packages/airflow/example_dags/example_xcomargs.py
[2023-06-19T12:38:06.419+0000] {processor.py:826} INFO - Processing file /home/airflow/.local/lib/python3.7/site-packages/airflow/example_dags/example_xcomargs.py for tasks to queue
[2023-06-19T12:38:06.421+0000] {logging_mixin.py:149} INFO - [2023-06-19T12:38:06.420+0000] {dagbag.py:541} INFO - Filling up the DagBag from /home/airflow/.local/lib/python3.7/site-packages/airflow/example_dags/example_xcomargs.py
[2023-06-19T12:38:06.436+0000] {processor.py:836} INFO - DAG(s) dict_keys(['example_xcom_args_with_operators', 'example_xcom_args']) retrieved from /home/airflow/.local/lib/python3.7/site-packages/airflow/example_dags/example_xcomargs.py
[2023-06-19T12:38:06.541+0000] {logging_mixin.py:149} INFO - [2023-06-19T12:38:06.540+0000] {dag.py:2726} INFO - Sync 2 DAGs
[2023-06-19T12:38:06.593+0000] {logging_mixin.py:149} INFO - [2023-06-19T12:38:06.593+0000] {dag.py:3490} INFO - Setting next_dagrun for example_xcom_args to None, run_after=None
[2023-06-19T12:38:06.605+0000] {logging_mixin.py:149} INFO - [2023-06-19T12:38:06.605+0000] {dag.py:3490} INFO - Setting next_dagrun for example_xcom_args_with_operators to None, run_after=None
[2023-06-19T12:38:06.659+0000] {processor.py:179} INFO - Processing /home/airflow/.local/lib/python3.7/site-packages/airflow/example_dags/example_xcomargs.py took 0.248 seconds
[2023-06-19T12:38:36.968+0000] {processor.py:157} INFO - Started process (PID=146) to work on /home/airflow/.local/lib/python3.7/site-packages/airflow/example_dags/example_xcomargs.py
[2023-06-19T12:38:36.970+0000] {processor.py:826} INFO - Processing file /home/airflow/.local/lib/python3.7/site-packages/airflow/example_dags/example_xcomargs.py for tasks to queue
[2023-06-19T12:38:36.971+0000] {logging_mixin.py:149} INFO - [2023-06-19T12:38:36.971+0000] {dagbag.py:541} INFO - Filling up the DagBag from /home/airflow/.local/lib/python3.7/site-packages/airflow/example_dags/example_xcomargs.py
[2023-06-19T12:38:36.982+0000] {processor.py:836} INFO - DAG(s) dict_keys(['example_xcom_args_with_operators', 'example_xcom_args']) retrieved from /home/airflow/.local/lib/python3.7/site-packages/airflow/example_dags/example_xcomargs.py
[2023-06-19T12:38:37.036+0000] {logging_mixin.py:149} INFO - [2023-06-19T12:38:37.036+0000] {dag.py:2726} INFO - Sync 2 DAGs
[2023-06-19T12:38:37.058+0000] {logging_mixin.py:149} INFO - [2023-06-19T12:38:37.058+0000] {dag.py:3490} INFO - Setting next_dagrun for example_xcom_args to None, run_after=None
[2023-06-19T12:38:37.061+0000] {logging_mixin.py:149} INFO - [2023-06-19T12:38:37.061+0000] {dag.py:3490} INFO - Setting next_dagrun for example_xcom_args_with_operators to None, run_after=None
[2023-06-19T12:38:37.074+0000] {processor.py:179} INFO - Processing /home/airflow/.local/lib/python3.7/site-packages/airflow/example_dags/example_xcomargs.py took 0.112 seconds
[2023-06-19T12:39:07.411+0000] {processor.py:157} INFO - Started process (PID=202) to work on /home/airflow/.local/lib/python3.7/site-packages/airflow/example_dags/example_xcomargs.py
[2023-06-19T12:39:07.413+0000] {processor.py:826} INFO - Processing file /home/airflow/.local/lib/python3.7/site-packages/airflow/example_dags/example_xcomargs.py for tasks to queue
[2023-06-19T12:39:07.414+0000] {logging_mixin.py:149} INFO - [2023-06-19T12:39:07.414+0000] {dagbag.py:541} INFO - Filling up the DagBag from /home/airflow/.local/lib/python3.7/site-packages/airflow/example_dags/example_xcomargs.py
[2023-06-19T12:39:07.436+0000] {processor.py:836} INFO - DAG(s) dict_keys(['example_xcom_args_with_operators', 'example_xcom_args']) retrieved from /home/airflow/.local/lib/python3.7/site-packages/airflow/example_dags/example_xcomargs.py
[2023-06-19T12:39:07.549+0000] {logging_mixin.py:149} INFO - [2023-06-19T12:39:07.547+0000] {dag.py:2726} INFO - Sync 2 DAGs
[2023-06-19T12:39:07.636+0000] {logging_mixin.py:149} INFO - [2023-06-19T12:39:07.636+0000] {dag.py:3490} INFO - Setting next_dagrun for example_xcom_args to None, run_after=None
[2023-06-19T12:39:07.649+0000] {logging_mixin.py:149} INFO - [2023-06-19T12:39:07.649+0000] {dag.py:3490} INFO - Setting next_dagrun for example_xcom_args_with_operators to None, run_after=None
[2023-06-19T12:39:07.693+0000] {processor.py:179} INFO - Processing /home/airflow/.local/lib/python3.7/site-packages/airflow/example_dags/example_xcomargs.py took 0.288 seconds
[2023-06-19T12:39:37.919+0000] {processor.py:157} INFO - Started process (PID=259) to work on /home/airflow/.local/lib/python3.7/site-packages/airflow/example_dags/example_xcomargs.py
[2023-06-19T12:39:37.922+0000] {processor.py:826} INFO - Processing file /home/airflow/.local/lib/python3.7/site-packages/airflow/example_dags/example_xcomargs.py for tasks to queue
[2023-06-19T12:39:37.923+0000] {logging_mixin.py:149} INFO - [2023-06-19T12:39:37.923+0000] {dagbag.py:541} INFO - Filling up the DagBag from /home/airflow/.local/lib/python3.7/site-packages/airflow/example_dags/example_xcomargs.py
[2023-06-19T12:39:37.934+0000] {processor.py:836} INFO - DAG(s) dict_keys(['example_xcom_args_with_operators', 'example_xcom_args']) retrieved from /home/airflow/.local/lib/python3.7/site-packages/airflow/example_dags/example_xcomargs.py
[2023-06-19T12:39:37.964+0000] {logging_mixin.py:149} INFO - [2023-06-19T12:39:37.964+0000] {dag.py:2726} INFO - Sync 2 DAGs
[2023-06-19T12:39:37.982+0000] {logging_mixin.py:149} INFO - [2023-06-19T12:39:37.982+0000] {dag.py:3490} INFO - Setting next_dagrun for example_xcom_args to None, run_after=None
[2023-06-19T12:39:37.986+0000] {logging_mixin.py:149} INFO - [2023-06-19T12:39:37.986+0000] {dag.py:3490} INFO - Setting next_dagrun for example_xcom_args_with_operators to None, run_after=None
[2023-06-19T12:39:38.013+0000] {processor.py:179} INFO - Processing /home/airflow/.local/lib/python3.7/site-packages/airflow/example_dags/example_xcomargs.py took 0.104 seconds
