[2023-06-19T12:37:42.399+0000] {processor.py:157} INFO - Started process (PID=55) to work on /home/airflow/.local/lib/python3.7/site-packages/airflow/example_dags/example_external_task_marker_dag.py
[2023-06-19T12:37:42.406+0000] {processor.py:826} INFO - Processing file /home/airflow/.local/lib/python3.7/site-packages/airflow/example_dags/example_external_task_marker_dag.py for tasks to queue
[2023-06-19T12:37:42.410+0000] {logging_mixin.py:149} INFO - [2023-06-19T12:37:42.410+0000] {dagbag.py:541} INFO - Filling up the DagBag from /home/airflow/.local/lib/python3.7/site-packages/airflow/example_dags/example_external_task_marker_dag.py
[2023-06-19T12:37:42.442+0000] {processor.py:836} INFO - DAG(s) dict_keys(['example_external_task_marker_child', 'example_external_task_marker_parent']) retrieved from /home/airflow/.local/lib/python3.7/site-packages/airflow/example_dags/example_external_task_marker_dag.py
[2023-06-19T12:37:42.905+0000] {logging_mixin.py:149} INFO - [2023-06-19T12:37:42.898+0000] {manager.py:504} INFO - Created Permission View: can delete on DAG:example_external_task_marker_child
[2023-06-19T12:37:42.952+0000] {logging_mixin.py:149} INFO - [2023-06-19T12:37:42.951+0000] {manager.py:504} INFO - Created Permission View: can read on DAG:example_external_task_marker_child
[2023-06-19T12:37:42.984+0000] {logging_mixin.py:149} INFO - [2023-06-19T12:37:42.984+0000] {manager.py:504} INFO - Created Permission View: can edit on DAG:example_external_task_marker_child
[2023-06-19T12:37:43.094+0000] {logging_mixin.py:149} INFO - [2023-06-19T12:37:43.094+0000] {manager.py:504} INFO - Created Permission View: can delete on DAG:example_external_task_marker_parent
[2023-06-19T12:37:43.111+0000] {logging_mixin.py:149} INFO - [2023-06-19T12:37:43.111+0000] {manager.py:504} INFO - Created Permission View: can read on DAG:example_external_task_marker_parent
[2023-06-19T12:37:43.165+0000] {logging_mixin.py:149} INFO - [2023-06-19T12:37:43.165+0000] {manager.py:504} INFO - Created Permission View: can edit on DAG:example_external_task_marker_parent
[2023-06-19T12:37:43.175+0000] {logging_mixin.py:149} INFO - [2023-06-19T12:37:43.175+0000] {dag.py:2726} INFO - Sync 2 DAGs
[2023-06-19T12:37:43.200+0000] {logging_mixin.py:149} INFO - [2023-06-19T12:37:43.200+0000] {dag.py:2747} INFO - Creating ORM DAG for example_external_task_marker_child
[2023-06-19T12:37:43.202+0000] {logging_mixin.py:149} INFO - [2023-06-19T12:37:43.202+0000] {dag.py:2747} INFO - Creating ORM DAG for example_external_task_marker_parent
[2023-06-19T12:37:43.226+0000] {logging_mixin.py:149} INFO - [2023-06-19T12:37:43.226+0000] {dag.py:3490} INFO - Setting next_dagrun for example_external_task_marker_child to None, run_after=None
[2023-06-19T12:37:43.228+0000] {logging_mixin.py:149} INFO - [2023-06-19T12:37:43.228+0000] {dag.py:3490} INFO - Setting next_dagrun for example_external_task_marker_parent to None, run_after=None
[2023-06-19T12:37:43.256+0000] {processor.py:179} INFO - Processing /home/airflow/.local/lib/python3.7/site-packages/airflow/example_dags/example_external_task_marker_dag.py took 0.873 seconds
[2023-06-19T12:38:13.702+0000] {processor.py:157} INFO - Started process (PID=112) to work on /home/airflow/.local/lib/python3.7/site-packages/airflow/example_dags/example_external_task_marker_dag.py
[2023-06-19T12:38:13.706+0000] {processor.py:826} INFO - Processing file /home/airflow/.local/lib/python3.7/site-packages/airflow/example_dags/example_external_task_marker_dag.py for tasks to queue
[2023-06-19T12:38:13.710+0000] {logging_mixin.py:149} INFO - [2023-06-19T12:38:13.709+0000] {dagbag.py:541} INFO - Filling up the DagBag from /home/airflow/.local/lib/python3.7/site-packages/airflow/example_dags/example_external_task_marker_dag.py
[2023-06-19T12:38:13.722+0000] {processor.py:836} INFO - DAG(s) dict_keys(['example_external_task_marker_child', 'example_external_task_marker_parent']) retrieved from /home/airflow/.local/lib/python3.7/site-packages/airflow/example_dags/example_external_task_marker_dag.py
[2023-06-19T12:38:13.754+0000] {logging_mixin.py:149} INFO - [2023-06-19T12:38:13.754+0000] {dag.py:2726} INFO - Sync 2 DAGs
[2023-06-19T12:38:13.788+0000] {logging_mixin.py:149} INFO - [2023-06-19T12:38:13.787+0000] {dag.py:3490} INFO - Setting next_dagrun for example_external_task_marker_child to None, run_after=None
[2023-06-19T12:38:13.792+0000] {logging_mixin.py:149} INFO - [2023-06-19T12:38:13.792+0000] {dag.py:3490} INFO - Setting next_dagrun for example_external_task_marker_parent to None, run_after=None
[2023-06-19T12:38:13.808+0000] {processor.py:179} INFO - Processing /home/airflow/.local/lib/python3.7/site-packages/airflow/example_dags/example_external_task_marker_dag.py took 0.111 seconds
[2023-06-19T12:38:43.903+0000] {processor.py:157} INFO - Started process (PID=169) to work on /home/airflow/.local/lib/python3.7/site-packages/airflow/example_dags/example_external_task_marker_dag.py
[2023-06-19T12:38:43.906+0000] {processor.py:826} INFO - Processing file /home/airflow/.local/lib/python3.7/site-packages/airflow/example_dags/example_external_task_marker_dag.py for tasks to queue
[2023-06-19T12:38:43.908+0000] {logging_mixin.py:149} INFO - [2023-06-19T12:38:43.908+0000] {dagbag.py:541} INFO - Filling up the DagBag from /home/airflow/.local/lib/python3.7/site-packages/airflow/example_dags/example_external_task_marker_dag.py
[2023-06-19T12:38:43.918+0000] {processor.py:836} INFO - DAG(s) dict_keys(['example_external_task_marker_child', 'example_external_task_marker_parent']) retrieved from /home/airflow/.local/lib/python3.7/site-packages/airflow/example_dags/example_external_task_marker_dag.py
[2023-06-19T12:38:43.947+0000] {logging_mixin.py:149} INFO - [2023-06-19T12:38:43.947+0000] {dag.py:2726} INFO - Sync 2 DAGs
[2023-06-19T12:38:43.965+0000] {logging_mixin.py:149} INFO - [2023-06-19T12:38:43.965+0000] {dag.py:3490} INFO - Setting next_dagrun for example_external_task_marker_child to None, run_after=None
[2023-06-19T12:38:43.968+0000] {logging_mixin.py:149} INFO - [2023-06-19T12:38:43.968+0000] {dag.py:3490} INFO - Setting next_dagrun for example_external_task_marker_parent to None, run_after=None
[2023-06-19T12:38:43.980+0000] {processor.py:179} INFO - Processing /home/airflow/.local/lib/python3.7/site-packages/airflow/example_dags/example_external_task_marker_dag.py took 0.082 seconds
[2023-06-19T12:39:14.947+0000] {processor.py:157} INFO - Started process (PID=225) to work on /home/airflow/.local/lib/python3.7/site-packages/airflow/example_dags/example_external_task_marker_dag.py
[2023-06-19T12:39:14.948+0000] {processor.py:826} INFO - Processing file /home/airflow/.local/lib/python3.7/site-packages/airflow/example_dags/example_external_task_marker_dag.py for tasks to queue
[2023-06-19T12:39:14.949+0000] {logging_mixin.py:149} INFO - [2023-06-19T12:39:14.949+0000] {dagbag.py:541} INFO - Filling up the DagBag from /home/airflow/.local/lib/python3.7/site-packages/airflow/example_dags/example_external_task_marker_dag.py
[2023-06-19T12:39:14.954+0000] {processor.py:836} INFO - DAG(s) dict_keys(['example_external_task_marker_parent', 'example_external_task_marker_child']) retrieved from /home/airflow/.local/lib/python3.7/site-packages/airflow/example_dags/example_external_task_marker_dag.py
[2023-06-19T12:39:14.980+0000] {logging_mixin.py:149} INFO - [2023-06-19T12:39:14.980+0000] {dag.py:2726} INFO - Sync 2 DAGs
[2023-06-19T12:39:14.997+0000] {logging_mixin.py:149} INFO - [2023-06-19T12:39:14.997+0000] {dag.py:3490} INFO - Setting next_dagrun for example_external_task_marker_child to None, run_after=None
[2023-06-19T12:39:14.999+0000] {logging_mixin.py:149} INFO - [2023-06-19T12:39:14.999+0000] {dag.py:3490} INFO - Setting next_dagrun for example_external_task_marker_parent to None, run_after=None
[2023-06-19T12:39:15.009+0000] {processor.py:179} INFO - Processing /home/airflow/.local/lib/python3.7/site-packages/airflow/example_dags/example_external_task_marker_dag.py took 0.065 seconds
[2023-06-19T12:39:45.646+0000] {processor.py:157} INFO - Started process (PID=282) to work on /home/airflow/.local/lib/python3.7/site-packages/airflow/example_dags/example_external_task_marker_dag.py
[2023-06-19T12:39:45.648+0000] {processor.py:826} INFO - Processing file /home/airflow/.local/lib/python3.7/site-packages/airflow/example_dags/example_external_task_marker_dag.py for tasks to queue
[2023-06-19T12:39:45.648+0000] {logging_mixin.py:149} INFO - [2023-06-19T12:39:45.648+0000] {dagbag.py:541} INFO - Filling up the DagBag from /home/airflow/.local/lib/python3.7/site-packages/airflow/example_dags/example_external_task_marker_dag.py
[2023-06-19T12:39:45.653+0000] {processor.py:836} INFO - DAG(s) dict_keys(['example_external_task_marker_parent', 'example_external_task_marker_child']) retrieved from /home/airflow/.local/lib/python3.7/site-packages/airflow/example_dags/example_external_task_marker_dag.py
[2023-06-19T12:39:45.683+0000] {logging_mixin.py:149} INFO - [2023-06-19T12:39:45.683+0000] {dag.py:2726} INFO - Sync 2 DAGs
[2023-06-19T12:39:45.702+0000] {logging_mixin.py:149} INFO - [2023-06-19T12:39:45.702+0000] {dag.py:3490} INFO - Setting next_dagrun for example_external_task_marker_child to None, run_after=None
[2023-06-19T12:39:45.705+0000] {logging_mixin.py:149} INFO - [2023-06-19T12:39:45.704+0000] {dag.py:3490} INFO - Setting next_dagrun for example_external_task_marker_parent to None, run_after=None
[2023-06-19T12:39:45.715+0000] {processor.py:179} INFO - Processing /home/airflow/.local/lib/python3.7/site-packages/airflow/example_dags/example_external_task_marker_dag.py took 0.072 seconds
