[2023-06-19T12:38:01.879+0000] {processor.py:157} INFO - Started process (PID=80) to work on /home/airflow/.local/lib/python3.7/site-packages/airflow/example_dags/example_subdag_operator.py
[2023-06-19T12:38:01.881+0000] {processor.py:826} INFO - Processing file /home/airflow/.local/lib/python3.7/site-packages/airflow/example_dags/example_subdag_operator.py for tasks to queue
[2023-06-19T12:38:01.883+0000] {logging_mixin.py:149} INFO - [2023-06-19T12:38:01.883+0000] {dagbag.py:541} INFO - Filling up the DagBag from /home/airflow/.local/lib/python3.7/site-packages/airflow/example_dags/example_subdag_operator.py
[2023-06-19T12:38:01.946+0000] {processor.py:836} INFO - DAG(s) dict_keys(['example_subdag_operator.section-1', 'example_subdag_operator.section-2', 'example_subdag_operator']) retrieved from /home/airflow/.local/lib/python3.7/site-packages/airflow/example_dags/example_subdag_operator.py
[2023-06-19T12:38:02.147+0000] {logging_mixin.py:149} INFO - [2023-06-19T12:38:02.147+0000] {manager.py:504} INFO - Created Permission View: can delete on DAG:example_subdag_operator
[2023-06-19T12:38:02.193+0000] {logging_mixin.py:149} INFO - [2023-06-19T12:38:02.193+0000] {manager.py:504} INFO - Created Permission View: can read on DAG:example_subdag_operator
[2023-06-19T12:38:02.204+0000] {logging_mixin.py:149} INFO - [2023-06-19T12:38:02.204+0000] {manager.py:504} INFO - Created Permission View: can edit on DAG:example_subdag_operator
[2023-06-19T12:38:02.230+0000] {logging_mixin.py:149} INFO - [2023-06-19T12:38:02.229+0000] {dag.py:2726} INFO - Sync 3 DAGs
[2023-06-19T12:38:02.262+0000] {logging_mixin.py:149} INFO - [2023-06-19T12:38:02.261+0000] {dag.py:2747} INFO - Creating ORM DAG for example_subdag_operator.section-2
[2023-06-19T12:38:02.263+0000] {logging_mixin.py:149} INFO - [2023-06-19T12:38:02.263+0000] {dag.py:2747} INFO - Creating ORM DAG for example_subdag_operator
[2023-06-19T12:38:02.264+0000] {logging_mixin.py:149} INFO - [2023-06-19T12:38:02.264+0000] {dag.py:2747} INFO - Creating ORM DAG for example_subdag_operator.section-1
[2023-06-19T12:38:02.281+0000] {logging_mixin.py:149} INFO - [2023-06-19T12:38:02.281+0000] {dag.py:3490} INFO - Setting next_dagrun for example_subdag_operator to 2022-01-01T00:00:00+00:00, run_after=2022-01-01T00:00:00+00:00
[2023-06-19T12:38:02.283+0000] {logging_mixin.py:149} INFO - [2023-06-19T12:38:02.283+0000] {dag.py:3490} INFO - Setting next_dagrun for example_subdag_operator.section-1 to None, run_after=None
[2023-06-19T12:38:02.284+0000] {logging_mixin.py:149} INFO - [2023-06-19T12:38:02.284+0000] {dag.py:3490} INFO - Setting next_dagrun for example_subdag_operator.section-2 to None, run_after=None
[2023-06-19T12:38:02.309+0000] {logging_mixin.py:149} INFO - [2023-06-19T12:38:02.308+0000] {dag.py:2726} INFO - Sync 2 DAGs
[2023-06-19T12:38:02.324+0000] {logging_mixin.py:149} INFO - [2023-06-19T12:38:02.324+0000] {dag.py:3490} INFO - Setting next_dagrun for example_subdag_operator.section-1 to None, run_after=None
[2023-06-19T12:38:02.335+0000] {logging_mixin.py:149} INFO - [2023-06-19T12:38:02.335+0000] {dag.py:3490} INFO - Setting next_dagrun for example_subdag_operator.section-2 to None, run_after=None
[2023-06-19T12:38:02.378+0000] {processor.py:179} INFO - Processing /home/airflow/.local/lib/python3.7/site-packages/airflow/example_dags/example_subdag_operator.py took 0.504 seconds
[2023-06-19T12:38:32.552+0000] {processor.py:157} INFO - Started process (PID=139) to work on /home/airflow/.local/lib/python3.7/site-packages/airflow/example_dags/example_subdag_operator.py
[2023-06-19T12:38:32.553+0000] {processor.py:826} INFO - Processing file /home/airflow/.local/lib/python3.7/site-packages/airflow/example_dags/example_subdag_operator.py for tasks to queue
[2023-06-19T12:38:32.555+0000] {logging_mixin.py:149} INFO - [2023-06-19T12:38:32.555+0000] {dagbag.py:541} INFO - Filling up the DagBag from /home/airflow/.local/lib/python3.7/site-packages/airflow/example_dags/example_subdag_operator.py
[2023-06-19T12:38:32.583+0000] {processor.py:836} INFO - DAG(s) dict_keys(['example_subdag_operator.section-1', 'example_subdag_operator.section-2', 'example_subdag_operator']) retrieved from /home/airflow/.local/lib/python3.7/site-packages/airflow/example_dags/example_subdag_operator.py
[2023-06-19T12:38:32.614+0000] {logging_mixin.py:149} INFO - [2023-06-19T12:38:32.614+0000] {dag.py:2726} INFO - Sync 3 DAGs
[2023-06-19T12:38:32.664+0000] {logging_mixin.py:149} INFO - [2023-06-19T12:38:32.663+0000] {dag.py:3490} INFO - Setting next_dagrun for example_subdag_operator to 2022-01-01T00:00:00+00:00, run_after=2022-01-01T00:00:00+00:00
[2023-06-19T12:38:32.700+0000] {logging_mixin.py:149} INFO - [2023-06-19T12:38:32.699+0000] {dag.py:3490} INFO - Setting next_dagrun for example_subdag_operator.section-1 to None, run_after=None
[2023-06-19T12:38:32.711+0000] {logging_mixin.py:149} INFO - [2023-06-19T12:38:32.710+0000] {dag.py:3490} INFO - Setting next_dagrun for example_subdag_operator.section-2 to None, run_after=None
[2023-06-19T12:38:32.724+0000] {logging_mixin.py:149} INFO - [2023-06-19T12:38:32.723+0000] {dag.py:2726} INFO - Sync 2 DAGs
[2023-06-19T12:38:32.767+0000] {logging_mixin.py:149} INFO - [2023-06-19T12:38:32.767+0000] {dag.py:3490} INFO - Setting next_dagrun for example_subdag_operator.section-1 to None, run_after=None
[2023-06-19T12:38:32.773+0000] {logging_mixin.py:149} INFO - [2023-06-19T12:38:32.772+0000] {dag.py:3490} INFO - Setting next_dagrun for example_subdag_operator.section-2 to None, run_after=None
[2023-06-19T12:38:32.815+0000] {processor.py:179} INFO - Processing /home/airflow/.local/lib/python3.7/site-packages/airflow/example_dags/example_subdag_operator.py took 0.268 seconds
[2023-06-19T12:39:03.796+0000] {processor.py:157} INFO - Started process (PID=195) to work on /home/airflow/.local/lib/python3.7/site-packages/airflow/example_dags/example_subdag_operator.py
[2023-06-19T12:39:03.799+0000] {processor.py:826} INFO - Processing file /home/airflow/.local/lib/python3.7/site-packages/airflow/example_dags/example_subdag_operator.py for tasks to queue
[2023-06-19T12:39:03.801+0000] {logging_mixin.py:149} INFO - [2023-06-19T12:39:03.800+0000] {dagbag.py:541} INFO - Filling up the DagBag from /home/airflow/.local/lib/python3.7/site-packages/airflow/example_dags/example_subdag_operator.py
[2023-06-19T12:39:03.831+0000] {processor.py:836} INFO - DAG(s) dict_keys(['example_subdag_operator.section-1', 'example_subdag_operator.section-2', 'example_subdag_operator']) retrieved from /home/airflow/.local/lib/python3.7/site-packages/airflow/example_dags/example_subdag_operator.py
[2023-06-19T12:39:03.848+0000] {logging_mixin.py:149} INFO - [2023-06-19T12:39:03.847+0000] {dag.py:2726} INFO - Sync 3 DAGs
[2023-06-19T12:39:03.866+0000] {logging_mixin.py:149} INFO - [2023-06-19T12:39:03.866+0000] {dag.py:3490} INFO - Setting next_dagrun for example_subdag_operator to 2022-01-01T00:00:00+00:00, run_after=2022-01-01T00:00:00+00:00
[2023-06-19T12:39:03.869+0000] {logging_mixin.py:149} INFO - [2023-06-19T12:39:03.869+0000] {dag.py:3490} INFO - Setting next_dagrun for example_subdag_operator.section-1 to None, run_after=None
[2023-06-19T12:39:03.870+0000] {logging_mixin.py:149} INFO - [2023-06-19T12:39:03.870+0000] {dag.py:3490} INFO - Setting next_dagrun for example_subdag_operator.section-2 to None, run_after=None
[2023-06-19T12:39:03.874+0000] {logging_mixin.py:149} INFO - [2023-06-19T12:39:03.874+0000] {dag.py:2726} INFO - Sync 2 DAGs
[2023-06-19T12:39:03.878+0000] {logging_mixin.py:149} INFO - [2023-06-19T12:39:03.878+0000] {dag.py:3490} INFO - Setting next_dagrun for example_subdag_operator.section-1 to None, run_after=None
[2023-06-19T12:39:03.878+0000] {logging_mixin.py:149} INFO - [2023-06-19T12:39:03.878+0000] {dag.py:3490} INFO - Setting next_dagrun for example_subdag_operator.section-2 to None, run_after=None
[2023-06-19T12:39:03.885+0000] {processor.py:179} INFO - Processing /home/airflow/.local/lib/python3.7/site-packages/airflow/example_dags/example_subdag_operator.py took 0.098 seconds
[2023-06-19T12:39:34.068+0000] {processor.py:157} INFO - Started process (PID=252) to work on /home/airflow/.local/lib/python3.7/site-packages/airflow/example_dags/example_subdag_operator.py
[2023-06-19T12:39:34.072+0000] {processor.py:826} INFO - Processing file /home/airflow/.local/lib/python3.7/site-packages/airflow/example_dags/example_subdag_operator.py for tasks to queue
[2023-06-19T12:39:34.073+0000] {logging_mixin.py:149} INFO - [2023-06-19T12:39:34.073+0000] {dagbag.py:541} INFO - Filling up the DagBag from /home/airflow/.local/lib/python3.7/site-packages/airflow/example_dags/example_subdag_operator.py
[2023-06-19T12:39:34.105+0000] {processor.py:836} INFO - DAG(s) dict_keys(['example_subdag_operator.section-1', 'example_subdag_operator.section-2', 'example_subdag_operator']) retrieved from /home/airflow/.local/lib/python3.7/site-packages/airflow/example_dags/example_subdag_operator.py
[2023-06-19T12:39:34.119+0000] {logging_mixin.py:149} INFO - [2023-06-19T12:39:34.119+0000] {dag.py:2726} INFO - Sync 3 DAGs
[2023-06-19T12:39:34.135+0000] {logging_mixin.py:149} INFO - [2023-06-19T12:39:34.135+0000] {dag.py:3490} INFO - Setting next_dagrun for example_subdag_operator to 2022-01-01T00:00:00+00:00, run_after=2022-01-01T00:00:00+00:00
[2023-06-19T12:39:34.138+0000] {logging_mixin.py:149} INFO - [2023-06-19T12:39:34.138+0000] {dag.py:3490} INFO - Setting next_dagrun for example_subdag_operator.section-1 to None, run_after=None
[2023-06-19T12:39:34.139+0000] {logging_mixin.py:149} INFO - [2023-06-19T12:39:34.139+0000] {dag.py:3490} INFO - Setting next_dagrun for example_subdag_operator.section-2 to None, run_after=None
[2023-06-19T12:39:34.144+0000] {logging_mixin.py:149} INFO - [2023-06-19T12:39:34.144+0000] {dag.py:2726} INFO - Sync 2 DAGs
[2023-06-19T12:39:34.147+0000] {logging_mixin.py:149} INFO - [2023-06-19T12:39:34.147+0000] {dag.py:3490} INFO - Setting next_dagrun for example_subdag_operator.section-1 to None, run_after=None
[2023-06-19T12:39:34.148+0000] {logging_mixin.py:149} INFO - [2023-06-19T12:39:34.147+0000] {dag.py:3490} INFO - Setting next_dagrun for example_subdag_operator.section-2 to None, run_after=None
[2023-06-19T12:39:34.154+0000] {processor.py:179} INFO - Processing /home/airflow/.local/lib/python3.7/site-packages/airflow/example_dags/example_subdag_operator.py took 0.092 seconds
[2023-06-19T12:40:04.311+0000] {processor.py:157} INFO - Started process (PID=309) to work on /home/airflow/.local/lib/python3.7/site-packages/airflow/example_dags/example_subdag_operator.py
[2023-06-19T12:40:04.314+0000] {processor.py:826} INFO - Processing file /home/airflow/.local/lib/python3.7/site-packages/airflow/example_dags/example_subdag_operator.py for tasks to queue
[2023-06-19T12:40:04.316+0000] {logging_mixin.py:149} INFO - [2023-06-19T12:40:04.316+0000] {dagbag.py:541} INFO - Filling up the DagBag from /home/airflow/.local/lib/python3.7/site-packages/airflow/example_dags/example_subdag_operator.py
[2023-06-19T12:40:04.348+0000] {processor.py:836} INFO - DAG(s) dict_keys(['example_subdag_operator.section-1', 'example_subdag_operator.section-2', 'example_subdag_operator']) retrieved from /home/airflow/.local/lib/python3.7/site-packages/airflow/example_dags/example_subdag_operator.py
[2023-06-19T12:40:04.362+0000] {logging_mixin.py:149} INFO - [2023-06-19T12:40:04.362+0000] {dag.py:2726} INFO - Sync 3 DAGs
[2023-06-19T12:40:04.378+0000] {logging_mixin.py:149} INFO - [2023-06-19T12:40:04.378+0000] {dag.py:3490} INFO - Setting next_dagrun for example_subdag_operator to 2022-01-01T00:00:00+00:00, run_after=2022-01-01T00:00:00+00:00
[2023-06-19T12:40:04.381+0000] {logging_mixin.py:149} INFO - [2023-06-19T12:40:04.381+0000] {dag.py:3490} INFO - Setting next_dagrun for example_subdag_operator.section-1 to None, run_after=None
[2023-06-19T12:40:04.382+0000] {logging_mixin.py:149} INFO - [2023-06-19T12:40:04.382+0000] {dag.py:3490} INFO - Setting next_dagrun for example_subdag_operator.section-2 to None, run_after=None
[2023-06-19T12:40:04.386+0000] {logging_mixin.py:149} INFO - [2023-06-19T12:40:04.386+0000] {dag.py:2726} INFO - Sync 2 DAGs
[2023-06-19T12:40:04.389+0000] {logging_mixin.py:149} INFO - [2023-06-19T12:40:04.389+0000] {dag.py:3490} INFO - Setting next_dagrun for example_subdag_operator.section-1 to None, run_after=None
[2023-06-19T12:40:04.390+0000] {logging_mixin.py:149} INFO - [2023-06-19T12:40:04.390+0000] {dag.py:3490} INFO - Setting next_dagrun for example_subdag_operator.section-2 to None, run_after=None
[2023-06-19T12:40:04.396+0000] {processor.py:179} INFO - Processing /home/airflow/.local/lib/python3.7/site-packages/airflow/example_dags/example_subdag_operator.py took 0.092 seconds
