[2023-06-19T12:37:38.377+0000] {processor.py:157} INFO - Started process (PID=44) to work on /home/airflow/.local/lib/python3.7/site-packages/airflow/example_dags/example_branch_python_dop_operator_3.py
[2023-06-19T12:37:38.380+0000] {processor.py:826} INFO - Processing file /home/airflow/.local/lib/python3.7/site-packages/airflow/example_dags/example_branch_python_dop_operator_3.py for tasks to queue
[2023-06-19T12:37:38.383+0000] {logging_mixin.py:149} INFO - [2023-06-19T12:37:38.382+0000] {dagbag.py:541} INFO - Filling up the DagBag from /home/airflow/.local/lib/python3.7/site-packages/airflow/example_dags/example_branch_python_dop_operator_3.py
[2023-06-19T12:37:38.400+0000] {processor.py:836} INFO - DAG(s) dict_keys(['example_branch_dop_operator_v3']) retrieved from /home/airflow/.local/lib/python3.7/site-packages/airflow/example_dags/example_branch_python_dop_operator_3.py
[2023-06-19T12:37:38.530+0000] {logging_mixin.py:149} INFO - [2023-06-19T12:37:38.529+0000] {manager.py:504} INFO - Created Permission View: can delete on DAG:example_branch_dop_operator_v3
[2023-06-19T12:37:38.553+0000] {logging_mixin.py:149} INFO - [2023-06-19T12:37:38.553+0000] {manager.py:504} INFO - Created Permission View: can read on DAG:example_branch_dop_operator_v3
[2023-06-19T12:37:38.586+0000] {logging_mixin.py:149} INFO - [2023-06-19T12:37:38.585+0000] {manager.py:504} INFO - Created Permission View: can edit on DAG:example_branch_dop_operator_v3
[2023-06-19T12:37:38.623+0000] {logging_mixin.py:149} INFO - [2023-06-19T12:37:38.622+0000] {dag.py:2726} INFO - Sync 1 DAGs
[2023-06-19T12:37:38.639+0000] {logging_mixin.py:149} INFO - [2023-06-19T12:37:38.639+0000] {dag.py:2747} INFO - Creating ORM DAG for example_branch_dop_operator_v3
[2023-06-19T12:37:38.655+0000] {logging_mixin.py:149} INFO - [2023-06-19T12:37:38.654+0000] {dag.py:3490} INFO - Setting next_dagrun for example_branch_dop_operator_v3 to 2023-06-19T12:36:00+00:00, run_after=2023-06-19T12:37:00+00:00
[2023-06-19T12:37:38.682+0000] {processor.py:179} INFO - Processing /home/airflow/.local/lib/python3.7/site-packages/airflow/example_dags/example_branch_python_dop_operator_3.py took 0.315 seconds
[2023-06-19T12:38:09.660+0000] {processor.py:157} INFO - Started process (PID=101) to work on /home/airflow/.local/lib/python3.7/site-packages/airflow/example_dags/example_branch_python_dop_operator_3.py
[2023-06-19T12:38:09.662+0000] {processor.py:826} INFO - Processing file /home/airflow/.local/lib/python3.7/site-packages/airflow/example_dags/example_branch_python_dop_operator_3.py for tasks to queue
[2023-06-19T12:38:09.664+0000] {logging_mixin.py:149} INFO - [2023-06-19T12:38:09.663+0000] {dagbag.py:541} INFO - Filling up the DagBag from /home/airflow/.local/lib/python3.7/site-packages/airflow/example_dags/example_branch_python_dop_operator_3.py
[2023-06-19T12:38:09.677+0000] {processor.py:836} INFO - DAG(s) dict_keys(['example_branch_dop_operator_v3']) retrieved from /home/airflow/.local/lib/python3.7/site-packages/airflow/example_dags/example_branch_python_dop_operator_3.py
[2023-06-19T12:38:09.706+0000] {logging_mixin.py:149} INFO - [2023-06-19T12:38:09.706+0000] {dag.py:2726} INFO - Sync 1 DAGs
[2023-06-19T12:38:09.731+0000] {logging_mixin.py:149} INFO - [2023-06-19T12:38:09.731+0000] {dag.py:3490} INFO - Setting next_dagrun for example_branch_dop_operator_v3 to 2023-06-19T12:37:00+00:00, run_after=2023-06-19T12:38:00+00:00
[2023-06-19T12:38:09.743+0000] {processor.py:179} INFO - Processing /home/airflow/.local/lib/python3.7/site-packages/airflow/example_dags/example_branch_python_dop_operator_3.py took 0.088 seconds
[2023-06-19T12:38:39.767+0000] {processor.py:157} INFO - Started process (PID=158) to work on /home/airflow/.local/lib/python3.7/site-packages/airflow/example_dags/example_branch_python_dop_operator_3.py
[2023-06-19T12:38:39.768+0000] {processor.py:826} INFO - Processing file /home/airflow/.local/lib/python3.7/site-packages/airflow/example_dags/example_branch_python_dop_operator_3.py for tasks to queue
[2023-06-19T12:38:39.769+0000] {logging_mixin.py:149} INFO - [2023-06-19T12:38:39.769+0000] {dagbag.py:541} INFO - Filling up the DagBag from /home/airflow/.local/lib/python3.7/site-packages/airflow/example_dags/example_branch_python_dop_operator_3.py
[2023-06-19T12:38:39.776+0000] {processor.py:836} INFO - DAG(s) dict_keys(['example_branch_dop_operator_v3']) retrieved from /home/airflow/.local/lib/python3.7/site-packages/airflow/example_dags/example_branch_python_dop_operator_3.py
[2023-06-19T12:38:39.796+0000] {logging_mixin.py:149} INFO - [2023-06-19T12:38:39.796+0000] {dag.py:2726} INFO - Sync 1 DAGs
[2023-06-19T12:38:39.813+0000] {logging_mixin.py:149} INFO - [2023-06-19T12:38:39.813+0000] {dag.py:3490} INFO - Setting next_dagrun for example_branch_dop_operator_v3 to 2023-06-19T12:37:00+00:00, run_after=2023-06-19T12:38:00+00:00
[2023-06-19T12:38:39.824+0000] {processor.py:179} INFO - Processing /home/airflow/.local/lib/python3.7/site-packages/airflow/example_dags/example_branch_python_dop_operator_3.py took 0.059 seconds
[2023-06-19T12:39:10.225+0000] {processor.py:157} INFO - Started process (PID=214) to work on /home/airflow/.local/lib/python3.7/site-packages/airflow/example_dags/example_branch_python_dop_operator_3.py
[2023-06-19T12:39:10.226+0000] {processor.py:826} INFO - Processing file /home/airflow/.local/lib/python3.7/site-packages/airflow/example_dags/example_branch_python_dop_operator_3.py for tasks to queue
[2023-06-19T12:39:10.227+0000] {logging_mixin.py:149} INFO - [2023-06-19T12:39:10.227+0000] {dagbag.py:541} INFO - Filling up the DagBag from /home/airflow/.local/lib/python3.7/site-packages/airflow/example_dags/example_branch_python_dop_operator_3.py
[2023-06-19T12:39:10.233+0000] {processor.py:836} INFO - DAG(s) dict_keys(['example_branch_dop_operator_v3']) retrieved from /home/airflow/.local/lib/python3.7/site-packages/airflow/example_dags/example_branch_python_dop_operator_3.py
[2023-06-19T12:39:10.254+0000] {logging_mixin.py:149} INFO - [2023-06-19T12:39:10.254+0000] {dag.py:2726} INFO - Sync 1 DAGs
[2023-06-19T12:39:10.278+0000] {logging_mixin.py:149} INFO - [2023-06-19T12:39:10.278+0000] {dag.py:3490} INFO - Setting next_dagrun for example_branch_dop_operator_v3 to 2023-06-19T12:38:00+00:00, run_after=2023-06-19T12:39:00+00:00
[2023-06-19T12:39:10.291+0000] {processor.py:179} INFO - Processing /home/airflow/.local/lib/python3.7/site-packages/airflow/example_dags/example_branch_python_dop_operator_3.py took 0.070 seconds
[2023-06-19T12:39:40.917+0000] {processor.py:157} INFO - Started process (PID=271) to work on /home/airflow/.local/lib/python3.7/site-packages/airflow/example_dags/example_branch_python_dop_operator_3.py
[2023-06-19T12:39:40.918+0000] {processor.py:826} INFO - Processing file /home/airflow/.local/lib/python3.7/site-packages/airflow/example_dags/example_branch_python_dop_operator_3.py for tasks to queue
[2023-06-19T12:39:40.919+0000] {logging_mixin.py:149} INFO - [2023-06-19T12:39:40.919+0000] {dagbag.py:541} INFO - Filling up the DagBag from /home/airflow/.local/lib/python3.7/site-packages/airflow/example_dags/example_branch_python_dop_operator_3.py
[2023-06-19T12:39:40.926+0000] {processor.py:836} INFO - DAG(s) dict_keys(['example_branch_dop_operator_v3']) retrieved from /home/airflow/.local/lib/python3.7/site-packages/airflow/example_dags/example_branch_python_dop_operator_3.py
[2023-06-19T12:39:40.947+0000] {logging_mixin.py:149} INFO - [2023-06-19T12:39:40.947+0000] {dag.py:2726} INFO - Sync 1 DAGs
[2023-06-19T12:39:40.979+0000] {logging_mixin.py:149} INFO - [2023-06-19T12:39:40.979+0000] {dag.py:3490} INFO - Setting next_dagrun for example_branch_dop_operator_v3 to 2023-06-19T12:38:00+00:00, run_after=2023-06-19T12:39:00+00:00
[2023-06-19T12:39:40.990+0000] {processor.py:179} INFO - Processing /home/airflow/.local/lib/python3.7/site-packages/airflow/example_dags/example_branch_python_dop_operator_3.py took 0.077 seconds
