[2023-06-19T12:37:35.426+0000] {processor.py:157} INFO - Started process (PID=33) to work on /home/airflow/.local/lib/python3.7/site-packages/airflow/example_dags/example_dynamic_task_mapping_with_no_taskflow_operators.py
[2023-06-19T12:37:35.431+0000] {processor.py:826} INFO - Processing file /home/airflow/.local/lib/python3.7/site-packages/airflow/example_dags/example_dynamic_task_mapping_with_no_taskflow_operators.py for tasks to queue
[2023-06-19T12:37:35.436+0000] {logging_mixin.py:149} INFO - [2023-06-19T12:37:35.436+0000] {dagbag.py:541} INFO - Filling up the DagBag from /home/airflow/.local/lib/python3.7/site-packages/airflow/example_dags/example_dynamic_task_mapping_with_no_taskflow_operators.py
[2023-06-19T12:37:35.465+0000] {processor.py:836} INFO - DAG(s) dict_keys(['example_dynamic_task_mapping_with_no_taskflow_operators']) retrieved from /home/airflow/.local/lib/python3.7/site-packages/airflow/example_dags/example_dynamic_task_mapping_with_no_taskflow_operators.py
[2023-06-19T12:37:35.971+0000] {logging_mixin.py:149} INFO - [2023-06-19T12:37:35.970+0000] {manager.py:504} INFO - Created Permission View: can delete on DAG:example_dynamic_task_mapping_with_no_taskflow_operators
[2023-06-19T12:37:35.983+0000] {logging_mixin.py:149} INFO - [2023-06-19T12:37:35.983+0000] {manager.py:504} INFO - Created Permission View: can read on DAG:example_dynamic_task_mapping_with_no_taskflow_operators
[2023-06-19T12:37:36.000+0000] {logging_mixin.py:149} INFO - [2023-06-19T12:37:36.000+0000] {manager.py:504} INFO - Created Permission View: can edit on DAG:example_dynamic_task_mapping_with_no_taskflow_operators
[2023-06-19T12:37:36.022+0000] {logging_mixin.py:149} INFO - [2023-06-19T12:37:36.022+0000] {dag.py:2726} INFO - Sync 1 DAGs
[2023-06-19T12:37:36.063+0000] {logging_mixin.py:149} INFO - [2023-06-19T12:37:36.062+0000] {dag.py:2747} INFO - Creating ORM DAG for example_dynamic_task_mapping_with_no_taskflow_operators
[2023-06-19T12:37:36.099+0000] {logging_mixin.py:149} INFO - [2023-06-19T12:37:36.099+0000] {dag.py:3490} INFO - Setting next_dagrun for example_dynamic_task_mapping_with_no_taskflow_operators to 2023-06-18T12:37:36.098849+00:00, run_after=2023-06-19T12:37:36.098849+00:00
[2023-06-19T12:37:36.124+0000] {processor.py:179} INFO - Processing /home/airflow/.local/lib/python3.7/site-packages/airflow/example_dags/example_dynamic_task_mapping_with_no_taskflow_operators.py took 0.708 seconds
[2023-06-19T12:38:06.418+0000] {processor.py:157} INFO - Started process (PID=90) to work on /home/airflow/.local/lib/python3.7/site-packages/airflow/example_dags/example_dynamic_task_mapping_with_no_taskflow_operators.py
[2023-06-19T12:38:06.420+0000] {processor.py:826} INFO - Processing file /home/airflow/.local/lib/python3.7/site-packages/airflow/example_dags/example_dynamic_task_mapping_with_no_taskflow_operators.py for tasks to queue
[2023-06-19T12:38:06.421+0000] {logging_mixin.py:149} INFO - [2023-06-19T12:38:06.421+0000] {dagbag.py:541} INFO - Filling up the DagBag from /home/airflow/.local/lib/python3.7/site-packages/airflow/example_dags/example_dynamic_task_mapping_with_no_taskflow_operators.py
[2023-06-19T12:38:06.435+0000] {processor.py:836} INFO - DAG(s) dict_keys(['example_dynamic_task_mapping_with_no_taskflow_operators']) retrieved from /home/airflow/.local/lib/python3.7/site-packages/airflow/example_dags/example_dynamic_task_mapping_with_no_taskflow_operators.py
[2023-06-19T12:38:06.518+0000] {logging_mixin.py:149} INFO - [2023-06-19T12:38:06.518+0000] {dag.py:2726} INFO - Sync 1 DAGs
[2023-06-19T12:38:06.582+0000] {logging_mixin.py:149} INFO - [2023-06-19T12:38:06.581+0000] {dag.py:3490} INFO - Setting next_dagrun for example_dynamic_task_mapping_with_no_taskflow_operators to 2023-06-18T12:38:06.580191+00:00, run_after=2023-06-19T12:38:06.580191+00:00
[2023-06-19T12:38:06.637+0000] {processor.py:179} INFO - Processing /home/airflow/.local/lib/python3.7/site-packages/airflow/example_dags/example_dynamic_task_mapping_with_no_taskflow_operators.py took 0.225 seconds
[2023-06-19T12:38:36.969+0000] {processor.py:157} INFO - Started process (PID=147) to work on /home/airflow/.local/lib/python3.7/site-packages/airflow/example_dags/example_dynamic_task_mapping_with_no_taskflow_operators.py
[2023-06-19T12:38:36.970+0000] {processor.py:826} INFO - Processing file /home/airflow/.local/lib/python3.7/site-packages/airflow/example_dags/example_dynamic_task_mapping_with_no_taskflow_operators.py for tasks to queue
[2023-06-19T12:38:36.971+0000] {logging_mixin.py:149} INFO - [2023-06-19T12:38:36.971+0000] {dagbag.py:541} INFO - Filling up the DagBag from /home/airflow/.local/lib/python3.7/site-packages/airflow/example_dags/example_dynamic_task_mapping_with_no_taskflow_operators.py
[2023-06-19T12:38:36.982+0000] {processor.py:836} INFO - DAG(s) dict_keys(['example_dynamic_task_mapping_with_no_taskflow_operators']) retrieved from /home/airflow/.local/lib/python3.7/site-packages/airflow/example_dags/example_dynamic_task_mapping_with_no_taskflow_operators.py
[2023-06-19T12:38:37.032+0000] {logging_mixin.py:149} INFO - [2023-06-19T12:38:37.031+0000] {dag.py:2726} INFO - Sync 1 DAGs
[2023-06-19T12:38:37.059+0000] {logging_mixin.py:149} INFO - [2023-06-19T12:38:37.058+0000] {dag.py:3490} INFO - Setting next_dagrun for example_dynamic_task_mapping_with_no_taskflow_operators to 2023-06-18T12:38:37.058414+00:00, run_after=2023-06-19T12:38:37.058414+00:00
[2023-06-19T12:38:37.074+0000] {processor.py:179} INFO - Processing /home/airflow/.local/lib/python3.7/site-packages/airflow/example_dags/example_dynamic_task_mapping_with_no_taskflow_operators.py took 0.108 seconds
[2023-06-19T12:39:07.419+0000] {processor.py:157} INFO - Started process (PID=203) to work on /home/airflow/.local/lib/python3.7/site-packages/airflow/example_dags/example_dynamic_task_mapping_with_no_taskflow_operators.py
[2023-06-19T12:39:07.427+0000] {processor.py:826} INFO - Processing file /home/airflow/.local/lib/python3.7/site-packages/airflow/example_dags/example_dynamic_task_mapping_with_no_taskflow_operators.py for tasks to queue
[2023-06-19T12:39:07.429+0000] {logging_mixin.py:149} INFO - [2023-06-19T12:39:07.429+0000] {dagbag.py:541} INFO - Filling up the DagBag from /home/airflow/.local/lib/python3.7/site-packages/airflow/example_dags/example_dynamic_task_mapping_with_no_taskflow_operators.py
[2023-06-19T12:39:07.457+0000] {processor.py:836} INFO - DAG(s) dict_keys(['example_dynamic_task_mapping_with_no_taskflow_operators']) retrieved from /home/airflow/.local/lib/python3.7/site-packages/airflow/example_dags/example_dynamic_task_mapping_with_no_taskflow_operators.py
[2023-06-19T12:39:07.570+0000] {logging_mixin.py:149} INFO - [2023-06-19T12:39:07.569+0000] {dag.py:2726} INFO - Sync 1 DAGs
[2023-06-19T12:39:07.662+0000] {logging_mixin.py:149} INFO - [2023-06-19T12:39:07.659+0000] {dag.py:3490} INFO - Setting next_dagrun for example_dynamic_task_mapping_with_no_taskflow_operators to 2023-06-18T12:39:07.650411+00:00, run_after=2023-06-19T12:39:07.650411+00:00
[2023-06-19T12:39:07.693+0000] {processor.py:179} INFO - Processing /home/airflow/.local/lib/python3.7/site-packages/airflow/example_dags/example_dynamic_task_mapping_with_no_taskflow_operators.py took 0.279 seconds
[2023-06-19T12:39:37.927+0000] {processor.py:157} INFO - Started process (PID=260) to work on /home/airflow/.local/lib/python3.7/site-packages/airflow/example_dags/example_dynamic_task_mapping_with_no_taskflow_operators.py
[2023-06-19T12:39:37.929+0000] {processor.py:826} INFO - Processing file /home/airflow/.local/lib/python3.7/site-packages/airflow/example_dags/example_dynamic_task_mapping_with_no_taskflow_operators.py for tasks to queue
[2023-06-19T12:39:37.930+0000] {logging_mixin.py:149} INFO - [2023-06-19T12:39:37.930+0000] {dagbag.py:541} INFO - Filling up the DagBag from /home/airflow/.local/lib/python3.7/site-packages/airflow/example_dags/example_dynamic_task_mapping_with_no_taskflow_operators.py
[2023-06-19T12:39:37.938+0000] {processor.py:836} INFO - DAG(s) dict_keys(['example_dynamic_task_mapping_with_no_taskflow_operators']) retrieved from /home/airflow/.local/lib/python3.7/site-packages/airflow/example_dags/example_dynamic_task_mapping_with_no_taskflow_operators.py
[2023-06-19T12:39:37.961+0000] {logging_mixin.py:149} INFO - [2023-06-19T12:39:37.961+0000] {dag.py:2726} INFO - Sync 1 DAGs
[2023-06-19T12:39:37.983+0000] {logging_mixin.py:149} INFO - [2023-06-19T12:39:37.983+0000] {dag.py:3490} INFO - Setting next_dagrun for example_dynamic_task_mapping_with_no_taskflow_operators to 2023-06-18T12:39:37.983386+00:00, run_after=2023-06-19T12:39:37.983386+00:00
[2023-06-19T12:39:38.013+0000] {processor.py:179} INFO - Processing /home/airflow/.local/lib/python3.7/site-packages/airflow/example_dags/example_dynamic_task_mapping_with_no_taskflow_operators.py took 0.089 seconds
