[2023-06-19T12:37:47.116+0000] {processor.py:157} INFO - Started process (PID=59) to work on /home/airflow/.local/lib/python3.7/site-packages/airflow/example_dags/example_kubernetes_executor.py
[2023-06-19T12:37:47.120+0000] {processor.py:826} INFO - Processing file /home/airflow/.local/lib/python3.7/site-packages/airflow/example_dags/example_kubernetes_executor.py for tasks to queue
[2023-06-19T12:37:47.128+0000] {logging_mixin.py:149} INFO - [2023-06-19T12:37:47.128+0000] {dagbag.py:541} INFO - Filling up the DagBag from /home/airflow/.local/lib/python3.7/site-packages/airflow/example_dags/example_kubernetes_executor.py
[2023-06-19T12:37:51.318+0000] {processor.py:836} INFO - DAG(s) dict_keys(['example_kubernetes_executor']) retrieved from /home/airflow/.local/lib/python3.7/site-packages/airflow/example_dags/example_kubernetes_executor.py
[2023-06-19T12:37:52.334+0000] {logging_mixin.py:149} INFO - [2023-06-19T12:37:52.332+0000] {manager.py:504} INFO - Created Permission View: can delete on DAG:example_kubernetes_executor
[2023-06-19T12:37:52.441+0000] {logging_mixin.py:149} INFO - [2023-06-19T12:37:52.441+0000] {manager.py:504} INFO - Created Permission View: can read on DAG:example_kubernetes_executor
[2023-06-19T12:37:52.563+0000] {logging_mixin.py:149} INFO - [2023-06-19T12:37:52.553+0000] {manager.py:504} INFO - Created Permission View: can edit on DAG:example_kubernetes_executor
[2023-06-19T12:37:52.630+0000] {logging_mixin.py:149} INFO - [2023-06-19T12:37:52.630+0000] {dag.py:2726} INFO - Sync 1 DAGs
[2023-06-19T12:37:52.760+0000] {logging_mixin.py:149} INFO - [2023-06-19T12:37:52.755+0000] {dag.py:2747} INFO - Creating ORM DAG for example_kubernetes_executor
[2023-06-19T12:37:52.953+0000] {logging_mixin.py:149} INFO - [2023-06-19T12:37:52.952+0000] {dag.py:3490} INFO - Setting next_dagrun for example_kubernetes_executor to None, run_after=None
[2023-06-19T12:37:53.133+0000] {processor.py:179} INFO - Processing /home/airflow/.local/lib/python3.7/site-packages/airflow/example_dags/example_kubernetes_executor.py took 6.028 seconds
[2023-06-19T12:38:23.579+0000] {processor.py:157} INFO - Started process (PID=116) to work on /home/airflow/.local/lib/python3.7/site-packages/airflow/example_dags/example_kubernetes_executor.py
[2023-06-19T12:38:23.586+0000] {processor.py:826} INFO - Processing file /home/airflow/.local/lib/python3.7/site-packages/airflow/example_dags/example_kubernetes_executor.py for tasks to queue
[2023-06-19T12:38:23.597+0000] {logging_mixin.py:149} INFO - [2023-06-19T12:38:23.596+0000] {dagbag.py:541} INFO - Filling up the DagBag from /home/airflow/.local/lib/python3.7/site-packages/airflow/example_dags/example_kubernetes_executor.py
[2023-06-19T12:38:24.529+0000] {processor.py:836} INFO - DAG(s) dict_keys(['example_kubernetes_executor']) retrieved from /home/airflow/.local/lib/python3.7/site-packages/airflow/example_dags/example_kubernetes_executor.py
[2023-06-19T12:38:24.685+0000] {logging_mixin.py:149} INFO - [2023-06-19T12:38:24.685+0000] {dag.py:2726} INFO - Sync 1 DAGs
[2023-06-19T12:38:24.847+0000] {logging_mixin.py:149} INFO - [2023-06-19T12:38:24.847+0000] {dag.py:3490} INFO - Setting next_dagrun for example_kubernetes_executor to None, run_after=None
[2023-06-19T12:38:24.902+0000] {processor.py:179} INFO - Processing /home/airflow/.local/lib/python3.7/site-packages/airflow/example_dags/example_kubernetes_executor.py took 1.334 seconds
[2023-06-19T12:38:55.339+0000] {processor.py:157} INFO - Started process (PID=173) to work on /home/airflow/.local/lib/python3.7/site-packages/airflow/example_dags/example_kubernetes_executor.py
[2023-06-19T12:38:55.340+0000] {processor.py:826} INFO - Processing file /home/airflow/.local/lib/python3.7/site-packages/airflow/example_dags/example_kubernetes_executor.py for tasks to queue
[2023-06-19T12:38:55.341+0000] {logging_mixin.py:149} INFO - [2023-06-19T12:38:55.341+0000] {dagbag.py:541} INFO - Filling up the DagBag from /home/airflow/.local/lib/python3.7/site-packages/airflow/example_dags/example_kubernetes_executor.py
[2023-06-19T12:38:55.693+0000] {processor.py:836} INFO - DAG(s) dict_keys(['example_kubernetes_executor']) retrieved from /home/airflow/.local/lib/python3.7/site-packages/airflow/example_dags/example_kubernetes_executor.py
[2023-06-19T12:38:55.818+0000] {logging_mixin.py:149} INFO - [2023-06-19T12:38:55.817+0000] {dag.py:2726} INFO - Sync 1 DAGs
[2023-06-19T12:38:55.858+0000] {logging_mixin.py:149} INFO - [2023-06-19T12:38:55.858+0000] {dag.py:3490} INFO - Setting next_dagrun for example_kubernetes_executor to None, run_after=None
[2023-06-19T12:38:55.882+0000] {processor.py:179} INFO - Processing /home/airflow/.local/lib/python3.7/site-packages/airflow/example_dags/example_kubernetes_executor.py took 0.546 seconds
[2023-06-19T12:39:26.437+0000] {processor.py:157} INFO - Started process (PID=229) to work on /home/airflow/.local/lib/python3.7/site-packages/airflow/example_dags/example_kubernetes_executor.py
[2023-06-19T12:39:26.443+0000] {processor.py:826} INFO - Processing file /home/airflow/.local/lib/python3.7/site-packages/airflow/example_dags/example_kubernetes_executor.py for tasks to queue
[2023-06-19T12:39:26.445+0000] {logging_mixin.py:149} INFO - [2023-06-19T12:39:26.445+0000] {dagbag.py:541} INFO - Filling up the DagBag from /home/airflow/.local/lib/python3.7/site-packages/airflow/example_dags/example_kubernetes_executor.py
[2023-06-19T12:39:26.779+0000] {processor.py:836} INFO - DAG(s) dict_keys(['example_kubernetes_executor']) retrieved from /home/airflow/.local/lib/python3.7/site-packages/airflow/example_dags/example_kubernetes_executor.py
[2023-06-19T12:39:26.859+0000] {logging_mixin.py:149} INFO - [2023-06-19T12:39:26.858+0000] {dag.py:2726} INFO - Sync 1 DAGs
[2023-06-19T12:39:26.947+0000] {logging_mixin.py:149} INFO - [2023-06-19T12:39:26.946+0000] {dag.py:3490} INFO - Setting next_dagrun for example_kubernetes_executor to None, run_after=None
[2023-06-19T12:39:26.976+0000] {processor.py:179} INFO - Processing /home/airflow/.local/lib/python3.7/site-packages/airflow/example_dags/example_kubernetes_executor.py took 0.550 seconds
[2023-06-19T12:39:58.053+0000] {processor.py:157} INFO - Started process (PID=293) to work on /home/airflow/.local/lib/python3.7/site-packages/airflow/example_dags/example_kubernetes_executor.py
[2023-06-19T12:39:58.055+0000] {processor.py:826} INFO - Processing file /home/airflow/.local/lib/python3.7/site-packages/airflow/example_dags/example_kubernetes_executor.py for tasks to queue
[2023-06-19T12:39:58.056+0000] {logging_mixin.py:149} INFO - [2023-06-19T12:39:58.056+0000] {dagbag.py:541} INFO - Filling up the DagBag from /home/airflow/.local/lib/python3.7/site-packages/airflow/example_dags/example_kubernetes_executor.py
[2023-06-19T12:39:58.315+0000] {processor.py:836} INFO - DAG(s) dict_keys(['example_kubernetes_executor']) retrieved from /home/airflow/.local/lib/python3.7/site-packages/airflow/example_dags/example_kubernetes_executor.py
[2023-06-19T12:39:58.373+0000] {logging_mixin.py:149} INFO - [2023-06-19T12:39:58.373+0000] {dag.py:2726} INFO - Sync 1 DAGs
[2023-06-19T12:39:58.398+0000] {logging_mixin.py:149} INFO - [2023-06-19T12:39:58.398+0000] {dag.py:3490} INFO - Setting next_dagrun for example_kubernetes_executor to None, run_after=None
[2023-06-19T12:39:58.420+0000] {processor.py:179} INFO - Processing /home/airflow/.local/lib/python3.7/site-packages/airflow/example_dags/example_kubernetes_executor.py took 0.370 seconds
