[2023-06-19T12:37:46.118+0000] {processor.py:157} INFO - Started process (PID=58) to work on /home/airflow/.local/lib/python3.7/site-packages/airflow/example_dags/example_local_kubernetes_executor.py
[2023-06-19T12:37:46.124+0000] {processor.py:826} INFO - Processing file /home/airflow/.local/lib/python3.7/site-packages/airflow/example_dags/example_local_kubernetes_executor.py for tasks to queue
[2023-06-19T12:37:46.132+0000] {logging_mixin.py:149} INFO - [2023-06-19T12:37:46.132+0000] {dagbag.py:541} INFO - Filling up the DagBag from /home/airflow/.local/lib/python3.7/site-packages/airflow/example_dags/example_local_kubernetes_executor.py
[2023-06-19T12:37:51.318+0000] {processor.py:836} INFO - DAG(s) dict_keys(['example_local_kubernetes_executor']) retrieved from /home/airflow/.local/lib/python3.7/site-packages/airflow/example_dags/example_local_kubernetes_executor.py
[2023-06-19T12:37:52.343+0000] {logging_mixin.py:149} INFO - [2023-06-19T12:37:52.340+0000] {manager.py:504} INFO - Created Permission View: can delete on DAG:example_local_kubernetes_executor
[2023-06-19T12:37:52.463+0000] {logging_mixin.py:149} INFO - [2023-06-19T12:37:52.461+0000] {manager.py:504} INFO - Created Permission View: can read on DAG:example_local_kubernetes_executor
[2023-06-19T12:37:52.539+0000] {logging_mixin.py:149} INFO - [2023-06-19T12:37:52.535+0000] {manager.py:504} INFO - Created Permission View: can edit on DAG:example_local_kubernetes_executor
[2023-06-19T12:37:52.662+0000] {logging_mixin.py:149} INFO - [2023-06-19T12:37:52.662+0000] {dag.py:2726} INFO - Sync 1 DAGs
[2023-06-19T12:37:52.768+0000] {logging_mixin.py:149} INFO - [2023-06-19T12:37:52.768+0000] {dag.py:2747} INFO - Creating ORM DAG for example_local_kubernetes_executor
[2023-06-19T12:37:52.941+0000] {logging_mixin.py:149} INFO - [2023-06-19T12:37:52.940+0000] {dag.py:3490} INFO - Setting next_dagrun for example_local_kubernetes_executor to None, run_after=None
[2023-06-19T12:37:53.113+0000] {processor.py:179} INFO - Processing /home/airflow/.local/lib/python3.7/site-packages/airflow/example_dags/example_local_kubernetes_executor.py took 7.027 seconds
[2023-06-19T12:38:23.580+0000] {processor.py:157} INFO - Started process (PID=115) to work on /home/airflow/.local/lib/python3.7/site-packages/airflow/example_dags/example_local_kubernetes_executor.py
[2023-06-19T12:38:23.586+0000] {processor.py:826} INFO - Processing file /home/airflow/.local/lib/python3.7/site-packages/airflow/example_dags/example_local_kubernetes_executor.py for tasks to queue
[2023-06-19T12:38:23.591+0000] {logging_mixin.py:149} INFO - [2023-06-19T12:38:23.591+0000] {dagbag.py:541} INFO - Filling up the DagBag from /home/airflow/.local/lib/python3.7/site-packages/airflow/example_dags/example_local_kubernetes_executor.py
[2023-06-19T12:38:24.526+0000] {processor.py:836} INFO - DAG(s) dict_keys(['example_local_kubernetes_executor']) retrieved from /home/airflow/.local/lib/python3.7/site-packages/airflow/example_dags/example_local_kubernetes_executor.py
[2023-06-19T12:38:24.686+0000] {logging_mixin.py:149} INFO - [2023-06-19T12:38:24.686+0000] {dag.py:2726} INFO - Sync 1 DAGs
[2023-06-19T12:38:24.847+0000] {logging_mixin.py:149} INFO - [2023-06-19T12:38:24.847+0000] {dag.py:3490} INFO - Setting next_dagrun for example_local_kubernetes_executor to None, run_after=None
[2023-06-19T12:38:24.907+0000] {processor.py:179} INFO - Processing /home/airflow/.local/lib/python3.7/site-packages/airflow/example_dags/example_local_kubernetes_executor.py took 1.351 seconds
[2023-06-19T12:38:55.336+0000] {processor.py:157} INFO - Started process (PID=172) to work on /home/airflow/.local/lib/python3.7/site-packages/airflow/example_dags/example_local_kubernetes_executor.py
[2023-06-19T12:38:55.339+0000] {processor.py:826} INFO - Processing file /home/airflow/.local/lib/python3.7/site-packages/airflow/example_dags/example_local_kubernetes_executor.py for tasks to queue
[2023-06-19T12:38:55.340+0000] {logging_mixin.py:149} INFO - [2023-06-19T12:38:55.340+0000] {dagbag.py:541} INFO - Filling up the DagBag from /home/airflow/.local/lib/python3.7/site-packages/airflow/example_dags/example_local_kubernetes_executor.py
[2023-06-19T12:38:55.688+0000] {processor.py:836} INFO - DAG(s) dict_keys(['example_local_kubernetes_executor']) retrieved from /home/airflow/.local/lib/python3.7/site-packages/airflow/example_dags/example_local_kubernetes_executor.py
[2023-06-19T12:38:55.816+0000] {logging_mixin.py:149} INFO - [2023-06-19T12:38:55.815+0000] {dag.py:2726} INFO - Sync 1 DAGs
[2023-06-19T12:38:55.858+0000] {logging_mixin.py:149} INFO - [2023-06-19T12:38:55.858+0000] {dag.py:3490} INFO - Setting next_dagrun for example_local_kubernetes_executor to None, run_after=None
[2023-06-19T12:38:55.882+0000] {processor.py:179} INFO - Processing /home/airflow/.local/lib/python3.7/site-packages/airflow/example_dags/example_local_kubernetes_executor.py took 0.552 seconds
[2023-06-19T12:39:26.437+0000] {processor.py:157} INFO - Started process (PID=228) to work on /home/airflow/.local/lib/python3.7/site-packages/airflow/example_dags/example_local_kubernetes_executor.py
[2023-06-19T12:39:26.443+0000] {processor.py:826} INFO - Processing file /home/airflow/.local/lib/python3.7/site-packages/airflow/example_dags/example_local_kubernetes_executor.py for tasks to queue
[2023-06-19T12:39:26.445+0000] {logging_mixin.py:149} INFO - [2023-06-19T12:39:26.445+0000] {dagbag.py:541} INFO - Filling up the DagBag from /home/airflow/.local/lib/python3.7/site-packages/airflow/example_dags/example_local_kubernetes_executor.py
[2023-06-19T12:39:26.777+0000] {processor.py:836} INFO - DAG(s) dict_keys(['example_local_kubernetes_executor']) retrieved from /home/airflow/.local/lib/python3.7/site-packages/airflow/example_dags/example_local_kubernetes_executor.py
[2023-06-19T12:39:26.860+0000] {logging_mixin.py:149} INFO - [2023-06-19T12:39:26.860+0000] {dag.py:2726} INFO - Sync 1 DAGs
[2023-06-19T12:39:26.949+0000] {logging_mixin.py:149} INFO - [2023-06-19T12:39:26.948+0000] {dag.py:3490} INFO - Setting next_dagrun for example_local_kubernetes_executor to None, run_after=None
[2023-06-19T12:39:26.976+0000] {processor.py:179} INFO - Processing /home/airflow/.local/lib/python3.7/site-packages/airflow/example_dags/example_local_kubernetes_executor.py took 0.561 seconds
[2023-06-19T12:39:58.052+0000] {processor.py:157} INFO - Started process (PID=292) to work on /home/airflow/.local/lib/python3.7/site-packages/airflow/example_dags/example_local_kubernetes_executor.py
[2023-06-19T12:39:58.055+0000] {processor.py:826} INFO - Processing file /home/airflow/.local/lib/python3.7/site-packages/airflow/example_dags/example_local_kubernetes_executor.py for tasks to queue
[2023-06-19T12:39:58.056+0000] {logging_mixin.py:149} INFO - [2023-06-19T12:39:58.056+0000] {dagbag.py:541} INFO - Filling up the DagBag from /home/airflow/.local/lib/python3.7/site-packages/airflow/example_dags/example_local_kubernetes_executor.py
[2023-06-19T12:39:58.313+0000] {processor.py:836} INFO - DAG(s) dict_keys(['example_local_kubernetes_executor']) retrieved from /home/airflow/.local/lib/python3.7/site-packages/airflow/example_dags/example_local_kubernetes_executor.py
[2023-06-19T12:39:58.373+0000] {logging_mixin.py:149} INFO - [2023-06-19T12:39:58.373+0000] {dag.py:2726} INFO - Sync 1 DAGs
[2023-06-19T12:39:58.398+0000] {logging_mixin.py:149} INFO - [2023-06-19T12:39:58.398+0000] {dag.py:3490} INFO - Setting next_dagrun for example_local_kubernetes_executor to None, run_after=None
[2023-06-19T12:39:58.420+0000] {processor.py:179} INFO - Processing /home/airflow/.local/lib/python3.7/site-packages/airflow/example_dags/example_local_kubernetes_executor.py took 0.374 seconds
