[2023-06-19T12:37:57.804+0000] {processor.py:157} INFO - Started process (PID=73) to work on /home/airflow/.local/lib/python3.7/site-packages/airflow/example_dags/example_latest_only_with_trigger.py
[2023-06-19T12:37:57.807+0000] {processor.py:826} INFO - Processing file /home/airflow/.local/lib/python3.7/site-packages/airflow/example_dags/example_latest_only_with_trigger.py for tasks to queue
[2023-06-19T12:37:57.809+0000] {logging_mixin.py:149} INFO - [2023-06-19T12:37:57.809+0000] {dagbag.py:541} INFO - Filling up the DagBag from /home/airflow/.local/lib/python3.7/site-packages/airflow/example_dags/example_latest_only_with_trigger.py
[2023-06-19T12:37:57.829+0000] {processor.py:836} INFO - DAG(s) dict_keys(['latest_only_with_trigger']) retrieved from /home/airflow/.local/lib/python3.7/site-packages/airflow/example_dags/example_latest_only_with_trigger.py
[2023-06-19T12:37:58.061+0000] {logging_mixin.py:149} INFO - [2023-06-19T12:37:58.060+0000] {manager.py:504} INFO - Created Permission View: can delete on DAG:latest_only_with_trigger
[2023-06-19T12:37:58.078+0000] {logging_mixin.py:149} INFO - [2023-06-19T12:37:58.078+0000] {manager.py:504} INFO - Created Permission View: can read on DAG:latest_only_with_trigger
[2023-06-19T12:37:58.090+0000] {logging_mixin.py:149} INFO - [2023-06-19T12:37:58.090+0000] {manager.py:504} INFO - Created Permission View: can edit on DAG:latest_only_with_trigger
[2023-06-19T12:37:58.133+0000] {logging_mixin.py:149} INFO - [2023-06-19T12:37:58.133+0000] {dag.py:2726} INFO - Sync 1 DAGs
[2023-06-19T12:37:58.164+0000] {logging_mixin.py:149} INFO - [2023-06-19T12:37:58.163+0000] {dag.py:2747} INFO - Creating ORM DAG for latest_only_with_trigger
[2023-06-19T12:37:58.186+0000] {logging_mixin.py:149} INFO - [2023-06-19T12:37:58.185+0000] {dag.py:3490} INFO - Setting next_dagrun for latest_only_with_trigger to 2023-06-19T08:37:58.185560+00:00, run_after=2023-06-19T12:37:58.185560+00:00
[2023-06-19T12:37:58.290+0000] {processor.py:179} INFO - Processing /home/airflow/.local/lib/python3.7/site-packages/airflow/example_dags/example_latest_only_with_trigger.py took 0.493 seconds
[2023-06-19T12:38:28.534+0000] {processor.py:157} INFO - Started process (PID=130) to work on /home/airflow/.local/lib/python3.7/site-packages/airflow/example_dags/example_latest_only_with_trigger.py
[2023-06-19T12:38:28.536+0000] {processor.py:826} INFO - Processing file /home/airflow/.local/lib/python3.7/site-packages/airflow/example_dags/example_latest_only_with_trigger.py for tasks to queue
[2023-06-19T12:38:28.537+0000] {logging_mixin.py:149} INFO - [2023-06-19T12:38:28.537+0000] {dagbag.py:541} INFO - Filling up the DagBag from /home/airflow/.local/lib/python3.7/site-packages/airflow/example_dags/example_latest_only_with_trigger.py
[2023-06-19T12:38:28.543+0000] {processor.py:836} INFO - DAG(s) dict_keys(['latest_only_with_trigger']) retrieved from /home/airflow/.local/lib/python3.7/site-packages/airflow/example_dags/example_latest_only_with_trigger.py
[2023-06-19T12:38:28.562+0000] {logging_mixin.py:149} INFO - [2023-06-19T12:38:28.562+0000] {dag.py:2726} INFO - Sync 1 DAGs
[2023-06-19T12:38:28.578+0000] {logging_mixin.py:149} INFO - [2023-06-19T12:38:28.578+0000] {dag.py:3490} INFO - Setting next_dagrun for latest_only_with_trigger to 2023-06-19T08:38:28.578430+00:00, run_after=2023-06-19T12:38:28.578430+00:00
[2023-06-19T12:38:28.590+0000] {processor.py:179} INFO - Processing /home/airflow/.local/lib/python3.7/site-packages/airflow/example_dags/example_latest_only_with_trigger.py took 0.061 seconds
[2023-06-19T12:38:59.328+0000] {processor.py:157} INFO - Started process (PID=186) to work on /home/airflow/.local/lib/python3.7/site-packages/airflow/example_dags/example_latest_only_with_trigger.py
[2023-06-19T12:38:59.329+0000] {processor.py:826} INFO - Processing file /home/airflow/.local/lib/python3.7/site-packages/airflow/example_dags/example_latest_only_with_trigger.py for tasks to queue
[2023-06-19T12:38:59.330+0000] {logging_mixin.py:149} INFO - [2023-06-19T12:38:59.329+0000] {dagbag.py:541} INFO - Filling up the DagBag from /home/airflow/.local/lib/python3.7/site-packages/airflow/example_dags/example_latest_only_with_trigger.py
[2023-06-19T12:38:59.335+0000] {processor.py:836} INFO - DAG(s) dict_keys(['latest_only_with_trigger']) retrieved from /home/airflow/.local/lib/python3.7/site-packages/airflow/example_dags/example_latest_only_with_trigger.py
[2023-06-19T12:38:59.354+0000] {logging_mixin.py:149} INFO - [2023-06-19T12:38:59.354+0000] {dag.py:2726} INFO - Sync 1 DAGs
[2023-06-19T12:38:59.372+0000] {logging_mixin.py:149} INFO - [2023-06-19T12:38:59.372+0000] {dag.py:3490} INFO - Setting next_dagrun for latest_only_with_trigger to 2023-06-19T08:38:59.372347+00:00, run_after=2023-06-19T12:38:59.372347+00:00
[2023-06-19T12:38:59.383+0000] {processor.py:179} INFO - Processing /home/airflow/.local/lib/python3.7/site-packages/airflow/example_dags/example_latest_only_with_trigger.py took 0.058 seconds
[2023-06-19T12:39:29.536+0000] {processor.py:157} INFO - Started process (PID=243) to work on /home/airflow/.local/lib/python3.7/site-packages/airflow/example_dags/example_latest_only_with_trigger.py
[2023-06-19T12:39:29.537+0000] {processor.py:826} INFO - Processing file /home/airflow/.local/lib/python3.7/site-packages/airflow/example_dags/example_latest_only_with_trigger.py for tasks to queue
[2023-06-19T12:39:29.538+0000] {logging_mixin.py:149} INFO - [2023-06-19T12:39:29.538+0000] {dagbag.py:541} INFO - Filling up the DagBag from /home/airflow/.local/lib/python3.7/site-packages/airflow/example_dags/example_latest_only_with_trigger.py
[2023-06-19T12:39:29.543+0000] {processor.py:836} INFO - DAG(s) dict_keys(['latest_only_with_trigger']) retrieved from /home/airflow/.local/lib/python3.7/site-packages/airflow/example_dags/example_latest_only_with_trigger.py
[2023-06-19T12:39:29.564+0000] {logging_mixin.py:149} INFO - [2023-06-19T12:39:29.564+0000] {dag.py:2726} INFO - Sync 1 DAGs
[2023-06-19T12:39:29.583+0000] {logging_mixin.py:149} INFO - [2023-06-19T12:39:29.583+0000] {dag.py:3490} INFO - Setting next_dagrun for latest_only_with_trigger to 2023-06-19T08:39:29.582881+00:00, run_after=2023-06-19T12:39:29.582881+00:00
[2023-06-19T12:39:29.618+0000] {processor.py:179} INFO - Processing /home/airflow/.local/lib/python3.7/site-packages/airflow/example_dags/example_latest_only_with_trigger.py took 0.084 seconds
[2023-06-19T12:39:59.883+0000] {processor.py:157} INFO - Started process (PID=300) to work on /home/airflow/.local/lib/python3.7/site-packages/airflow/example_dags/example_latest_only_with_trigger.py
[2023-06-19T12:39:59.885+0000] {processor.py:826} INFO - Processing file /home/airflow/.local/lib/python3.7/site-packages/airflow/example_dags/example_latest_only_with_trigger.py for tasks to queue
[2023-06-19T12:39:59.886+0000] {logging_mixin.py:149} INFO - [2023-06-19T12:39:59.886+0000] {dagbag.py:541} INFO - Filling up the DagBag from /home/airflow/.local/lib/python3.7/site-packages/airflow/example_dags/example_latest_only_with_trigger.py
[2023-06-19T12:39:59.893+0000] {processor.py:836} INFO - DAG(s) dict_keys(['latest_only_with_trigger']) retrieved from /home/airflow/.local/lib/python3.7/site-packages/airflow/example_dags/example_latest_only_with_trigger.py
[2023-06-19T12:39:59.913+0000] {logging_mixin.py:149} INFO - [2023-06-19T12:39:59.913+0000] {dag.py:2726} INFO - Sync 1 DAGs
[2023-06-19T12:39:59.930+0000] {logging_mixin.py:149} INFO - [2023-06-19T12:39:59.930+0000] {dag.py:3490} INFO - Setting next_dagrun for latest_only_with_trigger to 2023-06-19T08:39:59.930428+00:00, run_after=2023-06-19T12:39:59.930428+00:00
[2023-06-19T12:39:59.942+0000] {processor.py:179} INFO - Processing /home/airflow/.local/lib/python3.7/site-packages/airflow/example_dags/example_latest_only_with_trigger.py took 0.064 seconds
