[2023-06-19T12:37:38.739+0000] {processor.py:157} INFO - Started process (PID=46) to work on /home/airflow/.local/lib/python3.7/site-packages/airflow/example_dags/example_xcom.py
[2023-06-19T12:37:38.742+0000] {processor.py:826} INFO - Processing file /home/airflow/.local/lib/python3.7/site-packages/airflow/example_dags/example_xcom.py for tasks to queue
[2023-06-19T12:37:38.744+0000] {logging_mixin.py:149} INFO - [2023-06-19T12:37:38.744+0000] {dagbag.py:541} INFO - Filling up the DagBag from /home/airflow/.local/lib/python3.7/site-packages/airflow/example_dags/example_xcom.py
[2023-06-19T12:37:38.833+0000] {processor.py:836} INFO - DAG(s) dict_keys(['example_xcom']) retrieved from /home/airflow/.local/lib/python3.7/site-packages/airflow/example_dags/example_xcom.py
[2023-06-19T12:37:39.232+0000] {logging_mixin.py:149} INFO - [2023-06-19T12:37:39.231+0000] {manager.py:504} INFO - Created Permission View: can delete on DAG:example_xcom
[2023-06-19T12:37:39.283+0000] {logging_mixin.py:149} INFO - [2023-06-19T12:37:39.282+0000] {manager.py:504} INFO - Created Permission View: can read on DAG:example_xcom
[2023-06-19T12:37:39.290+0000] {logging_mixin.py:149} INFO - [2023-06-19T12:37:39.290+0000] {manager.py:504} INFO - Created Permission View: can edit on DAG:example_xcom
[2023-06-19T12:37:39.328+0000] {logging_mixin.py:149} INFO - [2023-06-19T12:37:39.327+0000] {dag.py:2726} INFO - Sync 1 DAGs
[2023-06-19T12:37:39.355+0000] {logging_mixin.py:149} INFO - [2023-06-19T12:37:39.355+0000] {dag.py:2747} INFO - Creating ORM DAG for example_xcom
[2023-06-19T12:37:39.368+0000] {logging_mixin.py:149} INFO - [2023-06-19T12:37:39.368+0000] {dag.py:3490} INFO - Setting next_dagrun for example_xcom to 2021-01-01T00:00:00+00:00, run_after=2021-01-01T00:00:00+00:00
[2023-06-19T12:37:39.417+0000] {processor.py:179} INFO - Processing /home/airflow/.local/lib/python3.7/site-packages/airflow/example_dags/example_xcom.py took 0.689 seconds
[2023-06-19T12:38:09.772+0000] {processor.py:157} INFO - Started process (PID=103) to work on /home/airflow/.local/lib/python3.7/site-packages/airflow/example_dags/example_xcom.py
[2023-06-19T12:38:09.773+0000] {processor.py:826} INFO - Processing file /home/airflow/.local/lib/python3.7/site-packages/airflow/example_dags/example_xcom.py for tasks to queue
[2023-06-19T12:38:09.774+0000] {logging_mixin.py:149} INFO - [2023-06-19T12:38:09.774+0000] {dagbag.py:541} INFO - Filling up the DagBag from /home/airflow/.local/lib/python3.7/site-packages/airflow/example_dags/example_xcom.py
[2023-06-19T12:38:09.780+0000] {processor.py:836} INFO - DAG(s) dict_keys(['example_xcom']) retrieved from /home/airflow/.local/lib/python3.7/site-packages/airflow/example_dags/example_xcom.py
[2023-06-19T12:38:09.800+0000] {logging_mixin.py:149} INFO - [2023-06-19T12:38:09.799+0000] {dag.py:2726} INFO - Sync 1 DAGs
[2023-06-19T12:38:09.815+0000] {logging_mixin.py:149} INFO - [2023-06-19T12:38:09.815+0000] {dag.py:3490} INFO - Setting next_dagrun for example_xcom to 2021-01-01T00:00:00+00:00, run_after=2021-01-01T00:00:00+00:00
[2023-06-19T12:38:09.829+0000] {processor.py:179} INFO - Processing /home/airflow/.local/lib/python3.7/site-packages/airflow/example_dags/example_xcom.py took 0.061 seconds
[2023-06-19T12:38:40.860+0000] {processor.py:157} INFO - Started process (PID=160) to work on /home/airflow/.local/lib/python3.7/site-packages/airflow/example_dags/example_xcom.py
[2023-06-19T12:38:40.861+0000] {processor.py:826} INFO - Processing file /home/airflow/.local/lib/python3.7/site-packages/airflow/example_dags/example_xcom.py for tasks to queue
[2023-06-19T12:38:40.863+0000] {logging_mixin.py:149} INFO - [2023-06-19T12:38:40.863+0000] {dagbag.py:541} INFO - Filling up the DagBag from /home/airflow/.local/lib/python3.7/site-packages/airflow/example_dags/example_xcom.py
[2023-06-19T12:38:40.874+0000] {processor.py:836} INFO - DAG(s) dict_keys(['example_xcom']) retrieved from /home/airflow/.local/lib/python3.7/site-packages/airflow/example_dags/example_xcom.py
[2023-06-19T12:38:40.904+0000] {logging_mixin.py:149} INFO - [2023-06-19T12:38:40.904+0000] {dag.py:2726} INFO - Sync 1 DAGs
[2023-06-19T12:38:40.923+0000] {logging_mixin.py:149} INFO - [2023-06-19T12:38:40.923+0000] {dag.py:3490} INFO - Setting next_dagrun for example_xcom to 2021-01-01T00:00:00+00:00, run_after=2021-01-01T00:00:00+00:00
[2023-06-19T12:38:40.937+0000] {processor.py:179} INFO - Processing /home/airflow/.local/lib/python3.7/site-packages/airflow/example_dags/example_xcom.py took 0.081 seconds
[2023-06-19T12:39:11.265+0000] {processor.py:157} INFO - Started process (PID=216) to work on /home/airflow/.local/lib/python3.7/site-packages/airflow/example_dags/example_xcom.py
[2023-06-19T12:39:11.267+0000] {processor.py:826} INFO - Processing file /home/airflow/.local/lib/python3.7/site-packages/airflow/example_dags/example_xcom.py for tasks to queue
[2023-06-19T12:39:11.268+0000] {logging_mixin.py:149} INFO - [2023-06-19T12:39:11.268+0000] {dagbag.py:541} INFO - Filling up the DagBag from /home/airflow/.local/lib/python3.7/site-packages/airflow/example_dags/example_xcom.py
[2023-06-19T12:39:11.275+0000] {processor.py:836} INFO - DAG(s) dict_keys(['example_xcom']) retrieved from /home/airflow/.local/lib/python3.7/site-packages/airflow/example_dags/example_xcom.py
[2023-06-19T12:39:11.296+0000] {logging_mixin.py:149} INFO - [2023-06-19T12:39:11.296+0000] {dag.py:2726} INFO - Sync 1 DAGs
[2023-06-19T12:39:11.313+0000] {logging_mixin.py:149} INFO - [2023-06-19T12:39:11.313+0000] {dag.py:3490} INFO - Setting next_dagrun for example_xcom to 2021-01-01T00:00:00+00:00, run_after=2021-01-01T00:00:00+00:00
[2023-06-19T12:39:11.324+0000] {processor.py:179} INFO - Processing /home/airflow/.local/lib/python3.7/site-packages/airflow/example_dags/example_xcom.py took 0.062 seconds
[2023-06-19T12:39:41.971+0000] {processor.py:157} INFO - Started process (PID=273) to work on /home/airflow/.local/lib/python3.7/site-packages/airflow/example_dags/example_xcom.py
[2023-06-19T12:39:41.973+0000] {processor.py:826} INFO - Processing file /home/airflow/.local/lib/python3.7/site-packages/airflow/example_dags/example_xcom.py for tasks to queue
[2023-06-19T12:39:41.974+0000] {logging_mixin.py:149} INFO - [2023-06-19T12:39:41.974+0000] {dagbag.py:541} INFO - Filling up the DagBag from /home/airflow/.local/lib/python3.7/site-packages/airflow/example_dags/example_xcom.py
[2023-06-19T12:39:41.984+0000] {processor.py:836} INFO - DAG(s) dict_keys(['example_xcom']) retrieved from /home/airflow/.local/lib/python3.7/site-packages/airflow/example_dags/example_xcom.py
[2023-06-19T12:39:42.008+0000] {logging_mixin.py:149} INFO - [2023-06-19T12:39:42.008+0000] {dag.py:2726} INFO - Sync 1 DAGs
[2023-06-19T12:39:42.024+0000] {logging_mixin.py:149} INFO - [2023-06-19T12:39:42.024+0000] {dag.py:3490} INFO - Setting next_dagrun for example_xcom to 2021-01-01T00:00:00+00:00, run_after=2021-01-01T00:00:00+00:00
[2023-06-19T12:39:42.037+0000] {processor.py:179} INFO - Processing /home/airflow/.local/lib/python3.7/site-packages/airflow/example_dags/example_xcom.py took 0.072 seconds
