[2023-06-19T12:38:00.141+0000] {processor.py:157} INFO - Started process (PID=78) to work on /home/airflow/.local/lib/python3.7/site-packages/airflow/example_dags/example_nested_branch_dag.py
[2023-06-19T12:38:00.147+0000] {processor.py:826} INFO - Processing file /home/airflow/.local/lib/python3.7/site-packages/airflow/example_dags/example_nested_branch_dag.py for tasks to queue
[2023-06-19T12:38:00.151+0000] {logging_mixin.py:149} INFO - [2023-06-19T12:38:00.150+0000] {dagbag.py:541} INFO - Filling up the DagBag from /home/airflow/.local/lib/python3.7/site-packages/airflow/example_dags/example_nested_branch_dag.py
[2023-06-19T12:38:00.178+0000] {processor.py:836} INFO - DAG(s) dict_keys(['example_nested_branch_dag']) retrieved from /home/airflow/.local/lib/python3.7/site-packages/airflow/example_dags/example_nested_branch_dag.py
[2023-06-19T12:38:00.510+0000] {logging_mixin.py:149} INFO - [2023-06-19T12:38:00.509+0000] {manager.py:504} INFO - Created Permission View: can delete on DAG:example_nested_branch_dag
[2023-06-19T12:38:00.577+0000] {logging_mixin.py:149} INFO - [2023-06-19T12:38:00.566+0000] {manager.py:504} INFO - Created Permission View: can read on DAG:example_nested_branch_dag
[2023-06-19T12:38:00.620+0000] {logging_mixin.py:149} INFO - [2023-06-19T12:38:00.620+0000] {manager.py:504} INFO - Created Permission View: can edit on DAG:example_nested_branch_dag
[2023-06-19T12:38:00.671+0000] {logging_mixin.py:149} INFO - [2023-06-19T12:38:00.670+0000] {dag.py:2726} INFO - Sync 1 DAGs
[2023-06-19T12:38:00.690+0000] {logging_mixin.py:149} INFO - [2023-06-19T12:38:00.690+0000] {dag.py:2747} INFO - Creating ORM DAG for example_nested_branch_dag
[2023-06-19T12:38:00.729+0000] {logging_mixin.py:149} INFO - [2023-06-19T12:38:00.729+0000] {dag.py:3490} INFO - Setting next_dagrun for example_nested_branch_dag to 2023-06-18T00:00:00+00:00, run_after=2023-06-19T00:00:00+00:00
[2023-06-19T12:38:00.804+0000] {processor.py:179} INFO - Processing /home/airflow/.local/lib/python3.7/site-packages/airflow/example_dags/example_nested_branch_dag.py took 0.673 seconds
[2023-06-19T12:38:30.991+0000] {processor.py:157} INFO - Started process (PID=135) to work on /home/airflow/.local/lib/python3.7/site-packages/airflow/example_dags/example_nested_branch_dag.py
[2023-06-19T12:38:30.992+0000] {processor.py:826} INFO - Processing file /home/airflow/.local/lib/python3.7/site-packages/airflow/example_dags/example_nested_branch_dag.py for tasks to queue
[2023-06-19T12:38:30.993+0000] {logging_mixin.py:149} INFO - [2023-06-19T12:38:30.993+0000] {dagbag.py:541} INFO - Filling up the DagBag from /home/airflow/.local/lib/python3.7/site-packages/airflow/example_dags/example_nested_branch_dag.py
[2023-06-19T12:38:31.009+0000] {processor.py:836} INFO - DAG(s) dict_keys(['example_nested_branch_dag']) retrieved from /home/airflow/.local/lib/python3.7/site-packages/airflow/example_dags/example_nested_branch_dag.py
[2023-06-19T12:38:31.055+0000] {logging_mixin.py:149} INFO - [2023-06-19T12:38:31.055+0000] {dag.py:2726} INFO - Sync 1 DAGs
[2023-06-19T12:38:31.080+0000] {logging_mixin.py:149} INFO - [2023-06-19T12:38:31.080+0000] {dag.py:3490} INFO - Setting next_dagrun for example_nested_branch_dag to 2023-06-18T00:00:00+00:00, run_after=2023-06-19T00:00:00+00:00
[2023-06-19T12:38:31.095+0000] {processor.py:179} INFO - Processing /home/airflow/.local/lib/python3.7/site-packages/airflow/example_dags/example_nested_branch_dag.py took 0.108 seconds
[2023-06-19T12:39:01.592+0000] {processor.py:157} INFO - Started process (PID=191) to work on /home/airflow/.local/lib/python3.7/site-packages/airflow/example_dags/example_nested_branch_dag.py
[2023-06-19T12:39:01.593+0000] {processor.py:826} INFO - Processing file /home/airflow/.local/lib/python3.7/site-packages/airflow/example_dags/example_nested_branch_dag.py for tasks to queue
[2023-06-19T12:39:01.594+0000] {logging_mixin.py:149} INFO - [2023-06-19T12:39:01.594+0000] {dagbag.py:541} INFO - Filling up the DagBag from /home/airflow/.local/lib/python3.7/site-packages/airflow/example_dags/example_nested_branch_dag.py
[2023-06-19T12:39:01.605+0000] {processor.py:836} INFO - DAG(s) dict_keys(['example_nested_branch_dag']) retrieved from /home/airflow/.local/lib/python3.7/site-packages/airflow/example_dags/example_nested_branch_dag.py
[2023-06-19T12:39:01.628+0000] {logging_mixin.py:149} INFO - [2023-06-19T12:39:01.628+0000] {dag.py:2726} INFO - Sync 1 DAGs
[2023-06-19T12:39:01.645+0000] {logging_mixin.py:149} INFO - [2023-06-19T12:39:01.645+0000] {dag.py:3490} INFO - Setting next_dagrun for example_nested_branch_dag to 2023-06-18T00:00:00+00:00, run_after=2023-06-19T00:00:00+00:00
[2023-06-19T12:39:01.657+0000] {processor.py:179} INFO - Processing /home/airflow/.local/lib/python3.7/site-packages/airflow/example_dags/example_nested_branch_dag.py took 0.070 seconds
[2023-06-19T12:39:31.800+0000] {processor.py:157} INFO - Started process (PID=248) to work on /home/airflow/.local/lib/python3.7/site-packages/airflow/example_dags/example_nested_branch_dag.py
[2023-06-19T12:39:31.801+0000] {processor.py:826} INFO - Processing file /home/airflow/.local/lib/python3.7/site-packages/airflow/example_dags/example_nested_branch_dag.py for tasks to queue
[2023-06-19T12:39:31.802+0000] {logging_mixin.py:149} INFO - [2023-06-19T12:39:31.802+0000] {dagbag.py:541} INFO - Filling up the DagBag from /home/airflow/.local/lib/python3.7/site-packages/airflow/example_dags/example_nested_branch_dag.py
[2023-06-19T12:39:31.809+0000] {processor.py:836} INFO - DAG(s) dict_keys(['example_nested_branch_dag']) retrieved from /home/airflow/.local/lib/python3.7/site-packages/airflow/example_dags/example_nested_branch_dag.py
[2023-06-19T12:39:31.829+0000] {logging_mixin.py:149} INFO - [2023-06-19T12:39:31.829+0000] {dag.py:2726} INFO - Sync 1 DAGs
[2023-06-19T12:39:31.852+0000] {logging_mixin.py:149} INFO - [2023-06-19T12:39:31.852+0000] {dag.py:3490} INFO - Setting next_dagrun for example_nested_branch_dag to 2023-06-18T00:00:00+00:00, run_after=2023-06-19T00:00:00+00:00
[2023-06-19T12:39:31.865+0000] {processor.py:179} INFO - Processing /home/airflow/.local/lib/python3.7/site-packages/airflow/example_dags/example_nested_branch_dag.py took 0.068 seconds
[2023-06-19T12:40:02.127+0000] {processor.py:157} INFO - Started process (PID=305) to work on /home/airflow/.local/lib/python3.7/site-packages/airflow/example_dags/example_nested_branch_dag.py
[2023-06-19T12:40:02.128+0000] {processor.py:826} INFO - Processing file /home/airflow/.local/lib/python3.7/site-packages/airflow/example_dags/example_nested_branch_dag.py for tasks to queue
[2023-06-19T12:40:02.129+0000] {logging_mixin.py:149} INFO - [2023-06-19T12:40:02.129+0000] {dagbag.py:541} INFO - Filling up the DagBag from /home/airflow/.local/lib/python3.7/site-packages/airflow/example_dags/example_nested_branch_dag.py
[2023-06-19T12:40:02.136+0000] {processor.py:836} INFO - DAG(s) dict_keys(['example_nested_branch_dag']) retrieved from /home/airflow/.local/lib/python3.7/site-packages/airflow/example_dags/example_nested_branch_dag.py
[2023-06-19T12:40:02.159+0000] {logging_mixin.py:149} INFO - [2023-06-19T12:40:02.159+0000] {dag.py:2726} INFO - Sync 1 DAGs
[2023-06-19T12:40:02.180+0000] {logging_mixin.py:149} INFO - [2023-06-19T12:40:02.180+0000] {dag.py:3490} INFO - Setting next_dagrun for example_nested_branch_dag to 2023-06-18T00:00:00+00:00, run_after=2023-06-19T00:00:00+00:00
[2023-06-19T12:40:02.193+0000] {processor.py:179} INFO - Processing /home/airflow/.local/lib/python3.7/site-packages/airflow/example_dags/example_nested_branch_dag.py took 0.069 seconds
