[2023-06-19T12:37:42.118+0000] {processor.py:157} INFO - Started process (PID=54) to work on /home/airflow/.local/lib/python3.7/site-packages/airflow/example_dags/example_python_operator.py
[2023-06-19T12:37:42.122+0000] {processor.py:826} INFO - Processing file /home/airflow/.local/lib/python3.7/site-packages/airflow/example_dags/example_python_operator.py for tasks to queue
[2023-06-19T12:37:42.124+0000] {logging_mixin.py:149} INFO - [2023-06-19T12:37:42.124+0000] {dagbag.py:541} INFO - Filling up the DagBag from /home/airflow/.local/lib/python3.7/site-packages/airflow/example_dags/example_python_operator.py
[2023-06-19T12:37:42.163+0000] {processor.py:836} INFO - DAG(s) dict_keys(['example_python_operator']) retrieved from /home/airflow/.local/lib/python3.7/site-packages/airflow/example_dags/example_python_operator.py
[2023-06-19T12:37:42.907+0000] {logging_mixin.py:149} INFO - [2023-06-19T12:37:42.906+0000] {manager.py:504} INFO - Created Permission View: can delete on DAG:example_python_operator
[2023-06-19T12:37:42.940+0000] {logging_mixin.py:149} INFO - [2023-06-19T12:37:42.938+0000] {manager.py:504} INFO - Created Permission View: can read on DAG:example_python_operator
[2023-06-19T12:37:42.965+0000] {logging_mixin.py:149} INFO - [2023-06-19T12:37:42.965+0000] {manager.py:504} INFO - Created Permission View: can edit on DAG:example_python_operator
[2023-06-19T12:37:43.025+0000] {logging_mixin.py:149} INFO - [2023-06-19T12:37:43.025+0000] {dag.py:2726} INFO - Sync 1 DAGs
[2023-06-19T12:37:43.108+0000] {logging_mixin.py:149} INFO - [2023-06-19T12:37:43.108+0000] {dag.py:2747} INFO - Creating ORM DAG for example_python_operator
[2023-06-19T12:37:43.152+0000] {logging_mixin.py:149} INFO - [2023-06-19T12:37:43.151+0000] {dag.py:3490} INFO - Setting next_dagrun for example_python_operator to None, run_after=None
[2023-06-19T12:37:43.191+0000] {processor.py:179} INFO - Processing /home/airflow/.local/lib/python3.7/site-packages/airflow/example_dags/example_python_operator.py took 1.083 seconds
[2023-06-19T12:38:13.376+0000] {processor.py:157} INFO - Started process (PID=111) to work on /home/airflow/.local/lib/python3.7/site-packages/airflow/example_dags/example_python_operator.py
[2023-06-19T12:38:13.378+0000] {processor.py:826} INFO - Processing file /home/airflow/.local/lib/python3.7/site-packages/airflow/example_dags/example_python_operator.py for tasks to queue
[2023-06-19T12:38:13.379+0000] {logging_mixin.py:149} INFO - [2023-06-19T12:38:13.379+0000] {dagbag.py:541} INFO - Filling up the DagBag from /home/airflow/.local/lib/python3.7/site-packages/airflow/example_dags/example_python_operator.py
[2023-06-19T12:38:13.417+0000] {processor.py:836} INFO - DAG(s) dict_keys(['example_python_operator']) retrieved from /home/airflow/.local/lib/python3.7/site-packages/airflow/example_dags/example_python_operator.py
[2023-06-19T12:38:13.502+0000] {logging_mixin.py:149} INFO - [2023-06-19T12:38:13.502+0000] {dag.py:2726} INFO - Sync 1 DAGs
[2023-06-19T12:38:13.579+0000] {logging_mixin.py:149} INFO - [2023-06-19T12:38:13.579+0000] {dag.py:3490} INFO - Setting next_dagrun for example_python_operator to None, run_after=None
[2023-06-19T12:38:13.660+0000] {processor.py:179} INFO - Processing /home/airflow/.local/lib/python3.7/site-packages/airflow/example_dags/example_python_operator.py took 0.288 seconds
[2023-06-19T12:38:43.749+0000] {processor.py:157} INFO - Started process (PID=168) to work on /home/airflow/.local/lib/python3.7/site-packages/airflow/example_dags/example_python_operator.py
[2023-06-19T12:38:43.752+0000] {processor.py:826} INFO - Processing file /home/airflow/.local/lib/python3.7/site-packages/airflow/example_dags/example_python_operator.py for tasks to queue
[2023-06-19T12:38:43.755+0000] {logging_mixin.py:149} INFO - [2023-06-19T12:38:43.755+0000] {dagbag.py:541} INFO - Filling up the DagBag from /home/airflow/.local/lib/python3.7/site-packages/airflow/example_dags/example_python_operator.py
[2023-06-19T12:38:43.776+0000] {processor.py:836} INFO - DAG(s) dict_keys(['example_python_operator']) retrieved from /home/airflow/.local/lib/python3.7/site-packages/airflow/example_dags/example_python_operator.py
[2023-06-19T12:38:43.819+0000] {logging_mixin.py:149} INFO - [2023-06-19T12:38:43.819+0000] {dag.py:2726} INFO - Sync 1 DAGs
[2023-06-19T12:38:43.838+0000] {logging_mixin.py:149} INFO - [2023-06-19T12:38:43.838+0000] {dag.py:3490} INFO - Setting next_dagrun for example_python_operator to None, run_after=None
[2023-06-19T12:38:43.864+0000] {processor.py:179} INFO - Processing /home/airflow/.local/lib/python3.7/site-packages/airflow/example_dags/example_python_operator.py took 0.119 seconds
[2023-06-19T12:39:14.913+0000] {processor.py:157} INFO - Started process (PID=224) to work on /home/airflow/.local/lib/python3.7/site-packages/airflow/example_dags/example_python_operator.py
[2023-06-19T12:39:14.915+0000] {processor.py:826} INFO - Processing file /home/airflow/.local/lib/python3.7/site-packages/airflow/example_dags/example_python_operator.py for tasks to queue
[2023-06-19T12:39:14.915+0000] {logging_mixin.py:149} INFO - [2023-06-19T12:39:14.915+0000] {dagbag.py:541} INFO - Filling up the DagBag from /home/airflow/.local/lib/python3.7/site-packages/airflow/example_dags/example_python_operator.py
[2023-06-19T12:39:14.924+0000] {processor.py:836} INFO - DAG(s) dict_keys(['example_python_operator']) retrieved from /home/airflow/.local/lib/python3.7/site-packages/airflow/example_dags/example_python_operator.py
[2023-06-19T12:39:14.948+0000] {logging_mixin.py:149} INFO - [2023-06-19T12:39:14.947+0000] {dag.py:2726} INFO - Sync 1 DAGs
[2023-06-19T12:39:14.965+0000] {logging_mixin.py:149} INFO - [2023-06-19T12:39:14.965+0000] {dag.py:3490} INFO - Setting next_dagrun for example_python_operator to None, run_after=None
[2023-06-19T12:39:14.978+0000] {processor.py:179} INFO - Processing /home/airflow/.local/lib/python3.7/site-packages/airflow/example_dags/example_python_operator.py took 0.068 seconds
[2023-06-19T12:39:45.608+0000] {processor.py:157} INFO - Started process (PID=281) to work on /home/airflow/.local/lib/python3.7/site-packages/airflow/example_dags/example_python_operator.py
[2023-06-19T12:39:45.609+0000] {processor.py:826} INFO - Processing file /home/airflow/.local/lib/python3.7/site-packages/airflow/example_dags/example_python_operator.py for tasks to queue
[2023-06-19T12:39:45.610+0000] {logging_mixin.py:149} INFO - [2023-06-19T12:39:45.610+0000] {dagbag.py:541} INFO - Filling up the DagBag from /home/airflow/.local/lib/python3.7/site-packages/airflow/example_dags/example_python_operator.py
[2023-06-19T12:39:45.618+0000] {processor.py:836} INFO - DAG(s) dict_keys(['example_python_operator']) retrieved from /home/airflow/.local/lib/python3.7/site-packages/airflow/example_dags/example_python_operator.py
[2023-06-19T12:39:45.644+0000] {logging_mixin.py:149} INFO - [2023-06-19T12:39:45.644+0000] {dag.py:2726} INFO - Sync 1 DAGs
[2023-06-19T12:39:45.662+0000] {logging_mixin.py:149} INFO - [2023-06-19T12:39:45.662+0000] {dag.py:3490} INFO - Setting next_dagrun for example_python_operator to None, run_after=None
[2023-06-19T12:39:45.678+0000] {processor.py:179} INFO - Processing /home/airflow/.local/lib/python3.7/site-packages/airflow/example_dags/example_python_operator.py took 0.074 seconds
