[2023-06-19T12:37:43.346+0000] {processor.py:157} INFO - Started process (PID=56) to work on /home/airflow/.local/lib/python3.7/site-packages/airflow/example_dags/example_datasets.py
[2023-06-19T12:37:43.350+0000] {processor.py:826} INFO - Processing file /home/airflow/.local/lib/python3.7/site-packages/airflow/example_dags/example_datasets.py for tasks to queue
[2023-06-19T12:37:43.353+0000] {logging_mixin.py:149} INFO - [2023-06-19T12:37:43.353+0000] {dagbag.py:541} INFO - Filling up the DagBag from /home/airflow/.local/lib/python3.7/site-packages/airflow/example_dags/example_datasets.py
[2023-06-19T12:37:43.396+0000] {processor.py:836} INFO - DAG(s) dict_keys(['dataset_consumes_unknown_never_scheduled', 'dataset_produces_2', 'dataset_consumes_1', 'dataset_produces_1', 'dataset_consumes_1_never_scheduled', 'dataset_consumes_1_and_2']) retrieved from /home/airflow/.local/lib/python3.7/site-packages/airflow/example_dags/example_datasets.py
[2023-06-19T12:37:44.143+0000] {logging_mixin.py:149} INFO - [2023-06-19T12:37:44.141+0000] {manager.py:504} INFO - Created Permission View: can delete on DAG:dataset_consumes_unknown_never_scheduled
[2023-06-19T12:37:44.206+0000] {logging_mixin.py:149} INFO - [2023-06-19T12:37:44.206+0000] {manager.py:504} INFO - Created Permission View: can read on DAG:dataset_consumes_unknown_never_scheduled
[2023-06-19T12:37:44.281+0000] {logging_mixin.py:149} INFO - [2023-06-19T12:37:44.279+0000] {manager.py:504} INFO - Created Permission View: can edit on DAG:dataset_consumes_unknown_never_scheduled
[2023-06-19T12:37:44.685+0000] {logging_mixin.py:149} INFO - [2023-06-19T12:37:44.683+0000] {manager.py:504} INFO - Created Permission View: can delete on DAG:dataset_produces_2
[2023-06-19T12:37:44.902+0000] {logging_mixin.py:149} INFO - [2023-06-19T12:37:44.901+0000] {manager.py:504} INFO - Created Permission View: can read on DAG:dataset_produces_2
[2023-06-19T12:37:45.091+0000] {logging_mixin.py:149} INFO - [2023-06-19T12:37:45.090+0000] {manager.py:504} INFO - Created Permission View: can edit on DAG:dataset_produces_2
[2023-06-19T12:37:45.620+0000] {logging_mixin.py:149} INFO - [2023-06-19T12:37:45.619+0000] {manager.py:504} INFO - Created Permission View: can delete on DAG:dataset_consumes_1
[2023-06-19T12:37:45.645+0000] {logging_mixin.py:149} INFO - [2023-06-19T12:37:45.645+0000] {manager.py:504} INFO - Created Permission View: can read on DAG:dataset_consumes_1
[2023-06-19T12:37:45.704+0000] {logging_mixin.py:149} INFO - [2023-06-19T12:37:45.704+0000] {manager.py:504} INFO - Created Permission View: can edit on DAG:dataset_consumes_1
[2023-06-19T12:37:45.867+0000] {logging_mixin.py:149} INFO - [2023-06-19T12:37:45.865+0000] {manager.py:504} INFO - Created Permission View: can delete on DAG:dataset_produces_1
[2023-06-19T12:37:45.891+0000] {logging_mixin.py:149} INFO - [2023-06-19T12:37:45.890+0000] {manager.py:504} INFO - Created Permission View: can read on DAG:dataset_produces_1
[2023-06-19T12:37:45.924+0000] {logging_mixin.py:149} INFO - [2023-06-19T12:37:45.923+0000] {manager.py:504} INFO - Created Permission View: can edit on DAG:dataset_produces_1
[2023-06-19T12:37:45.971+0000] {logging_mixin.py:149} INFO - [2023-06-19T12:37:45.971+0000] {manager.py:504} INFO - Created Permission View: can delete on DAG:dataset_consumes_1_never_scheduled
[2023-06-19T12:37:46.007+0000] {logging_mixin.py:149} INFO - [2023-06-19T12:37:46.006+0000] {manager.py:504} INFO - Created Permission View: can read on DAG:dataset_consumes_1_never_scheduled
[2023-06-19T12:37:46.029+0000] {logging_mixin.py:149} INFO - [2023-06-19T12:37:46.028+0000] {manager.py:504} INFO - Created Permission View: can edit on DAG:dataset_consumes_1_never_scheduled
[2023-06-19T12:37:46.085+0000] {logging_mixin.py:149} INFO - [2023-06-19T12:37:46.085+0000] {manager.py:504} INFO - Created Permission View: can delete on DAG:dataset_consumes_1_and_2
[2023-06-19T12:37:46.115+0000] {logging_mixin.py:149} INFO - [2023-06-19T12:37:46.114+0000] {manager.py:504} INFO - Created Permission View: can read on DAG:dataset_consumes_1_and_2
[2023-06-19T12:37:46.134+0000] {logging_mixin.py:149} INFO - [2023-06-19T12:37:46.134+0000] {manager.py:504} INFO - Created Permission View: can edit on DAG:dataset_consumes_1_and_2
[2023-06-19T12:37:46.150+0000] {logging_mixin.py:149} INFO - [2023-06-19T12:37:46.150+0000] {dag.py:2726} INFO - Sync 6 DAGs
[2023-06-19T12:37:46.227+0000] {logging_mixin.py:149} INFO - [2023-06-19T12:37:46.226+0000] {dag.py:2747} INFO - Creating ORM DAG for dataset_consumes_1
[2023-06-19T12:37:46.240+0000] {logging_mixin.py:149} INFO - [2023-06-19T12:37:46.240+0000] {dag.py:2747} INFO - Creating ORM DAG for dataset_produces_2
[2023-06-19T12:37:46.243+0000] {logging_mixin.py:149} INFO - [2023-06-19T12:37:46.243+0000] {dag.py:2747} INFO - Creating ORM DAG for dataset_consumes_unknown_never_scheduled
[2023-06-19T12:37:46.260+0000] {logging_mixin.py:149} INFO - [2023-06-19T12:37:46.245+0000] {dag.py:2747} INFO - Creating ORM DAG for dataset_consumes_1_never_scheduled
[2023-06-19T12:37:46.265+0000] {logging_mixin.py:149} INFO - [2023-06-19T12:37:46.264+0000] {dag.py:2747} INFO - Creating ORM DAG for dataset_produces_1
[2023-06-19T12:37:46.286+0000] {logging_mixin.py:149} INFO - [2023-06-19T12:37:46.285+0000] {dag.py:2747} INFO - Creating ORM DAG for dataset_consumes_1_and_2
[2023-06-19T12:37:46.435+0000] {logging_mixin.py:149} INFO - [2023-06-19T12:37:46.435+0000] {dag.py:3490} INFO - Setting next_dagrun for dataset_consumes_1 to None, run_after=None
[2023-06-19T12:37:46.443+0000] {logging_mixin.py:149} INFO - [2023-06-19T12:37:46.443+0000] {dag.py:3490} INFO - Setting next_dagrun for dataset_consumes_1_and_2 to None, run_after=None
[2023-06-19T12:37:46.446+0000] {logging_mixin.py:149} INFO - [2023-06-19T12:37:46.445+0000] {dag.py:3490} INFO - Setting next_dagrun for dataset_consumes_1_never_scheduled to None, run_after=None
[2023-06-19T12:37:46.448+0000] {logging_mixin.py:149} INFO - [2023-06-19T12:37:46.448+0000] {dag.py:3490} INFO - Setting next_dagrun for dataset_consumes_unknown_never_scheduled to None, run_after=None
[2023-06-19T12:37:46.454+0000] {logging_mixin.py:149} INFO - [2023-06-19T12:37:46.454+0000] {dag.py:3490} INFO - Setting next_dagrun for dataset_produces_1 to 2023-06-18T00:00:00+00:00, run_after=2023-06-19T00:00:00+00:00
[2023-06-19T12:37:46.466+0000] {logging_mixin.py:149} INFO - [2023-06-19T12:37:46.462+0000] {dag.py:3490} INFO - Setting next_dagrun for dataset_produces_2 to None, run_after=None
[2023-06-19T12:37:46.907+0000] {processor.py:179} INFO - Processing /home/airflow/.local/lib/python3.7/site-packages/airflow/example_dags/example_datasets.py took 3.567 seconds
[2023-06-19T12:38:18.020+0000] {processor.py:157} INFO - Started process (PID=114) to work on /home/airflow/.local/lib/python3.7/site-packages/airflow/example_dags/example_datasets.py
[2023-06-19T12:38:18.029+0000] {processor.py:826} INFO - Processing file /home/airflow/.local/lib/python3.7/site-packages/airflow/example_dags/example_datasets.py for tasks to queue
[2023-06-19T12:38:18.033+0000] {logging_mixin.py:149} INFO - [2023-06-19T12:38:18.033+0000] {dagbag.py:541} INFO - Filling up the DagBag from /home/airflow/.local/lib/python3.7/site-packages/airflow/example_dags/example_datasets.py
[2023-06-19T12:38:18.116+0000] {processor.py:836} INFO - DAG(s) dict_keys(['dataset_consumes_unknown_never_scheduled', 'dataset_consumes_1_never_scheduled', 'dataset_consumes_1_and_2', 'dataset_produces_2', 'dataset_consumes_1', 'dataset_produces_1']) retrieved from /home/airflow/.local/lib/python3.7/site-packages/airflow/example_dags/example_datasets.py
[2023-06-19T12:38:18.223+0000] {logging_mixin.py:149} INFO - [2023-06-19T12:38:18.223+0000] {dag.py:2726} INFO - Sync 6 DAGs
[2023-06-19T12:38:18.283+0000] {logging_mixin.py:149} INFO - [2023-06-19T12:38:18.283+0000] {dag.py:3490} INFO - Setting next_dagrun for dataset_consumes_1 to None, run_after=None
[2023-06-19T12:38:18.298+0000] {logging_mixin.py:149} INFO - [2023-06-19T12:38:18.298+0000] {dag.py:3490} INFO - Setting next_dagrun for dataset_consumes_1_and_2 to None, run_after=None
[2023-06-19T12:38:18.305+0000] {logging_mixin.py:149} INFO - [2023-06-19T12:38:18.305+0000] {dag.py:3490} INFO - Setting next_dagrun for dataset_consumes_1_never_scheduled to None, run_after=None
[2023-06-19T12:38:18.313+0000] {logging_mixin.py:149} INFO - [2023-06-19T12:38:18.312+0000] {dag.py:3490} INFO - Setting next_dagrun for dataset_consumes_unknown_never_scheduled to None, run_after=None
[2023-06-19T12:38:18.320+0000] {logging_mixin.py:149} INFO - [2023-06-19T12:38:18.320+0000] {dag.py:3490} INFO - Setting next_dagrun for dataset_produces_1 to 2023-06-18T00:00:00+00:00, run_after=2023-06-19T00:00:00+00:00
[2023-06-19T12:38:18.324+0000] {logging_mixin.py:149} INFO - [2023-06-19T12:38:18.323+0000] {dag.py:3490} INFO - Setting next_dagrun for dataset_produces_2 to None, run_after=None
[2023-06-19T12:38:18.414+0000] {processor.py:179} INFO - Processing /home/airflow/.local/lib/python3.7/site-packages/airflow/example_dags/example_datasets.py took 0.412 seconds
[2023-06-19T12:38:49.128+0000] {processor.py:157} INFO - Started process (PID=171) to work on /home/airflow/.local/lib/python3.7/site-packages/airflow/example_dags/example_datasets.py
[2023-06-19T12:38:49.131+0000] {processor.py:826} INFO - Processing file /home/airflow/.local/lib/python3.7/site-packages/airflow/example_dags/example_datasets.py for tasks to queue
[2023-06-19T12:38:49.132+0000] {logging_mixin.py:149} INFO - [2023-06-19T12:38:49.132+0000] {dagbag.py:541} INFO - Filling up the DagBag from /home/airflow/.local/lib/python3.7/site-packages/airflow/example_dags/example_datasets.py
[2023-06-19T12:38:49.145+0000] {processor.py:836} INFO - DAG(s) dict_keys(['dataset_consumes_1_never_scheduled', 'dataset_produces_2', 'dataset_consumes_1_and_2', 'dataset_produces_1', 'dataset_consumes_unknown_never_scheduled', 'dataset_consumes_1']) retrieved from /home/airflow/.local/lib/python3.7/site-packages/airflow/example_dags/example_datasets.py
[2023-06-19T12:38:49.183+0000] {logging_mixin.py:149} INFO - [2023-06-19T12:38:49.183+0000] {dag.py:2726} INFO - Sync 6 DAGs
[2023-06-19T12:38:49.202+0000] {logging_mixin.py:149} INFO - [2023-06-19T12:38:49.201+0000] {dag.py:3490} INFO - Setting next_dagrun for dataset_consumes_1 to None, run_after=None
[2023-06-19T12:38:49.204+0000] {logging_mixin.py:149} INFO - [2023-06-19T12:38:49.204+0000] {dag.py:3490} INFO - Setting next_dagrun for dataset_consumes_1_and_2 to None, run_after=None
[2023-06-19T12:38:49.205+0000] {logging_mixin.py:149} INFO - [2023-06-19T12:38:49.205+0000] {dag.py:3490} INFO - Setting next_dagrun for dataset_consumes_1_never_scheduled to None, run_after=None
[2023-06-19T12:38:49.206+0000] {logging_mixin.py:149} INFO - [2023-06-19T12:38:49.206+0000] {dag.py:3490} INFO - Setting next_dagrun for dataset_consumes_unknown_never_scheduled to None, run_after=None
[2023-06-19T12:38:49.208+0000] {logging_mixin.py:149} INFO - [2023-06-19T12:38:49.208+0000] {dag.py:3490} INFO - Setting next_dagrun for dataset_produces_1 to 2023-06-18T00:00:00+00:00, run_after=2023-06-19T00:00:00+00:00
[2023-06-19T12:38:49.209+0000] {logging_mixin.py:149} INFO - [2023-06-19T12:38:49.209+0000] {dag.py:3490} INFO - Setting next_dagrun for dataset_produces_2 to None, run_after=None
[2023-06-19T12:38:49.229+0000] {processor.py:179} INFO - Processing /home/airflow/.local/lib/python3.7/site-packages/airflow/example_dags/example_datasets.py took 0.107 seconds
[2023-06-19T12:39:19.288+0000] {processor.py:157} INFO - Started process (PID=227) to work on /home/airflow/.local/lib/python3.7/site-packages/airflow/example_dags/example_datasets.py
[2023-06-19T12:39:19.290+0000] {processor.py:826} INFO - Processing file /home/airflow/.local/lib/python3.7/site-packages/airflow/example_dags/example_datasets.py for tasks to queue
[2023-06-19T12:39:19.291+0000] {logging_mixin.py:149} INFO - [2023-06-19T12:39:19.291+0000] {dagbag.py:541} INFO - Filling up the DagBag from /home/airflow/.local/lib/python3.7/site-packages/airflow/example_dags/example_datasets.py
[2023-06-19T12:39:19.301+0000] {processor.py:836} INFO - DAG(s) dict_keys(['dataset_consumes_unknown_never_scheduled', 'dataset_consumes_1_never_scheduled', 'dataset_consumes_1', 'dataset_produces_1', 'dataset_produces_2', 'dataset_consumes_1_and_2']) retrieved from /home/airflow/.local/lib/python3.7/site-packages/airflow/example_dags/example_datasets.py
[2023-06-19T12:39:19.332+0000] {logging_mixin.py:149} INFO - [2023-06-19T12:39:19.332+0000] {dag.py:2726} INFO - Sync 6 DAGs
[2023-06-19T12:39:19.349+0000] {logging_mixin.py:149} INFO - [2023-06-19T12:39:19.349+0000] {dag.py:3490} INFO - Setting next_dagrun for dataset_consumes_1 to None, run_after=None
[2023-06-19T12:39:19.352+0000] {logging_mixin.py:149} INFO - [2023-06-19T12:39:19.352+0000] {dag.py:3490} INFO - Setting next_dagrun for dataset_consumes_1_and_2 to None, run_after=None
[2023-06-19T12:39:19.353+0000] {logging_mixin.py:149} INFO - [2023-06-19T12:39:19.353+0000] {dag.py:3490} INFO - Setting next_dagrun for dataset_consumes_1_never_scheduled to None, run_after=None
[2023-06-19T12:39:19.354+0000] {logging_mixin.py:149} INFO - [2023-06-19T12:39:19.354+0000] {dag.py:3490} INFO - Setting next_dagrun for dataset_consumes_unknown_never_scheduled to None, run_after=None
[2023-06-19T12:39:19.356+0000] {logging_mixin.py:149} INFO - [2023-06-19T12:39:19.356+0000] {dag.py:3490} INFO - Setting next_dagrun for dataset_produces_1 to 2023-06-18T00:00:00+00:00, run_after=2023-06-19T00:00:00+00:00
[2023-06-19T12:39:19.357+0000] {logging_mixin.py:149} INFO - [2023-06-19T12:39:19.357+0000] {dag.py:3490} INFO - Setting next_dagrun for dataset_produces_2 to None, run_after=None
[2023-06-19T12:39:19.377+0000] {processor.py:179} INFO - Processing /home/airflow/.local/lib/python3.7/site-packages/airflow/example_dags/example_datasets.py took 0.094 seconds
[2023-06-19T12:39:49.799+0000] {processor.py:157} INFO - Started process (PID=284) to work on /home/airflow/.local/lib/python3.7/site-packages/airflow/example_dags/example_datasets.py
[2023-06-19T12:39:49.800+0000] {processor.py:826} INFO - Processing file /home/airflow/.local/lib/python3.7/site-packages/airflow/example_dags/example_datasets.py for tasks to queue
[2023-06-19T12:39:49.801+0000] {logging_mixin.py:149} INFO - [2023-06-19T12:39:49.801+0000] {dagbag.py:541} INFO - Filling up the DagBag from /home/airflow/.local/lib/python3.7/site-packages/airflow/example_dags/example_datasets.py
[2023-06-19T12:39:49.811+0000] {processor.py:836} INFO - DAG(s) dict_keys(['dataset_consumes_unknown_never_scheduled', 'dataset_consumes_1_never_scheduled', 'dataset_produces_2', 'dataset_produces_1', 'dataset_consumes_1_and_2', 'dataset_consumes_1']) retrieved from /home/airflow/.local/lib/python3.7/site-packages/airflow/example_dags/example_datasets.py
[2023-06-19T12:39:49.841+0000] {logging_mixin.py:149} INFO - [2023-06-19T12:39:49.841+0000] {dag.py:2726} INFO - Sync 6 DAGs
[2023-06-19T12:39:49.858+0000] {logging_mixin.py:149} INFO - [2023-06-19T12:39:49.858+0000] {dag.py:3490} INFO - Setting next_dagrun for dataset_consumes_1 to None, run_after=None
[2023-06-19T12:39:49.861+0000] {logging_mixin.py:149} INFO - [2023-06-19T12:39:49.861+0000] {dag.py:3490} INFO - Setting next_dagrun for dataset_consumes_1_and_2 to None, run_after=None
[2023-06-19T12:39:49.862+0000] {logging_mixin.py:149} INFO - [2023-06-19T12:39:49.862+0000] {dag.py:3490} INFO - Setting next_dagrun for dataset_consumes_1_never_scheduled to None, run_after=None
[2023-06-19T12:39:49.863+0000] {logging_mixin.py:149} INFO - [2023-06-19T12:39:49.863+0000] {dag.py:3490} INFO - Setting next_dagrun for dataset_consumes_unknown_never_scheduled to None, run_after=None
[2023-06-19T12:39:49.865+0000] {logging_mixin.py:149} INFO - [2023-06-19T12:39:49.865+0000] {dag.py:3490} INFO - Setting next_dagrun for dataset_produces_1 to 2023-06-18T00:00:00+00:00, run_after=2023-06-19T00:00:00+00:00
[2023-06-19T12:39:49.866+0000] {logging_mixin.py:149} INFO - [2023-06-19T12:39:49.866+0000] {dag.py:3490} INFO - Setting next_dagrun for dataset_produces_2 to None, run_after=None
[2023-06-19T12:39:49.885+0000] {processor.py:179} INFO - Processing /home/airflow/.local/lib/python3.7/site-packages/airflow/example_dags/example_datasets.py took 0.091 seconds
