[2023-06-19T12:37:56.891+0000] {processor.py:157} INFO - Started process (PID=71) to work on /home/airflow/.local/lib/python3.7/site-packages/airflow/example_dags/example_short_circuit_operator.py
[2023-06-19T12:37:56.896+0000] {processor.py:826} INFO - Processing file /home/airflow/.local/lib/python3.7/site-packages/airflow/example_dags/example_short_circuit_operator.py for tasks to queue
[2023-06-19T12:37:56.897+0000] {logging_mixin.py:149} INFO - [2023-06-19T12:37:56.897+0000] {dagbag.py:541} INFO - Filling up the DagBag from /home/airflow/.local/lib/python3.7/site-packages/airflow/example_dags/example_short_circuit_operator.py
[2023-06-19T12:37:56.921+0000] {processor.py:836} INFO - DAG(s) dict_keys(['example_short_circuit_operator']) retrieved from /home/airflow/.local/lib/python3.7/site-packages/airflow/example_dags/example_short_circuit_operator.py
[2023-06-19T12:37:57.429+0000] {logging_mixin.py:149} INFO - [2023-06-19T12:37:57.428+0000] {manager.py:504} INFO - Created Permission View: can delete on DAG:example_short_circuit_operator
[2023-06-19T12:37:57.450+0000] {logging_mixin.py:149} INFO - [2023-06-19T12:37:57.450+0000] {manager.py:504} INFO - Created Permission View: can read on DAG:example_short_circuit_operator
[2023-06-19T12:37:57.458+0000] {logging_mixin.py:149} INFO - [2023-06-19T12:37:57.458+0000] {manager.py:504} INFO - Created Permission View: can edit on DAG:example_short_circuit_operator
[2023-06-19T12:37:57.474+0000] {logging_mixin.py:149} INFO - [2023-06-19T12:37:57.474+0000] {dag.py:2726} INFO - Sync 1 DAGs
[2023-06-19T12:37:57.554+0000] {logging_mixin.py:149} INFO - [2023-06-19T12:37:57.554+0000] {dag.py:2747} INFO - Creating ORM DAG for example_short_circuit_operator
[2023-06-19T12:37:57.588+0000] {logging_mixin.py:149} INFO - [2023-06-19T12:37:57.588+0000] {dag.py:3490} INFO - Setting next_dagrun for example_short_circuit_operator to 2023-06-18T12:37:57.587555+00:00, run_after=2023-06-19T12:37:57.587555+00:00
[2023-06-19T12:37:57.676+0000] {processor.py:179} INFO - Processing /home/airflow/.local/lib/python3.7/site-packages/airflow/example_dags/example_short_circuit_operator.py took 0.798 seconds
[2023-06-19T12:38:28.428+0000] {processor.py:157} INFO - Started process (PID=128) to work on /home/airflow/.local/lib/python3.7/site-packages/airflow/example_dags/example_short_circuit_operator.py
[2023-06-19T12:38:28.430+0000] {processor.py:826} INFO - Processing file /home/airflow/.local/lib/python3.7/site-packages/airflow/example_dags/example_short_circuit_operator.py for tasks to queue
[2023-06-19T12:38:28.431+0000] {logging_mixin.py:149} INFO - [2023-06-19T12:38:28.431+0000] {dagbag.py:541} INFO - Filling up the DagBag from /home/airflow/.local/lib/python3.7/site-packages/airflow/example_dags/example_short_circuit_operator.py
[2023-06-19T12:38:28.440+0000] {processor.py:836} INFO - DAG(s) dict_keys(['example_short_circuit_operator']) retrieved from /home/airflow/.local/lib/python3.7/site-packages/airflow/example_dags/example_short_circuit_operator.py
[2023-06-19T12:38:28.465+0000] {logging_mixin.py:149} INFO - [2023-06-19T12:38:28.465+0000] {dag.py:2726} INFO - Sync 1 DAGs
[2023-06-19T12:38:28.484+0000] {logging_mixin.py:149} INFO - [2023-06-19T12:38:28.484+0000] {dag.py:3490} INFO - Setting next_dagrun for example_short_circuit_operator to 2023-06-18T12:38:28.484032+00:00, run_after=2023-06-19T12:38:28.484032+00:00
[2023-06-19T12:38:28.498+0000] {processor.py:179} INFO - Processing /home/airflow/.local/lib/python3.7/site-packages/airflow/example_dags/example_short_circuit_operator.py took 0.074 seconds
[2023-06-19T12:38:59.200+0000] {processor.py:157} INFO - Started process (PID=184) to work on /home/airflow/.local/lib/python3.7/site-packages/airflow/example_dags/example_short_circuit_operator.py
[2023-06-19T12:38:59.203+0000] {processor.py:826} INFO - Processing file /home/airflow/.local/lib/python3.7/site-packages/airflow/example_dags/example_short_circuit_operator.py for tasks to queue
[2023-06-19T12:38:59.204+0000] {logging_mixin.py:149} INFO - [2023-06-19T12:38:59.204+0000] {dagbag.py:541} INFO - Filling up the DagBag from /home/airflow/.local/lib/python3.7/site-packages/airflow/example_dags/example_short_circuit_operator.py
[2023-06-19T12:38:59.213+0000] {processor.py:836} INFO - DAG(s) dict_keys(['example_short_circuit_operator']) retrieved from /home/airflow/.local/lib/python3.7/site-packages/airflow/example_dags/example_short_circuit_operator.py
[2023-06-19T12:38:59.240+0000] {logging_mixin.py:149} INFO - [2023-06-19T12:38:59.240+0000] {dag.py:2726} INFO - Sync 1 DAGs
[2023-06-19T12:38:59.285+0000] {logging_mixin.py:149} INFO - [2023-06-19T12:38:59.285+0000] {dag.py:3490} INFO - Setting next_dagrun for example_short_circuit_operator to 2023-06-18T12:38:59.284696+00:00, run_after=2023-06-19T12:38:59.284696+00:00
[2023-06-19T12:38:59.302+0000] {processor.py:179} INFO - Processing /home/airflow/.local/lib/python3.7/site-packages/airflow/example_dags/example_short_circuit_operator.py took 0.115 seconds
[2023-06-19T12:39:29.407+0000] {processor.py:157} INFO - Started process (PID=241) to work on /home/airflow/.local/lib/python3.7/site-packages/airflow/example_dags/example_short_circuit_operator.py
[2023-06-19T12:39:29.409+0000] {processor.py:826} INFO - Processing file /home/airflow/.local/lib/python3.7/site-packages/airflow/example_dags/example_short_circuit_operator.py for tasks to queue
[2023-06-19T12:39:29.410+0000] {logging_mixin.py:149} INFO - [2023-06-19T12:39:29.410+0000] {dagbag.py:541} INFO - Filling up the DagBag from /home/airflow/.local/lib/python3.7/site-packages/airflow/example_dags/example_short_circuit_operator.py
[2023-06-19T12:39:29.424+0000] {processor.py:836} INFO - DAG(s) dict_keys(['example_short_circuit_operator']) retrieved from /home/airflow/.local/lib/python3.7/site-packages/airflow/example_dags/example_short_circuit_operator.py
[2023-06-19T12:39:29.454+0000] {logging_mixin.py:149} INFO - [2023-06-19T12:39:29.454+0000] {dag.py:2726} INFO - Sync 1 DAGs
[2023-06-19T12:39:29.484+0000] {logging_mixin.py:149} INFO - [2023-06-19T12:39:29.484+0000] {dag.py:3490} INFO - Setting next_dagrun for example_short_circuit_operator to 2023-06-18T12:39:29.483418+00:00, run_after=2023-06-19T12:39:29.483418+00:00
[2023-06-19T12:39:29.508+0000] {processor.py:179} INFO - Processing /home/airflow/.local/lib/python3.7/site-packages/airflow/example_dags/example_short_circuit_operator.py took 0.106 seconds
[2023-06-19T12:39:59.782+0000] {processor.py:157} INFO - Started process (PID=298) to work on /home/airflow/.local/lib/python3.7/site-packages/airflow/example_dags/example_short_circuit_operator.py
[2023-06-19T12:39:59.784+0000] {processor.py:826} INFO - Processing file /home/airflow/.local/lib/python3.7/site-packages/airflow/example_dags/example_short_circuit_operator.py for tasks to queue
[2023-06-19T12:39:59.785+0000] {logging_mixin.py:149} INFO - [2023-06-19T12:39:59.785+0000] {dagbag.py:541} INFO - Filling up the DagBag from /home/airflow/.local/lib/python3.7/site-packages/airflow/example_dags/example_short_circuit_operator.py
[2023-06-19T12:39:59.794+0000] {processor.py:836} INFO - DAG(s) dict_keys(['example_short_circuit_operator']) retrieved from /home/airflow/.local/lib/python3.7/site-packages/airflow/example_dags/example_short_circuit_operator.py
[2023-06-19T12:39:59.819+0000] {logging_mixin.py:149} INFO - [2023-06-19T12:39:59.819+0000] {dag.py:2726} INFO - Sync 1 DAGs
[2023-06-19T12:39:59.837+0000] {logging_mixin.py:149} INFO - [2023-06-19T12:39:59.837+0000] {dag.py:3490} INFO - Setting next_dagrun for example_short_circuit_operator to 2023-06-18T12:39:59.836799+00:00, run_after=2023-06-19T12:39:59.836799+00:00
[2023-06-19T12:39:59.849+0000] {processor.py:179} INFO - Processing /home/airflow/.local/lib/python3.7/site-packages/airflow/example_dags/example_short_circuit_operator.py took 0.073 seconds
