[2023-06-19T12:37:40.014+0000] {processor.py:157} INFO - Started process (PID=50) to work on /home/airflow/.local/lib/python3.7/site-packages/airflow/example_dags/example_trigger_target_dag.py
[2023-06-19T12:37:40.017+0000] {processor.py:826} INFO - Processing file /home/airflow/.local/lib/python3.7/site-packages/airflow/example_dags/example_trigger_target_dag.py for tasks to queue
[2023-06-19T12:37:40.023+0000] {logging_mixin.py:149} INFO - [2023-06-19T12:37:40.023+0000] {dagbag.py:541} INFO - Filling up the DagBag from /home/airflow/.local/lib/python3.7/site-packages/airflow/example_dags/example_trigger_target_dag.py
[2023-06-19T12:37:40.047+0000] {processor.py:836} INFO - DAG(s) dict_keys(['example_trigger_target_dag']) retrieved from /home/airflow/.local/lib/python3.7/site-packages/airflow/example_dags/example_trigger_target_dag.py
[2023-06-19T12:37:40.707+0000] {logging_mixin.py:149} INFO - [2023-06-19T12:37:40.706+0000] {manager.py:504} INFO - Created Permission View: can delete on DAG:example_trigger_target_dag
[2023-06-19T12:37:40.728+0000] {logging_mixin.py:149} INFO - [2023-06-19T12:37:40.728+0000] {manager.py:504} INFO - Created Permission View: can read on DAG:example_trigger_target_dag
[2023-06-19T12:37:40.767+0000] {logging_mixin.py:149} INFO - [2023-06-19T12:37:40.766+0000] {manager.py:504} INFO - Created Permission View: can edit on DAG:example_trigger_target_dag
[2023-06-19T12:37:40.813+0000] {logging_mixin.py:149} INFO - [2023-06-19T12:37:40.813+0000] {dag.py:2726} INFO - Sync 1 DAGs
[2023-06-19T12:37:40.889+0000] {logging_mixin.py:149} INFO - [2023-06-19T12:37:40.887+0000] {dag.py:2747} INFO - Creating ORM DAG for example_trigger_target_dag
[2023-06-19T12:37:40.926+0000] {logging_mixin.py:149} INFO - [2023-06-19T12:37:40.926+0000] {dag.py:3490} INFO - Setting next_dagrun for example_trigger_target_dag to None, run_after=None
[2023-06-19T12:37:41.108+0000] {processor.py:179} INFO - Processing /home/airflow/.local/lib/python3.7/site-packages/airflow/example_dags/example_trigger_target_dag.py took 1.098 seconds
[2023-06-19T12:38:12.080+0000] {processor.py:157} INFO - Started process (PID=107) to work on /home/airflow/.local/lib/python3.7/site-packages/airflow/example_dags/example_trigger_target_dag.py
[2023-06-19T12:38:12.088+0000] {processor.py:826} INFO - Processing file /home/airflow/.local/lib/python3.7/site-packages/airflow/example_dags/example_trigger_target_dag.py for tasks to queue
[2023-06-19T12:38:12.091+0000] {logging_mixin.py:149} INFO - [2023-06-19T12:38:12.090+0000] {dagbag.py:541} INFO - Filling up the DagBag from /home/airflow/.local/lib/python3.7/site-packages/airflow/example_dags/example_trigger_target_dag.py
[2023-06-19T12:38:12.108+0000] {processor.py:836} INFO - DAG(s) dict_keys(['example_trigger_target_dag']) retrieved from /home/airflow/.local/lib/python3.7/site-packages/airflow/example_dags/example_trigger_target_dag.py
[2023-06-19T12:38:12.163+0000] {logging_mixin.py:149} INFO - [2023-06-19T12:38:12.163+0000] {dag.py:2726} INFO - Sync 1 DAGs
[2023-06-19T12:38:12.203+0000] {logging_mixin.py:149} INFO - [2023-06-19T12:38:12.203+0000] {dag.py:3490} INFO - Setting next_dagrun for example_trigger_target_dag to None, run_after=None
[2023-06-19T12:38:12.241+0000] {processor.py:179} INFO - Processing /home/airflow/.local/lib/python3.7/site-packages/airflow/example_dags/example_trigger_target_dag.py took 0.171 seconds
[2023-06-19T12:38:43.293+0000] {processor.py:157} INFO - Started process (PID=164) to work on /home/airflow/.local/lib/python3.7/site-packages/airflow/example_dags/example_trigger_target_dag.py
[2023-06-19T12:38:43.298+0000] {processor.py:826} INFO - Processing file /home/airflow/.local/lib/python3.7/site-packages/airflow/example_dags/example_trigger_target_dag.py for tasks to queue
[2023-06-19T12:38:43.301+0000] {logging_mixin.py:149} INFO - [2023-06-19T12:38:43.301+0000] {dagbag.py:541} INFO - Filling up the DagBag from /home/airflow/.local/lib/python3.7/site-packages/airflow/example_dags/example_trigger_target_dag.py
[2023-06-19T12:38:43.365+0000] {processor.py:836} INFO - DAG(s) dict_keys(['example_trigger_target_dag']) retrieved from /home/airflow/.local/lib/python3.7/site-packages/airflow/example_dags/example_trigger_target_dag.py
[2023-06-19T12:38:43.436+0000] {logging_mixin.py:149} INFO - [2023-06-19T12:38:43.435+0000] {dag.py:2726} INFO - Sync 1 DAGs
[2023-06-19T12:38:43.516+0000] {logging_mixin.py:149} INFO - [2023-06-19T12:38:43.516+0000] {dag.py:3490} INFO - Setting next_dagrun for example_trigger_target_dag to None, run_after=None
[2023-06-19T12:38:43.612+0000] {processor.py:179} INFO - Processing /home/airflow/.local/lib/python3.7/site-packages/airflow/example_dags/example_trigger_target_dag.py took 0.330 seconds
[2023-06-19T12:39:14.621+0000] {processor.py:157} INFO - Started process (PID=220) to work on /home/airflow/.local/lib/python3.7/site-packages/airflow/example_dags/example_trigger_target_dag.py
[2023-06-19T12:39:14.625+0000] {processor.py:826} INFO - Processing file /home/airflow/.local/lib/python3.7/site-packages/airflow/example_dags/example_trigger_target_dag.py for tasks to queue
[2023-06-19T12:39:14.626+0000] {logging_mixin.py:149} INFO - [2023-06-19T12:39:14.626+0000] {dagbag.py:541} INFO - Filling up the DagBag from /home/airflow/.local/lib/python3.7/site-packages/airflow/example_dags/example_trigger_target_dag.py
[2023-06-19T12:39:14.643+0000] {processor.py:836} INFO - DAG(s) dict_keys(['example_trigger_target_dag']) retrieved from /home/airflow/.local/lib/python3.7/site-packages/airflow/example_dags/example_trigger_target_dag.py
[2023-06-19T12:39:14.741+0000] {logging_mixin.py:149} INFO - [2023-06-19T12:39:14.740+0000] {dag.py:2726} INFO - Sync 1 DAGs
[2023-06-19T12:39:14.770+0000] {logging_mixin.py:149} INFO - [2023-06-19T12:39:14.770+0000] {dag.py:3490} INFO - Setting next_dagrun for example_trigger_target_dag to None, run_after=None
[2023-06-19T12:39:14.786+0000] {processor.py:179} INFO - Processing /home/airflow/.local/lib/python3.7/site-packages/airflow/example_dags/example_trigger_target_dag.py took 0.181 seconds
[2023-06-19T12:39:45.316+0000] {processor.py:157} INFO - Started process (PID=277) to work on /home/airflow/.local/lib/python3.7/site-packages/airflow/example_dags/example_trigger_target_dag.py
[2023-06-19T12:39:45.321+0000] {processor.py:826} INFO - Processing file /home/airflow/.local/lib/python3.7/site-packages/airflow/example_dags/example_trigger_target_dag.py for tasks to queue
[2023-06-19T12:39:45.327+0000] {logging_mixin.py:149} INFO - [2023-06-19T12:39:45.326+0000] {dagbag.py:541} INFO - Filling up the DagBag from /home/airflow/.local/lib/python3.7/site-packages/airflow/example_dags/example_trigger_target_dag.py
[2023-06-19T12:39:45.352+0000] {processor.py:836} INFO - DAG(s) dict_keys(['example_trigger_target_dag']) retrieved from /home/airflow/.local/lib/python3.7/site-packages/airflow/example_dags/example_trigger_target_dag.py
[2023-06-19T12:39:45.395+0000] {logging_mixin.py:149} INFO - [2023-06-19T12:39:45.394+0000] {dag.py:2726} INFO - Sync 1 DAGs
[2023-06-19T12:39:45.446+0000] {logging_mixin.py:149} INFO - [2023-06-19T12:39:45.446+0000] {dag.py:3490} INFO - Setting next_dagrun for example_trigger_target_dag to None, run_after=None
[2023-06-19T12:39:45.477+0000] {processor.py:179} INFO - Processing /home/airflow/.local/lib/python3.7/site-packages/airflow/example_dags/example_trigger_target_dag.py took 0.166 seconds
