[2023-06-19T12:37:59.824+0000] {processor.py:157} INFO - Started process (PID=77) to work on /home/airflow/.local/lib/python3.7/site-packages/airflow/example_dags/example_branch_operator.py
[2023-06-19T12:37:59.838+0000] {processor.py:826} INFO - Processing file /home/airflow/.local/lib/python3.7/site-packages/airflow/example_dags/example_branch_operator.py for tasks to queue
[2023-06-19T12:37:59.850+0000] {logging_mixin.py:149} INFO - [2023-06-19T12:37:59.848+0000] {dagbag.py:541} INFO - Filling up the DagBag from /home/airflow/.local/lib/python3.7/site-packages/airflow/example_dags/example_branch_operator.py
[2023-06-19T12:37:59.967+0000] {processor.py:836} INFO - DAG(s) dict_keys(['example_branch_operator']) retrieved from /home/airflow/.local/lib/python3.7/site-packages/airflow/example_dags/example_branch_operator.py
[2023-06-19T12:38:00.386+0000] {logging_mixin.py:149} INFO - [2023-06-19T12:38:00.385+0000] {manager.py:504} INFO - Created Permission View: can delete on DAG:example_branch_operator
[2023-06-19T12:38:00.481+0000] {logging_mixin.py:149} INFO - [2023-06-19T12:38:00.481+0000] {manager.py:504} INFO - Created Permission View: can read on DAG:example_branch_operator
[2023-06-19T12:38:00.521+0000] {logging_mixin.py:149} INFO - [2023-06-19T12:38:00.521+0000] {manager.py:504} INFO - Created Permission View: can edit on DAG:example_branch_operator
[2023-06-19T12:38:00.611+0000] {logging_mixin.py:149} INFO - [2023-06-19T12:38:00.611+0000] {dag.py:2726} INFO - Sync 1 DAGs
[2023-06-19T12:38:00.681+0000] {logging_mixin.py:149} INFO - [2023-06-19T12:38:00.681+0000] {dag.py:2747} INFO - Creating ORM DAG for example_branch_operator
[2023-06-19T12:38:00.721+0000] {logging_mixin.py:149} INFO - [2023-06-19T12:38:00.721+0000] {dag.py:3490} INFO - Setting next_dagrun for example_branch_operator to 2023-06-18T00:00:00+00:00, run_after=2023-06-19T00:00:00+00:00
[2023-06-19T12:38:00.776+0000] {processor.py:179} INFO - Processing /home/airflow/.local/lib/python3.7/site-packages/airflow/example_dags/example_branch_operator.py took 0.971 seconds
[2023-06-19T12:38:30.985+0000] {processor.py:157} INFO - Started process (PID=134) to work on /home/airflow/.local/lib/python3.7/site-packages/airflow/example_dags/example_branch_operator.py
[2023-06-19T12:38:30.987+0000] {processor.py:826} INFO - Processing file /home/airflow/.local/lib/python3.7/site-packages/airflow/example_dags/example_branch_operator.py for tasks to queue
[2023-06-19T12:38:30.988+0000] {logging_mixin.py:149} INFO - [2023-06-19T12:38:30.988+0000] {dagbag.py:541} INFO - Filling up the DagBag from /home/airflow/.local/lib/python3.7/site-packages/airflow/example_dags/example_branch_operator.py
[2023-06-19T12:38:30.998+0000] {processor.py:836} INFO - DAG(s) dict_keys(['example_branch_operator']) retrieved from /home/airflow/.local/lib/python3.7/site-packages/airflow/example_dags/example_branch_operator.py
[2023-06-19T12:38:31.046+0000] {logging_mixin.py:149} INFO - [2023-06-19T12:38:31.046+0000] {dag.py:2726} INFO - Sync 1 DAGs
[2023-06-19T12:38:31.073+0000] {logging_mixin.py:149} INFO - [2023-06-19T12:38:31.073+0000] {dag.py:3490} INFO - Setting next_dagrun for example_branch_operator to 2023-06-18T00:00:00+00:00, run_after=2023-06-19T00:00:00+00:00
[2023-06-19T12:38:31.088+0000] {processor.py:179} INFO - Processing /home/airflow/.local/lib/python3.7/site-packages/airflow/example_dags/example_branch_operator.py took 0.108 seconds
[2023-06-19T12:39:01.505+0000] {processor.py:157} INFO - Started process (PID=190) to work on /home/airflow/.local/lib/python3.7/site-packages/airflow/example_dags/example_branch_operator.py
[2023-06-19T12:39:01.506+0000] {processor.py:826} INFO - Processing file /home/airflow/.local/lib/python3.7/site-packages/airflow/example_dags/example_branch_operator.py for tasks to queue
[2023-06-19T12:39:01.508+0000] {logging_mixin.py:149} INFO - [2023-06-19T12:39:01.507+0000] {dagbag.py:541} INFO - Filling up the DagBag from /home/airflow/.local/lib/python3.7/site-packages/airflow/example_dags/example_branch_operator.py
[2023-06-19T12:39:01.517+0000] {processor.py:836} INFO - DAG(s) dict_keys(['example_branch_operator']) retrieved from /home/airflow/.local/lib/python3.7/site-packages/airflow/example_dags/example_branch_operator.py
[2023-06-19T12:39:01.540+0000] {logging_mixin.py:149} INFO - [2023-06-19T12:39:01.540+0000] {dag.py:2726} INFO - Sync 1 DAGs
[2023-06-19T12:39:01.562+0000] {logging_mixin.py:149} INFO - [2023-06-19T12:39:01.562+0000] {dag.py:3490} INFO - Setting next_dagrun for example_branch_operator to 2023-06-18T00:00:00+00:00, run_after=2023-06-19T00:00:00+00:00
[2023-06-19T12:39:01.575+0000] {processor.py:179} INFO - Processing /home/airflow/.local/lib/python3.7/site-packages/airflow/example_dags/example_branch_operator.py took 0.075 seconds
[2023-06-19T12:39:31.714+0000] {processor.py:157} INFO - Started process (PID=247) to work on /home/airflow/.local/lib/python3.7/site-packages/airflow/example_dags/example_branch_operator.py
[2023-06-19T12:39:31.716+0000] {processor.py:826} INFO - Processing file /home/airflow/.local/lib/python3.7/site-packages/airflow/example_dags/example_branch_operator.py for tasks to queue
[2023-06-19T12:39:31.717+0000] {logging_mixin.py:149} INFO - [2023-06-19T12:39:31.717+0000] {dagbag.py:541} INFO - Filling up the DagBag from /home/airflow/.local/lib/python3.7/site-packages/airflow/example_dags/example_branch_operator.py
[2023-06-19T12:39:31.729+0000] {processor.py:836} INFO - DAG(s) dict_keys(['example_branch_operator']) retrieved from /home/airflow/.local/lib/python3.7/site-packages/airflow/example_dags/example_branch_operator.py
[2023-06-19T12:39:31.753+0000] {logging_mixin.py:149} INFO - [2023-06-19T12:39:31.753+0000] {dag.py:2726} INFO - Sync 1 DAGs
[2023-06-19T12:39:31.771+0000] {logging_mixin.py:149} INFO - [2023-06-19T12:39:31.771+0000] {dag.py:3490} INFO - Setting next_dagrun for example_branch_operator to 2023-06-18T00:00:00+00:00, run_after=2023-06-19T00:00:00+00:00
[2023-06-19T12:39:31.784+0000] {processor.py:179} INFO - Processing /home/airflow/.local/lib/python3.7/site-packages/airflow/example_dags/example_branch_operator.py took 0.075 seconds
[2023-06-19T12:40:02.034+0000] {processor.py:157} INFO - Started process (PID=304) to work on /home/airflow/.local/lib/python3.7/site-packages/airflow/example_dags/example_branch_operator.py
[2023-06-19T12:40:02.036+0000] {processor.py:826} INFO - Processing file /home/airflow/.local/lib/python3.7/site-packages/airflow/example_dags/example_branch_operator.py for tasks to queue
[2023-06-19T12:40:02.037+0000] {logging_mixin.py:149} INFO - [2023-06-19T12:40:02.037+0000] {dagbag.py:541} INFO - Filling up the DagBag from /home/airflow/.local/lib/python3.7/site-packages/airflow/example_dags/example_branch_operator.py
[2023-06-19T12:40:02.049+0000] {processor.py:836} INFO - DAG(s) dict_keys(['example_branch_operator']) retrieved from /home/airflow/.local/lib/python3.7/site-packages/airflow/example_dags/example_branch_operator.py
[2023-06-19T12:40:02.075+0000] {logging_mixin.py:149} INFO - [2023-06-19T12:40:02.075+0000] {dag.py:2726} INFO - Sync 1 DAGs
[2023-06-19T12:40:02.093+0000] {logging_mixin.py:149} INFO - [2023-06-19T12:40:02.093+0000] {dag.py:3490} INFO - Setting next_dagrun for example_branch_operator to 2023-06-18T00:00:00+00:00, run_after=2023-06-19T00:00:00+00:00
[2023-06-19T12:40:02.106+0000] {processor.py:179} INFO - Processing /home/airflow/.local/lib/python3.7/site-packages/airflow/example_dags/example_branch_operator.py took 0.077 seconds
