[2023-06-19T12:37:53.562+0000] {processor.py:157} INFO - Started process (PID=61) to work on /home/airflow/.local/lib/python3.7/site-packages/airflow/example_dags/example_sla_dag.py
[2023-06-19T12:37:53.565+0000] {processor.py:826} INFO - Processing file /home/airflow/.local/lib/python3.7/site-packages/airflow/example_dags/example_sla_dag.py for tasks to queue
[2023-06-19T12:37:53.568+0000] {logging_mixin.py:149} INFO - [2023-06-19T12:37:53.568+0000] {dagbag.py:541} INFO - Filling up the DagBag from /home/airflow/.local/lib/python3.7/site-packages/airflow/example_dags/example_sla_dag.py
[2023-06-19T12:37:53.598+0000] {processor.py:836} INFO - DAG(s) dict_keys(['example_sla_dag']) retrieved from /home/airflow/.local/lib/python3.7/site-packages/airflow/example_dags/example_sla_dag.py
[2023-06-19T12:37:53.977+0000] {logging_mixin.py:149} INFO - [2023-06-19T12:37:53.976+0000] {manager.py:504} INFO - Created Permission View: can delete on DAG:example_sla_dag
[2023-06-19T12:37:54.080+0000] {logging_mixin.py:149} INFO - [2023-06-19T12:37:54.080+0000] {manager.py:504} INFO - Created Permission View: can read on DAG:example_sla_dag
[2023-06-19T12:37:54.116+0000] {logging_mixin.py:149} INFO - [2023-06-19T12:37:54.112+0000] {manager.py:504} INFO - Created Permission View: can edit on DAG:example_sla_dag
[2023-06-19T12:37:54.176+0000] {logging_mixin.py:149} INFO - [2023-06-19T12:37:54.175+0000] {dag.py:2726} INFO - Sync 1 DAGs
[2023-06-19T12:37:54.223+0000] {logging_mixin.py:149} INFO - [2023-06-19T12:37:54.219+0000] {dag.py:2747} INFO - Creating ORM DAG for example_sla_dag
[2023-06-19T12:37:54.287+0000] {logging_mixin.py:149} INFO - [2023-06-19T12:37:54.287+0000] {dag.py:3490} INFO - Setting next_dagrun for example_sla_dag to 2023-06-19T12:34:00+00:00, run_after=2023-06-19T12:36:00+00:00
[2023-06-19T12:37:54.365+0000] {processor.py:179} INFO - Processing /home/airflow/.local/lib/python3.7/site-packages/airflow/example_dags/example_sla_dag.py took 0.817 seconds
[2023-06-19T12:38:25.055+0000] {processor.py:157} INFO - Started process (PID=118) to work on /home/airflow/.local/lib/python3.7/site-packages/airflow/example_dags/example_sla_dag.py
[2023-06-19T12:38:25.057+0000] {processor.py:826} INFO - Processing file /home/airflow/.local/lib/python3.7/site-packages/airflow/example_dags/example_sla_dag.py for tasks to queue
[2023-06-19T12:38:25.058+0000] {logging_mixin.py:149} INFO - [2023-06-19T12:38:25.058+0000] {dagbag.py:541} INFO - Filling up the DagBag from /home/airflow/.local/lib/python3.7/site-packages/airflow/example_dags/example_sla_dag.py
[2023-06-19T12:38:25.068+0000] {processor.py:836} INFO - DAG(s) dict_keys(['example_sla_dag']) retrieved from /home/airflow/.local/lib/python3.7/site-packages/airflow/example_dags/example_sla_dag.py
[2023-06-19T12:38:25.107+0000] {logging_mixin.py:149} INFO - [2023-06-19T12:38:25.106+0000] {dag.py:2726} INFO - Sync 1 DAGs
[2023-06-19T12:38:25.140+0000] {logging_mixin.py:149} INFO - [2023-06-19T12:38:25.140+0000] {dag.py:3490} INFO - Setting next_dagrun for example_sla_dag to 2023-06-19T12:36:00+00:00, run_after=2023-06-19T12:38:00+00:00
[2023-06-19T12:38:25.155+0000] {processor.py:179} INFO - Processing /home/airflow/.local/lib/python3.7/site-packages/airflow/example_dags/example_sla_dag.py took 0.104 seconds
[2023-06-19T12:38:55.944+0000] {processor.py:157} INFO - Started process (PID=175) to work on /home/airflow/.local/lib/python3.7/site-packages/airflow/example_dags/example_sla_dag.py
[2023-06-19T12:38:55.945+0000] {processor.py:826} INFO - Processing file /home/airflow/.local/lib/python3.7/site-packages/airflow/example_dags/example_sla_dag.py for tasks to queue
[2023-06-19T12:38:55.946+0000] {logging_mixin.py:149} INFO - [2023-06-19T12:38:55.946+0000] {dagbag.py:541} INFO - Filling up the DagBag from /home/airflow/.local/lib/python3.7/site-packages/airflow/example_dags/example_sla_dag.py
[2023-06-19T12:38:55.955+0000] {processor.py:836} INFO - DAG(s) dict_keys(['example_sla_dag']) retrieved from /home/airflow/.local/lib/python3.7/site-packages/airflow/example_dags/example_sla_dag.py
[2023-06-19T12:38:55.995+0000] {logging_mixin.py:149} INFO - [2023-06-19T12:38:55.995+0000] {dag.py:2726} INFO - Sync 1 DAGs
[2023-06-19T12:38:56.021+0000] {logging_mixin.py:149} INFO - [2023-06-19T12:38:56.021+0000] {dag.py:3490} INFO - Setting next_dagrun for example_sla_dag to 2023-06-19T12:36:00+00:00, run_after=2023-06-19T12:38:00+00:00
[2023-06-19T12:38:56.034+0000] {processor.py:179} INFO - Processing /home/airflow/.local/lib/python3.7/site-packages/airflow/example_dags/example_sla_dag.py took 0.094 seconds
[2023-06-19T12:39:27.123+0000] {processor.py:157} INFO - Started process (PID=231) to work on /home/airflow/.local/lib/python3.7/site-packages/airflow/example_dags/example_sla_dag.py
[2023-06-19T12:39:27.125+0000] {processor.py:826} INFO - Processing file /home/airflow/.local/lib/python3.7/site-packages/airflow/example_dags/example_sla_dag.py for tasks to queue
[2023-06-19T12:39:27.125+0000] {logging_mixin.py:149} INFO - [2023-06-19T12:39:27.125+0000] {dagbag.py:541} INFO - Filling up the DagBag from /home/airflow/.local/lib/python3.7/site-packages/airflow/example_dags/example_sla_dag.py
[2023-06-19T12:39:27.132+0000] {processor.py:836} INFO - DAG(s) dict_keys(['example_sla_dag']) retrieved from /home/airflow/.local/lib/python3.7/site-packages/airflow/example_dags/example_sla_dag.py
[2023-06-19T12:39:27.154+0000] {logging_mixin.py:149} INFO - [2023-06-19T12:39:27.154+0000] {dag.py:2726} INFO - Sync 1 DAGs
[2023-06-19T12:39:27.188+0000] {logging_mixin.py:149} INFO - [2023-06-19T12:39:27.188+0000] {dag.py:3490} INFO - Setting next_dagrun for example_sla_dag to 2023-06-19T12:36:00+00:00, run_after=2023-06-19T12:38:00+00:00
[2023-06-19T12:39:27.210+0000] {processor.py:179} INFO - Processing /home/airflow/.local/lib/python3.7/site-packages/airflow/example_dags/example_sla_dag.py took 0.090 seconds
[2023-06-19T12:39:58.532+0000] {processor.py:157} INFO - Started process (PID=295) to work on /home/airflow/.local/lib/python3.7/site-packages/airflow/example_dags/example_sla_dag.py
[2023-06-19T12:39:58.533+0000] {processor.py:826} INFO - Processing file /home/airflow/.local/lib/python3.7/site-packages/airflow/example_dags/example_sla_dag.py for tasks to queue
[2023-06-19T12:39:58.534+0000] {logging_mixin.py:149} INFO - [2023-06-19T12:39:58.534+0000] {dagbag.py:541} INFO - Filling up the DagBag from /home/airflow/.local/lib/python3.7/site-packages/airflow/example_dags/example_sla_dag.py
[2023-06-19T12:39:58.541+0000] {processor.py:836} INFO - DAG(s) dict_keys(['example_sla_dag']) retrieved from /home/airflow/.local/lib/python3.7/site-packages/airflow/example_dags/example_sla_dag.py
[2023-06-19T12:39:58.567+0000] {logging_mixin.py:149} INFO - [2023-06-19T12:39:58.567+0000] {dag.py:2726} INFO - Sync 1 DAGs
[2023-06-19T12:39:58.601+0000] {logging_mixin.py:149} INFO - [2023-06-19T12:39:58.601+0000] {dag.py:3490} INFO - Setting next_dagrun for example_sla_dag to 2023-06-19T12:36:00+00:00, run_after=2023-06-19T12:38:00+00:00
[2023-06-19T12:39:58.616+0000] {processor.py:179} INFO - Processing /home/airflow/.local/lib/python3.7/site-packages/airflow/example_dags/example_sla_dag.py took 0.087 seconds
