[2023-06-19T12:37:40.842+0000] {processor.py:157} INFO - Started process (PID=51) to work on /home/airflow/.local/lib/python3.7/site-packages/airflow/example_dags/example_branch_operator_decorator.py
[2023-06-19T12:37:40.847+0000] {processor.py:826} INFO - Processing file /home/airflow/.local/lib/python3.7/site-packages/airflow/example_dags/example_branch_operator_decorator.py for tasks to queue
[2023-06-19T12:37:40.852+0000] {logging_mixin.py:149} INFO - [2023-06-19T12:37:40.850+0000] {dagbag.py:541} INFO - Filling up the DagBag from /home/airflow/.local/lib/python3.7/site-packages/airflow/example_dags/example_branch_operator_decorator.py
[2023-06-19T12:37:40.937+0000] {processor.py:836} INFO - DAG(s) dict_keys(['example_branch_python_operator_decorator']) retrieved from /home/airflow/.local/lib/python3.7/site-packages/airflow/example_dags/example_branch_operator_decorator.py
[2023-06-19T12:37:41.554+0000] {logging_mixin.py:149} INFO - [2023-06-19T12:37:41.553+0000] {manager.py:504} INFO - Created Permission View: can delete on DAG:example_branch_python_operator_decorator
[2023-06-19T12:37:41.579+0000] {logging_mixin.py:149} INFO - [2023-06-19T12:37:41.579+0000] {manager.py:504} INFO - Created Permission View: can read on DAG:example_branch_python_operator_decorator
[2023-06-19T12:37:41.609+0000] {logging_mixin.py:149} INFO - [2023-06-19T12:37:41.608+0000] {manager.py:504} INFO - Created Permission View: can edit on DAG:example_branch_python_operator_decorator
[2023-06-19T12:37:41.635+0000] {logging_mixin.py:149} INFO - [2023-06-19T12:37:41.635+0000] {dag.py:2726} INFO - Sync 1 DAGs
[2023-06-19T12:37:41.653+0000] {logging_mixin.py:149} INFO - [2023-06-19T12:37:41.653+0000] {dag.py:2747} INFO - Creating ORM DAG for example_branch_python_operator_decorator
[2023-06-19T12:37:41.669+0000] {logging_mixin.py:149} INFO - [2023-06-19T12:37:41.669+0000] {dag.py:3490} INFO - Setting next_dagrun for example_branch_python_operator_decorator to 2023-06-18T00:00:00+00:00, run_after=2023-06-19T00:00:00+00:00
[2023-06-19T12:37:41.710+0000] {processor.py:179} INFO - Processing /home/airflow/.local/lib/python3.7/site-packages/airflow/example_dags/example_branch_operator_decorator.py took 0.887 seconds
[2023-06-19T12:38:12.080+0000] {processor.py:157} INFO - Started process (PID=108) to work on /home/airflow/.local/lib/python3.7/site-packages/airflow/example_dags/example_branch_operator_decorator.py
[2023-06-19T12:38:12.089+0000] {processor.py:826} INFO - Processing file /home/airflow/.local/lib/python3.7/site-packages/airflow/example_dags/example_branch_operator_decorator.py for tasks to queue
[2023-06-19T12:38:12.090+0000] {logging_mixin.py:149} INFO - [2023-06-19T12:38:12.090+0000] {dagbag.py:541} INFO - Filling up the DagBag from /home/airflow/.local/lib/python3.7/site-packages/airflow/example_dags/example_branch_operator_decorator.py
[2023-06-19T12:38:12.112+0000] {processor.py:836} INFO - DAG(s) dict_keys(['example_branch_python_operator_decorator']) retrieved from /home/airflow/.local/lib/python3.7/site-packages/airflow/example_dags/example_branch_operator_decorator.py
[2023-06-19T12:38:12.163+0000] {logging_mixin.py:149} INFO - [2023-06-19T12:38:12.163+0000] {dag.py:2726} INFO - Sync 1 DAGs
[2023-06-19T12:38:12.212+0000] {logging_mixin.py:149} INFO - [2023-06-19T12:38:12.212+0000] {dag.py:3490} INFO - Setting next_dagrun for example_branch_python_operator_decorator to 2023-06-18T00:00:00+00:00, run_after=2023-06-19T00:00:00+00:00
[2023-06-19T12:38:12.242+0000] {processor.py:179} INFO - Processing /home/airflow/.local/lib/python3.7/site-packages/airflow/example_dags/example_branch_operator_decorator.py took 0.171 seconds
[2023-06-19T12:38:43.306+0000] {processor.py:157} INFO - Started process (PID=165) to work on /home/airflow/.local/lib/python3.7/site-packages/airflow/example_dags/example_branch_operator_decorator.py
[2023-06-19T12:38:43.315+0000] {processor.py:826} INFO - Processing file /home/airflow/.local/lib/python3.7/site-packages/airflow/example_dags/example_branch_operator_decorator.py for tasks to queue
[2023-06-19T12:38:43.320+0000] {logging_mixin.py:149} INFO - [2023-06-19T12:38:43.320+0000] {dagbag.py:541} INFO - Filling up the DagBag from /home/airflow/.local/lib/python3.7/site-packages/airflow/example_dags/example_branch_operator_decorator.py
[2023-06-19T12:38:43.375+0000] {processor.py:836} INFO - DAG(s) dict_keys(['example_branch_python_operator_decorator']) retrieved from /home/airflow/.local/lib/python3.7/site-packages/airflow/example_dags/example_branch_operator_decorator.py
[2023-06-19T12:38:43.436+0000] {logging_mixin.py:149} INFO - [2023-06-19T12:38:43.435+0000] {dag.py:2726} INFO - Sync 1 DAGs
[2023-06-19T12:38:43.526+0000] {logging_mixin.py:149} INFO - [2023-06-19T12:38:43.524+0000] {dag.py:3490} INFO - Setting next_dagrun for example_branch_python_operator_decorator to 2023-06-18T00:00:00+00:00, run_after=2023-06-19T00:00:00+00:00
[2023-06-19T12:38:43.631+0000] {processor.py:179} INFO - Processing /home/airflow/.local/lib/python3.7/site-packages/airflow/example_dags/example_branch_operator_decorator.py took 0.332 seconds
[2023-06-19T12:39:14.623+0000] {processor.py:157} INFO - Started process (PID=221) to work on /home/airflow/.local/lib/python3.7/site-packages/airflow/example_dags/example_branch_operator_decorator.py
[2023-06-19T12:39:14.625+0000] {processor.py:826} INFO - Processing file /home/airflow/.local/lib/python3.7/site-packages/airflow/example_dags/example_branch_operator_decorator.py for tasks to queue
[2023-06-19T12:39:14.627+0000] {logging_mixin.py:149} INFO - [2023-06-19T12:39:14.627+0000] {dagbag.py:541} INFO - Filling up the DagBag from /home/airflow/.local/lib/python3.7/site-packages/airflow/example_dags/example_branch_operator_decorator.py
[2023-06-19T12:39:14.657+0000] {processor.py:836} INFO - DAG(s) dict_keys(['example_branch_python_operator_decorator']) retrieved from /home/airflow/.local/lib/python3.7/site-packages/airflow/example_dags/example_branch_operator_decorator.py
[2023-06-19T12:39:14.743+0000] {logging_mixin.py:149} INFO - [2023-06-19T12:39:14.742+0000] {dag.py:2726} INFO - Sync 1 DAGs
[2023-06-19T12:39:14.771+0000] {logging_mixin.py:149} INFO - [2023-06-19T12:39:14.771+0000] {dag.py:3490} INFO - Setting next_dagrun for example_branch_python_operator_decorator to 2023-06-18T00:00:00+00:00, run_after=2023-06-19T00:00:00+00:00
[2023-06-19T12:39:14.786+0000] {processor.py:179} INFO - Processing /home/airflow/.local/lib/python3.7/site-packages/airflow/example_dags/example_branch_operator_decorator.py took 0.172 seconds
[2023-06-19T12:39:45.317+0000] {processor.py:157} INFO - Started process (PID=278) to work on /home/airflow/.local/lib/python3.7/site-packages/airflow/example_dags/example_branch_operator_decorator.py
[2023-06-19T12:39:45.321+0000] {processor.py:826} INFO - Processing file /home/airflow/.local/lib/python3.7/site-packages/airflow/example_dags/example_branch_operator_decorator.py for tasks to queue
[2023-06-19T12:39:45.327+0000] {logging_mixin.py:149} INFO - [2023-06-19T12:39:45.326+0000] {dagbag.py:541} INFO - Filling up the DagBag from /home/airflow/.local/lib/python3.7/site-packages/airflow/example_dags/example_branch_operator_decorator.py
[2023-06-19T12:39:45.355+0000] {processor.py:836} INFO - DAG(s) dict_keys(['example_branch_python_operator_decorator']) retrieved from /home/airflow/.local/lib/python3.7/site-packages/airflow/example_dags/example_branch_operator_decorator.py
[2023-06-19T12:39:45.395+0000] {logging_mixin.py:149} INFO - [2023-06-19T12:39:45.394+0000] {dag.py:2726} INFO - Sync 1 DAGs
[2023-06-19T12:39:45.451+0000] {logging_mixin.py:149} INFO - [2023-06-19T12:39:45.451+0000] {dag.py:3490} INFO - Setting next_dagrun for example_branch_python_operator_decorator to 2023-06-18T00:00:00+00:00, run_after=2023-06-19T00:00:00+00:00
[2023-06-19T12:39:45.477+0000] {processor.py:179} INFO - Processing /home/airflow/.local/lib/python3.7/site-packages/airflow/example_dags/example_branch_operator_decorator.py took 0.166 seconds
