[2023-06-19T12:37:36.204+0000] {processor.py:157} INFO - Started process (PID=34) to work on /home/airflow/.local/lib/python3.7/site-packages/airflow/example_dags/example_task_group_decorator.py
[2023-06-19T12:37:36.207+0000] {processor.py:826} INFO - Processing file /home/airflow/.local/lib/python3.7/site-packages/airflow/example_dags/example_task_group_decorator.py for tasks to queue
[2023-06-19T12:37:36.208+0000] {logging_mixin.py:149} INFO - [2023-06-19T12:37:36.208+0000] {dagbag.py:541} INFO - Filling up the DagBag from /home/airflow/.local/lib/python3.7/site-packages/airflow/example_dags/example_task_group_decorator.py
[2023-06-19T12:37:36.250+0000] {processor.py:836} INFO - DAG(s) dict_keys(['example_task_group_decorator']) retrieved from /home/airflow/.local/lib/python3.7/site-packages/airflow/example_dags/example_task_group_decorator.py
[2023-06-19T12:37:36.488+0000] {logging_mixin.py:149} INFO - [2023-06-19T12:37:36.487+0000] {manager.py:504} INFO - Created Permission View: can delete on DAG:example_task_group_decorator
[2023-06-19T12:37:36.533+0000] {logging_mixin.py:149} INFO - [2023-06-19T12:37:36.532+0000] {manager.py:504} INFO - Created Permission View: can read on DAG:example_task_group_decorator
[2023-06-19T12:37:36.546+0000] {logging_mixin.py:149} INFO - [2023-06-19T12:37:36.546+0000] {manager.py:504} INFO - Created Permission View: can edit on DAG:example_task_group_decorator
[2023-06-19T12:37:36.569+0000] {logging_mixin.py:149} INFO - [2023-06-19T12:37:36.568+0000] {dag.py:2726} INFO - Sync 1 DAGs
[2023-06-19T12:37:36.586+0000] {logging_mixin.py:149} INFO - [2023-06-19T12:37:36.586+0000] {dag.py:2747} INFO - Creating ORM DAG for example_task_group_decorator
[2023-06-19T12:37:36.619+0000] {logging_mixin.py:149} INFO - [2023-06-19T12:37:36.618+0000] {dag.py:3490} INFO - Setting next_dagrun for example_task_group_decorator to 2023-06-18T12:37:36.616900+00:00, run_after=2023-06-19T12:37:36.616900+00:00
[2023-06-19T12:37:36.677+0000] {processor.py:179} INFO - Processing /home/airflow/.local/lib/python3.7/site-packages/airflow/example_dags/example_task_group_decorator.py took 0.476 seconds
[2023-06-19T12:38:07.456+0000] {processor.py:157} INFO - Started process (PID=91) to work on /home/airflow/.local/lib/python3.7/site-packages/airflow/example_dags/example_task_group_decorator.py
[2023-06-19T12:38:07.459+0000] {processor.py:826} INFO - Processing file /home/airflow/.local/lib/python3.7/site-packages/airflow/example_dags/example_task_group_decorator.py for tasks to queue
[2023-06-19T12:38:07.461+0000] {logging_mixin.py:149} INFO - [2023-06-19T12:38:07.460+0000] {dagbag.py:541} INFO - Filling up the DagBag from /home/airflow/.local/lib/python3.7/site-packages/airflow/example_dags/example_task_group_decorator.py
[2023-06-19T12:38:07.509+0000] {processor.py:836} INFO - DAG(s) dict_keys(['example_task_group_decorator']) retrieved from /home/airflow/.local/lib/python3.7/site-packages/airflow/example_dags/example_task_group_decorator.py
[2023-06-19T12:38:07.574+0000] {logging_mixin.py:149} INFO - [2023-06-19T12:38:07.574+0000] {dag.py:2726} INFO - Sync 1 DAGs
[2023-06-19T12:38:07.645+0000] {logging_mixin.py:149} INFO - [2023-06-19T12:38:07.645+0000] {dag.py:3490} INFO - Setting next_dagrun for example_task_group_decorator to 2023-06-18T12:38:07.643553+00:00, run_after=2023-06-19T12:38:07.643553+00:00
[2023-06-19T12:38:07.672+0000] {processor.py:179} INFO - Processing /home/airflow/.local/lib/python3.7/site-packages/airflow/example_dags/example_task_group_decorator.py took 0.222 seconds
[2023-06-19T12:38:38.128+0000] {processor.py:157} INFO - Started process (PID=148) to work on /home/airflow/.local/lib/python3.7/site-packages/airflow/example_dags/example_task_group_decorator.py
[2023-06-19T12:38:38.130+0000] {processor.py:826} INFO - Processing file /home/airflow/.local/lib/python3.7/site-packages/airflow/example_dags/example_task_group_decorator.py for tasks to queue
[2023-06-19T12:38:38.132+0000] {logging_mixin.py:149} INFO - [2023-06-19T12:38:38.132+0000] {dagbag.py:541} INFO - Filling up the DagBag from /home/airflow/.local/lib/python3.7/site-packages/airflow/example_dags/example_task_group_decorator.py
[2023-06-19T12:38:38.148+0000] {processor.py:836} INFO - DAG(s) dict_keys(['example_task_group_decorator']) retrieved from /home/airflow/.local/lib/python3.7/site-packages/airflow/example_dags/example_task_group_decorator.py
[2023-06-19T12:38:38.174+0000] {logging_mixin.py:149} INFO - [2023-06-19T12:38:38.174+0000] {dag.py:2726} INFO - Sync 1 DAGs
[2023-06-19T12:38:38.193+0000] {logging_mixin.py:149} INFO - [2023-06-19T12:38:38.193+0000] {dag.py:3490} INFO - Setting next_dagrun for example_task_group_decorator to 2023-06-18T12:38:38.193242+00:00, run_after=2023-06-19T12:38:38.193242+00:00
[2023-06-19T12:38:38.205+0000] {processor.py:179} INFO - Processing /home/airflow/.local/lib/python3.7/site-packages/airflow/example_dags/example_task_group_decorator.py took 0.083 seconds
[2023-06-19T12:39:08.497+0000] {processor.py:157} INFO - Started process (PID=204) to work on /home/airflow/.local/lib/python3.7/site-packages/airflow/example_dags/example_task_group_decorator.py
[2023-06-19T12:39:08.500+0000] {processor.py:826} INFO - Processing file /home/airflow/.local/lib/python3.7/site-packages/airflow/example_dags/example_task_group_decorator.py for tasks to queue
[2023-06-19T12:39:08.502+0000] {logging_mixin.py:149} INFO - [2023-06-19T12:39:08.502+0000] {dagbag.py:541} INFO - Filling up the DagBag from /home/airflow/.local/lib/python3.7/site-packages/airflow/example_dags/example_task_group_decorator.py
[2023-06-19T12:39:08.523+0000] {processor.py:836} INFO - DAG(s) dict_keys(['example_task_group_decorator']) retrieved from /home/airflow/.local/lib/python3.7/site-packages/airflow/example_dags/example_task_group_decorator.py
[2023-06-19T12:39:08.576+0000] {logging_mixin.py:149} INFO - [2023-06-19T12:39:08.576+0000] {dag.py:2726} INFO - Sync 1 DAGs
[2023-06-19T12:39:08.610+0000] {logging_mixin.py:149} INFO - [2023-06-19T12:39:08.610+0000] {dag.py:3490} INFO - Setting next_dagrun for example_task_group_decorator to 2023-06-18T12:39:08.610203+00:00, run_after=2023-06-19T12:39:08.610203+00:00
[2023-06-19T12:39:08.630+0000] {processor.py:179} INFO - Processing /home/airflow/.local/lib/python3.7/site-packages/airflow/example_dags/example_task_group_decorator.py took 0.140 seconds
[2023-06-19T12:39:39.083+0000] {processor.py:157} INFO - Started process (PID=261) to work on /home/airflow/.local/lib/python3.7/site-packages/airflow/example_dags/example_task_group_decorator.py
[2023-06-19T12:39:39.086+0000] {processor.py:826} INFO - Processing file /home/airflow/.local/lib/python3.7/site-packages/airflow/example_dags/example_task_group_decorator.py for tasks to queue
[2023-06-19T12:39:39.088+0000] {logging_mixin.py:149} INFO - [2023-06-19T12:39:39.088+0000] {dagbag.py:541} INFO - Filling up the DagBag from /home/airflow/.local/lib/python3.7/site-packages/airflow/example_dags/example_task_group_decorator.py
[2023-06-19T12:39:39.129+0000] {processor.py:836} INFO - DAG(s) dict_keys(['example_task_group_decorator']) retrieved from /home/airflow/.local/lib/python3.7/site-packages/airflow/example_dags/example_task_group_decorator.py
[2023-06-19T12:39:39.190+0000] {logging_mixin.py:149} INFO - [2023-06-19T12:39:39.190+0000] {dag.py:2726} INFO - Sync 1 DAGs
[2023-06-19T12:39:39.223+0000] {logging_mixin.py:149} INFO - [2023-06-19T12:39:39.223+0000] {dag.py:3490} INFO - Setting next_dagrun for example_task_group_decorator to 2023-06-18T12:39:39.222999+00:00, run_after=2023-06-19T12:39:39.222999+00:00
[2023-06-19T12:39:39.254+0000] {processor.py:179} INFO - Processing /home/airflow/.local/lib/python3.7/site-packages/airflow/example_dags/example_task_group_decorator.py took 0.178 seconds
