[2023-06-19T12:37:36.778+0000] {processor.py:157} INFO - Started process (PID=37) to work on /home/airflow/.local/lib/python3.7/site-packages/airflow/example_dags/tutorial.py
[2023-06-19T12:37:36.790+0000] {processor.py:826} INFO - Processing file /home/airflow/.local/lib/python3.7/site-packages/airflow/example_dags/tutorial.py for tasks to queue
[2023-06-19T12:37:36.791+0000] {logging_mixin.py:149} INFO - [2023-06-19T12:37:36.791+0000] {dagbag.py:541} INFO - Filling up the DagBag from /home/airflow/.local/lib/python3.7/site-packages/airflow/example_dags/tutorial.py
[2023-06-19T12:37:36.808+0000] {processor.py:836} INFO - DAG(s) dict_keys(['tutorial']) retrieved from /home/airflow/.local/lib/python3.7/site-packages/airflow/example_dags/tutorial.py
[2023-06-19T12:37:37.106+0000] {logging_mixin.py:149} INFO - [2023-06-19T12:37:37.105+0000] {manager.py:504} INFO - Created Permission View: can delete on DAG:tutorial
[2023-06-19T12:37:37.126+0000] {logging_mixin.py:149} INFO - [2023-06-19T12:37:37.125+0000] {manager.py:504} INFO - Created Permission View: can read on DAG:tutorial
[2023-06-19T12:37:37.137+0000] {logging_mixin.py:149} INFO - [2023-06-19T12:37:37.137+0000] {manager.py:504} INFO - Created Permission View: can edit on DAG:tutorial
[2023-06-19T12:37:37.160+0000] {logging_mixin.py:149} INFO - [2023-06-19T12:37:37.160+0000] {dag.py:2726} INFO - Sync 1 DAGs
[2023-06-19T12:37:37.174+0000] {logging_mixin.py:149} INFO - [2023-06-19T12:37:37.174+0000] {dag.py:2747} INFO - Creating ORM DAG for tutorial
[2023-06-19T12:37:37.206+0000] {logging_mixin.py:149} INFO - [2023-06-19T12:37:37.206+0000] {dag.py:3490} INFO - Setting next_dagrun for tutorial to 2023-06-18T12:37:37.205360+00:00, run_after=2023-06-19T12:37:37.205360+00:00
[2023-06-19T12:37:37.246+0000] {processor.py:179} INFO - Processing /home/airflow/.local/lib/python3.7/site-packages/airflow/example_dags/tutorial.py took 0.474 seconds
[2023-06-19T12:38:07.990+0000] {processor.py:157} INFO - Started process (PID=94) to work on /home/airflow/.local/lib/python3.7/site-packages/airflow/example_dags/tutorial.py
[2023-06-19T12:38:07.992+0000] {processor.py:826} INFO - Processing file /home/airflow/.local/lib/python3.7/site-packages/airflow/example_dags/tutorial.py for tasks to queue
[2023-06-19T12:38:07.993+0000] {logging_mixin.py:149} INFO - [2023-06-19T12:38:07.993+0000] {dagbag.py:541} INFO - Filling up the DagBag from /home/airflow/.local/lib/python3.7/site-packages/airflow/example_dags/tutorial.py
[2023-06-19T12:38:08.001+0000] {processor.py:836} INFO - DAG(s) dict_keys(['tutorial']) retrieved from /home/airflow/.local/lib/python3.7/site-packages/airflow/example_dags/tutorial.py
[2023-06-19T12:38:08.046+0000] {logging_mixin.py:149} INFO - [2023-06-19T12:38:08.046+0000] {dag.py:2726} INFO - Sync 1 DAGs
[2023-06-19T12:38:08.077+0000] {logging_mixin.py:149} INFO - [2023-06-19T12:38:08.077+0000] {dag.py:3490} INFO - Setting next_dagrun for tutorial to 2023-06-18T12:38:08.077096+00:00, run_after=2023-06-19T12:38:08.077096+00:00
[2023-06-19T12:38:08.103+0000] {processor.py:179} INFO - Processing /home/airflow/.local/lib/python3.7/site-packages/airflow/example_dags/tutorial.py took 0.119 seconds
[2023-06-19T12:38:38.450+0000] {processor.py:157} INFO - Started process (PID=152) to work on /home/airflow/.local/lib/python3.7/site-packages/airflow/example_dags/tutorial.py
[2023-06-19T12:38:38.452+0000] {processor.py:826} INFO - Processing file /home/airflow/.local/lib/python3.7/site-packages/airflow/example_dags/tutorial.py for tasks to queue
[2023-06-19T12:38:38.452+0000] {logging_mixin.py:149} INFO - [2023-06-19T12:38:38.452+0000] {dagbag.py:541} INFO - Filling up the DagBag from /home/airflow/.local/lib/python3.7/site-packages/airflow/example_dags/tutorial.py
[2023-06-19T12:38:38.462+0000] {processor.py:836} INFO - DAG(s) dict_keys(['tutorial']) retrieved from /home/airflow/.local/lib/python3.7/site-packages/airflow/example_dags/tutorial.py
[2023-06-19T12:38:38.487+0000] {logging_mixin.py:149} INFO - [2023-06-19T12:38:38.487+0000] {dag.py:2726} INFO - Sync 1 DAGs
[2023-06-19T12:38:38.509+0000] {logging_mixin.py:149} INFO - [2023-06-19T12:38:38.509+0000] {dag.py:3490} INFO - Setting next_dagrun for tutorial to 2023-06-18T12:38:38.509219+00:00, run_after=2023-06-19T12:38:38.509219+00:00
[2023-06-19T12:38:38.526+0000] {processor.py:179} INFO - Processing /home/airflow/.local/lib/python3.7/site-packages/airflow/example_dags/tutorial.py took 0.078 seconds
[2023-06-19T12:39:08.896+0000] {processor.py:157} INFO - Started process (PID=208) to work on /home/airflow/.local/lib/python3.7/site-packages/airflow/example_dags/tutorial.py
[2023-06-19T12:39:08.898+0000] {processor.py:826} INFO - Processing file /home/airflow/.local/lib/python3.7/site-packages/airflow/example_dags/tutorial.py for tasks to queue
[2023-06-19T12:39:08.898+0000] {logging_mixin.py:149} INFO - [2023-06-19T12:39:08.898+0000] {dagbag.py:541} INFO - Filling up the DagBag from /home/airflow/.local/lib/python3.7/site-packages/airflow/example_dags/tutorial.py
[2023-06-19T12:39:08.905+0000] {processor.py:836} INFO - DAG(s) dict_keys(['tutorial']) retrieved from /home/airflow/.local/lib/python3.7/site-packages/airflow/example_dags/tutorial.py
[2023-06-19T12:39:08.927+0000] {logging_mixin.py:149} INFO - [2023-06-19T12:39:08.927+0000] {dag.py:2726} INFO - Sync 1 DAGs
[2023-06-19T12:39:08.948+0000] {logging_mixin.py:149} INFO - [2023-06-19T12:39:08.948+0000] {dag.py:3490} INFO - Setting next_dagrun for tutorial to 2023-06-18T12:39:08.947664+00:00, run_after=2023-06-19T12:39:08.947664+00:00
[2023-06-19T12:39:08.960+0000] {processor.py:179} INFO - Processing /home/airflow/.local/lib/python3.7/site-packages/airflow/example_dags/tutorial.py took 0.066 seconds
[2023-06-19T12:39:39.477+0000] {processor.py:157} INFO - Started process (PID=264) to work on /home/airflow/.local/lib/python3.7/site-packages/airflow/example_dags/tutorial.py
[2023-06-19T12:39:39.478+0000] {processor.py:826} INFO - Processing file /home/airflow/.local/lib/python3.7/site-packages/airflow/example_dags/tutorial.py for tasks to queue
[2023-06-19T12:39:39.479+0000] {logging_mixin.py:149} INFO - [2023-06-19T12:39:39.479+0000] {dagbag.py:541} INFO - Filling up the DagBag from /home/airflow/.local/lib/python3.7/site-packages/airflow/example_dags/tutorial.py
[2023-06-19T12:39:39.486+0000] {processor.py:836} INFO - DAG(s) dict_keys(['tutorial']) retrieved from /home/airflow/.local/lib/python3.7/site-packages/airflow/example_dags/tutorial.py
[2023-06-19T12:39:39.515+0000] {logging_mixin.py:149} INFO - [2023-06-19T12:39:39.515+0000] {dag.py:2726} INFO - Sync 1 DAGs
[2023-06-19T12:39:39.561+0000] {logging_mixin.py:149} INFO - [2023-06-19T12:39:39.561+0000] {dag.py:3490} INFO - Setting next_dagrun for tutorial to 2023-06-18T12:39:39.561139+00:00, run_after=2023-06-19T12:39:39.561139+00:00
[2023-06-19T12:39:39.579+0000] {processor.py:179} INFO - Processing /home/airflow/.local/lib/python3.7/site-packages/airflow/example_dags/tutorial.py took 0.106 seconds
