[2023-06-19T12:37:58.741+0000] {processor.py:157} INFO - Started process (PID=76) to work on /home/airflow/.local/lib/python3.7/site-packages/airflow/example_dags/tutorial_dag.py
[2023-06-19T12:37:58.744+0000] {processor.py:826} INFO - Processing file /home/airflow/.local/lib/python3.7/site-packages/airflow/example_dags/tutorial_dag.py for tasks to queue
[2023-06-19T12:37:58.746+0000] {logging_mixin.py:149} INFO - [2023-06-19T12:37:58.746+0000] {dagbag.py:541} INFO - Filling up the DagBag from /home/airflow/.local/lib/python3.7/site-packages/airflow/example_dags/tutorial_dag.py
[2023-06-19T12:37:58.766+0000] {processor.py:836} INFO - DAG(s) dict_keys(['tutorial_dag']) retrieved from /home/airflow/.local/lib/python3.7/site-packages/airflow/example_dags/tutorial_dag.py
[2023-06-19T12:37:59.224+0000] {logging_mixin.py:149} INFO - [2023-06-19T12:37:59.223+0000] {manager.py:504} INFO - Created Permission View: can delete on DAG:tutorial_dag
[2023-06-19T12:37:59.283+0000] {logging_mixin.py:149} INFO - [2023-06-19T12:37:59.282+0000] {manager.py:504} INFO - Created Permission View: can read on DAG:tutorial_dag
[2023-06-19T12:37:59.291+0000] {logging_mixin.py:149} INFO - [2023-06-19T12:37:59.291+0000] {manager.py:504} INFO - Created Permission View: can edit on DAG:tutorial_dag
[2023-06-19T12:37:59.484+0000] {logging_mixin.py:149} INFO - [2023-06-19T12:37:59.482+0000] {dag.py:2726} INFO - Sync 1 DAGs
[2023-06-19T12:37:59.754+0000] {logging_mixin.py:149} INFO - [2023-06-19T12:37:59.752+0000] {dag.py:2747} INFO - Creating ORM DAG for tutorial_dag
[2023-06-19T12:37:59.832+0000] {logging_mixin.py:149} INFO - [2023-06-19T12:37:59.831+0000] {dag.py:3490} INFO - Setting next_dagrun for tutorial_dag to None, run_after=None
[2023-06-19T12:37:59.946+0000] {processor.py:179} INFO - Processing /home/airflow/.local/lib/python3.7/site-packages/airflow/example_dags/tutorial_dag.py took 1.238 seconds
[2023-06-19T12:38:30.844+0000] {processor.py:157} INFO - Started process (PID=133) to work on /home/airflow/.local/lib/python3.7/site-packages/airflow/example_dags/tutorial_dag.py
[2023-06-19T12:38:30.847+0000] {processor.py:826} INFO - Processing file /home/airflow/.local/lib/python3.7/site-packages/airflow/example_dags/tutorial_dag.py for tasks to queue
[2023-06-19T12:38:30.848+0000] {logging_mixin.py:149} INFO - [2023-06-19T12:38:30.848+0000] {dagbag.py:541} INFO - Filling up the DagBag from /home/airflow/.local/lib/python3.7/site-packages/airflow/example_dags/tutorial_dag.py
[2023-06-19T12:38:30.858+0000] {processor.py:836} INFO - DAG(s) dict_keys(['tutorial_dag']) retrieved from /home/airflow/.local/lib/python3.7/site-packages/airflow/example_dags/tutorial_dag.py
[2023-06-19T12:38:30.891+0000] {logging_mixin.py:149} INFO - [2023-06-19T12:38:30.890+0000] {dag.py:2726} INFO - Sync 1 DAGs
[2023-06-19T12:38:30.923+0000] {logging_mixin.py:149} INFO - [2023-06-19T12:38:30.923+0000] {dag.py:3490} INFO - Setting next_dagrun for tutorial_dag to None, run_after=None
[2023-06-19T12:38:30.946+0000] {processor.py:179} INFO - Processing /home/airflow/.local/lib/python3.7/site-packages/airflow/example_dags/tutorial_dag.py took 0.114 seconds
[2023-06-19T12:39:01.495+0000] {processor.py:157} INFO - Started process (PID=189) to work on /home/airflow/.local/lib/python3.7/site-packages/airflow/example_dags/tutorial_dag.py
[2023-06-19T12:39:01.498+0000] {processor.py:826} INFO - Processing file /home/airflow/.local/lib/python3.7/site-packages/airflow/example_dags/tutorial_dag.py for tasks to queue
[2023-06-19T12:39:01.500+0000] {logging_mixin.py:149} INFO - [2023-06-19T12:39:01.500+0000] {dagbag.py:541} INFO - Filling up the DagBag from /home/airflow/.local/lib/python3.7/site-packages/airflow/example_dags/tutorial_dag.py
[2023-06-19T12:39:01.507+0000] {processor.py:836} INFO - DAG(s) dict_keys(['tutorial_dag']) retrieved from /home/airflow/.local/lib/python3.7/site-packages/airflow/example_dags/tutorial_dag.py
[2023-06-19T12:39:01.533+0000] {logging_mixin.py:149} INFO - [2023-06-19T12:39:01.532+0000] {dag.py:2726} INFO - Sync 1 DAGs
[2023-06-19T12:39:01.549+0000] {logging_mixin.py:149} INFO - [2023-06-19T12:39:01.549+0000] {dag.py:3490} INFO - Setting next_dagrun for tutorial_dag to None, run_after=None
[2023-06-19T12:39:01.566+0000] {processor.py:179} INFO - Processing /home/airflow/.local/lib/python3.7/site-packages/airflow/example_dags/tutorial_dag.py took 0.081 seconds
[2023-06-19T12:39:31.704+0000] {processor.py:157} INFO - Started process (PID=246) to work on /home/airflow/.local/lib/python3.7/site-packages/airflow/example_dags/tutorial_dag.py
[2023-06-19T12:39:31.707+0000] {processor.py:826} INFO - Processing file /home/airflow/.local/lib/python3.7/site-packages/airflow/example_dags/tutorial_dag.py for tasks to queue
[2023-06-19T12:39:31.709+0000] {logging_mixin.py:149} INFO - [2023-06-19T12:39:31.709+0000] {dagbag.py:541} INFO - Filling up the DagBag from /home/airflow/.local/lib/python3.7/site-packages/airflow/example_dags/tutorial_dag.py
[2023-06-19T12:39:31.719+0000] {processor.py:836} INFO - DAG(s) dict_keys(['tutorial_dag']) retrieved from /home/airflow/.local/lib/python3.7/site-packages/airflow/example_dags/tutorial_dag.py
[2023-06-19T12:39:31.746+0000] {logging_mixin.py:149} INFO - [2023-06-19T12:39:31.746+0000] {dag.py:2726} INFO - Sync 1 DAGs
[2023-06-19T12:39:31.764+0000] {logging_mixin.py:149} INFO - [2023-06-19T12:39:31.764+0000] {dag.py:3490} INFO - Setting next_dagrun for tutorial_dag to None, run_after=None
[2023-06-19T12:39:31.777+0000] {processor.py:179} INFO - Processing /home/airflow/.local/lib/python3.7/site-packages/airflow/example_dags/tutorial_dag.py took 0.083 seconds
[2023-06-19T12:40:02.023+0000] {processor.py:157} INFO - Started process (PID=303) to work on /home/airflow/.local/lib/python3.7/site-packages/airflow/example_dags/tutorial_dag.py
[2023-06-19T12:40:02.027+0000] {processor.py:826} INFO - Processing file /home/airflow/.local/lib/python3.7/site-packages/airflow/example_dags/tutorial_dag.py for tasks to queue
[2023-06-19T12:40:02.028+0000] {logging_mixin.py:149} INFO - [2023-06-19T12:40:02.028+0000] {dagbag.py:541} INFO - Filling up the DagBag from /home/airflow/.local/lib/python3.7/site-packages/airflow/example_dags/tutorial_dag.py
[2023-06-19T12:40:02.038+0000] {processor.py:836} INFO - DAG(s) dict_keys(['tutorial_dag']) retrieved from /home/airflow/.local/lib/python3.7/site-packages/airflow/example_dags/tutorial_dag.py
[2023-06-19T12:40:02.070+0000] {logging_mixin.py:149} INFO - [2023-06-19T12:40:02.070+0000] {dag.py:2726} INFO - Sync 1 DAGs
[2023-06-19T12:40:02.090+0000] {logging_mixin.py:149} INFO - [2023-06-19T12:40:02.090+0000] {dag.py:3490} INFO - Setting next_dagrun for tutorial_dag to None, run_after=None
[2023-06-19T12:40:02.105+0000] {processor.py:179} INFO - Processing /home/airflow/.local/lib/python3.7/site-packages/airflow/example_dags/tutorial_dag.py took 0.088 seconds
